#
# A fatal error has been detected by the Java Runtime Environment:
#
#  SIGBUS (0xa) at pc=0x0000000109e214f0, pid=74837, tid=29707
#
# JRE version: Java(TM) SE Runtime Environment (18.0+36) (build 18+36-2087)
# Java VM: Java HotSpot(TM) 64-Bit Server VM (18+36-2087, mixed mode, sharing, tiered, compressed oops, compressed class ptrs, g1 gc, bsd-aarch64)
# Problematic frame:
# v  ~StubRoutines::SafeFetchN
#
# No core dump will be written. Core dumps have been disabled. To enable core dumping, try "ulimit -c unlimited" before starting Java again
#
# If you would like to submit a bug report, please visit:
#   https://bugreport.java.com/bugreport/crash.jsp
# The crash happened outside the Java Virtual Machine in native code.
# See problematic frame for where to report the bug.
#

---------------  S U M M A R Y ------------

Command Line: -javaagent:/Applications/IntelliJ IDEA.app/Contents/lib/idea_rt.jar=62014:/Applications/IntelliJ IDEA.app/Contents/bin -Dfile.encoding=UTF-8 --module-path=/Users/rugazza/.m2/repository/org/openjfx/javafx-controls/18-ea+2/javafx-controls-18-ea+2-mac-aarch64.jar:/Users/rugazza/.m2/repository/org/openjfx/javafx-graphics/18-ea+2/javafx-graphics-18-ea+2-mac-aarch64.jar:/Users/rugazza/.m2/repository/org/openjfx/javafx-base/18-ea+2/javafx-base-18-ea+2-mac-aarch64.jar:/Users/rugazza/IdeaProjects/ITC313_JavaFX/target/classes:/Users/rugazza/.m2/repository/org/openjfx/javafx-fxml/18-ea+2/javafx-fxml-18-ea+2-mac-aarch64.jar -Djdk.module.main=com.example.itc313_javafx com.example.itc313_javafx/chapter14.NodeStyleRotateDemo

Host: "MacBookPro18,1" arm64, 10 cores, 16G, Darwin 21.6.0, macOS 12.5 (21G72)
Time: Fri Sep  9 15:16:34 2022 AWST elapsed time: 14.729556 seconds (0d 0h 0m 14s)

---------------  T H R E A D  ---------------

Current thread (0x000000014c0c0c00):  JavaThread "InvokeLaterDispatcher" daemon [_thread_in_native, id=29707, stack(0x0000000172520000,0x0000000172723000)]

Stack: [0x0000000172520000,0x0000000172723000],  sp=0x00000001727227d0,  free space=2057k
Native frames: (J=compiled Java code, j=interpreted, Vv=VM code, C=native code)
v  ~StubRoutines::SafeFetchN
V  [libjvm.dylib+0x7cb6e0]  _ZN10OopStorage7releaseEPKP7oopDesc+0x20
V  [libjvm.dylib+0x4f4a18]  jni_DeleteGlobalRef+0xc0
C  [libglass.dylib+0xa9c0]  -[GlassRunnable dealloc]+0x34
C  [Foundation+0x852e8]  -[_NSThreadPerformInfo dealloc]+0x30
C  [Foundation+0x5187c]  -[NSObject(NSThreadPerformAdditions) performSelectorOnMainThread:withObject:waitUntilDone:]+0x88
C  0xce2a800109e298ac
j  com.sun.glass.ui.mac.MacApplication.submitForLaterInvocation(Ljava/lang/Runnable;)V+2 javafx.graphics
j  com.sun.glass.ui.InvokeLaterDispatcher.run()V+82 javafx.graphics
v  ~StubRoutines::call_stub
V  [libjvm.dylib+0x49bf94]  _ZN9JavaCalls11call_helperEP9JavaValueRK12methodHandleP17JavaCallArgumentsP10JavaThread+0x38c
V  [libjvm.dylib+0x49afb0]  _ZN9JavaCalls12call_virtualEP9JavaValueP5KlassP6SymbolS5_P17JavaCallArgumentsP10JavaThread+0x11c
V  [libjvm.dylib+0x49b07c]  _ZN9JavaCalls12call_virtualEP9JavaValue6HandleP5KlassP6SymbolS6_P10JavaThread+0x64
V  [libjvm.dylib+0x54d228]  _ZL12thread_entryP10JavaThreadS0_+0x9c
V  [libjvm.dylib+0x916074]  _ZN10JavaThread17thread_main_innerEv+0xa0
V  [libjvm.dylib+0x914ad4]  _ZN6Thread8call_runEv+0xe0
V  [libjvm.dylib+0x7d1ec4]  _ZL19thread_native_entryP6Thread+0x158
C  [libsystem_pthread.dylib+0x726c]  _pthread_start+0x94

Java frames: (J=compiled Java code, j=interpreted, Vv=VM code)
j  com.sun.glass.ui.mac.MacApplication._submitForLaterInvocation(Ljava/lang/Runnable;)V+0 javafx.graphics
j  com.sun.glass.ui.mac.MacApplication.submitForLaterInvocation(Ljava/lang/Runnable;)V+2 javafx.graphics
j  com.sun.glass.ui.InvokeLaterDispatcher.run()V+82 javafx.graphics
v  ~StubRoutines::call_stub

siginfo: si_signo: 10 (SIGBUS), si_code: 1 (BUS_ADRALN), si_addr: 0x0000000109e214f0

Register to memory mapping:

 x0=0x000000014af05108 points into unknown readable memory: 0x0000000000000000 | 00 00 00 00 00 00 00 00
 x1=0x0 is NULL
 x2=0x000000070f075898 is an oop: com.sun.glass.ui.InvokeLaterDispatcher$Future 
{0x000000070f075898} - klass: 'com/sun/glass/ui/InvokeLaterDispatcher$Future'
 - ---- fields (total size 3 words):
 - private 'done' 'Z' @12  true
 - private final 'runnable' 'Ljava/lang/Runnable;' @16  a 'com/sun/javafx/application/PlatformImpl$$Lambda$89+0x0000000800c82f70'{0x000000070e4b5310} (e1c96a62)
 - final synthetic 'this$0' 'Lcom/sun/glass/ui/InvokeLaterDispatcher;' @20  a 'com/sun/glass/ui/InvokeLaterDispatcher'{0x000000070e800170} (e1d0002e)
 x3=0x0 is NULL
 x4=0x00000000000130a8 is an unknown value
 x5=0x0 is NULL
 x6=0x0 is NULL
 x7=0x0 is NULL
 x8=0x0000000109e214ec is at begin+0 in a stub
StubRoutines::SafeFetchN [0x0000000109e214ec, 0x0000000109e214f8] (12 bytes)
 x9=0x0 is NULL
x10=0x2010000030300000 is an unknown value
x11=0x0000000000000007 is an unknown value
x12=0x0000000000000003 is an unknown value
x13=0x00006000010dfc20 points into unknown readable memory: 0x700900019b0cd7f4 | f4 d7 0c 9b 01 00 09 70
x14=0x0000160000000000 is an unknown value
x15=0x00000001015b5fa0: OBJC_CLASS_$_GlassRunnable+0 in /Users/rugazza/.openjfx/cache/18-ea/libglass.dylib at 0x0000000101570000
x16=0x000000019a12b0fc: pthread_getspecific+0 in /usr/lib/system/libsystem_pthread.dylib at 0x000000019a129000
x17=0x00006000015d04d0 points into unknown readable memory: 0xfffffffffffffffe | fe ff ff ff ff ff ff ff
x18=0x0 is NULL
x19=0x00006000015f8690 points into unknown readable memory: 0x0000600003cfd3a0 | a0 d3 cf 03 00 60 00 00
x20=0x000000014af04f00 points into unknown readable memory: 0x0000600002bb0005 | 05 00 bb 02 00 60 00 00
x21=0x000000014af05108 points into unknown readable memory: 0x0000000000000000 | 00 00 00 00 00 00 00 00
x22=0x000000014c0c0c00 is a thread
x23=0x0000000000000001 is an unknown value
x24=0x000000014af050c0 is a global jni handle
x25=0x00000001021d6c98: _ZN12StubRoutines17_safefetchN_entryE+0 in /Library/Java/JavaVirtualMachines/jdk-18.jdk/Contents/Home/lib/server/libjvm.dylib at 0x0000000101610000
x26=0x0000000124520000 is pointing into metadata
x27=0x0 is NULL
x28=0x000000014c0c0c00 is a thread


Registers:
 x0=0x000000014af05108  x1=0x0000000000000000  x2=0x000000070f075898  x3=0x0000000000000000
 x4=0x00000000000130a8  x5=0x0000000000000000  x6=0x0000000000000000  x7=0x0000000000000000
 x8=0x0000000109e214ec  x9=0x0000000000000000 x10=0x2010000030300000 x11=0x0000000000000007
x12=0x0000000000000003 x13=0x00006000010dfc20 x14=0x0000160000000000 x15=0x00000001015b5fa0
x16=0x000000019a12b0fc x17=0x00006000015d04d0 x18=0x0000000000000000 x19=0x00006000015f8690
x20=0x000000014af04f00 x21=0x000000014af05108 x22=0x000000014c0c0c00 x23=0x0000000000000001
x24=0x000000014af050c0 x25=0x00000001021d6c98 x26=0x0000000124520000 x27=0x0000000000000000
x28=0x000000014c0c0c00  fp=0x0000000172722810  lr=0x0000000101dda4d4  sp=0x00000001727227d0
pc=0x0000000109e214f0 cpsr=0x0000000060001000
Top of Stack: (sp=0x00000001727227d0)
0x00000001727227d0:   0000000124520000 0000000000000001
0x00000001727227e0:   00000001727229c8 0000600003c3c2b0
0x00000001727227f0:   0000000000000000 000000014af050c8
0x0000000172722800:   000000014af050c8 00006000015f8690
0x0000000172722810:   0000000172722850 0000000101ddb6e0
0x0000000172722820:   0000000000000001 000000014af050c8
0x0000000172722830:   0000000000000000 000000014af050c8
0x0000000172722840:   0000000000000001 000000013b092a00
0x0000000172722850:   0000000172722880 0000000101b04a18
0x0000000172722860:   0000600003c3c2e0 00000001e446b8f7
0x0000000172722870:   0000000000000000 0000600003c3c2e0
0x0000000172722880:   00000001727228b0 000000010157a9c0
0x0000000172722890:   f25d14e6ac8200a3 0000000000000000
0x00000001727228a0:   0000000000000000 0000600002b4c7c0
0x00000001727228b0:   00000001727228f0 000000019b1012e8
0x00000001727228c0:   00000001727229c8 0000600003c3c2b0
0x00000001727228d0:   0000600003c3c2e0 f25d14e6ac8200a3
0x00000001727228e0:   0000000000000000 0000000000000000
0x00000001727228f0:   0000000172722930 a97080019b0cd87c
0x0000000172722900:   00000001727229c8 0000000109e287c0
0x0000000172722910:   0000000000000000 00000001021de750
0x0000000172722920:   0000000172722940 0000000109e27730
0x0000000172722930:   00000001727229a0 ce2a800109e298ac
0x0000000172722940:   0000000172722940 00000008007d0225
0x0000000172722950:   0000000172722950 0000000000000000
0x0000000172722960:   00000001727229c8 0000000124520000
0x0000000172722970:   000000070e842ae8 0000000000000000
0x0000000172722980:   0000000000000000 00000001244fb838
0x0000000172722990:   0000000000000000 00000001727229a0
0x00000001727229a0:   0000000172722a20 0000000109e25fc8
0x00000001727229b0:   0000000000000000 0000000000000000
0x00000001727229c0:   000000070f075898 000000070e842b60 

Instructions: (pc=0x0000000109e214f0)
0x0000000109e213f0:   f2a04349 f2c00029 6d425935 1e640886
0x0000000109e21400:   0c402d31 1e6408c7 1f5654d0 1e6c1017
0x0000000109e21410:   1f5050d0 1f504cd0 1f5048d0 1e650af6
0x0000000109e21420:   1f50d8f6 1f5694d6 1f5158f6 1e762880
0x0000000109e21430:   36000501 1e614000 14000026 2e251ca5
0x0000000109e21440:   d2863009 f2a04349 f2c00029 6d425d36
0x0000000109e21450:   1e600806 0c402d32 1f5758c7 1e6c101a
0x0000000109e21460:   1f4754c7 1e650805 1f4750c7 d2866668
0x0000000109e21470:   f2a7fa68 1f474cc7 1e6608c0 1f4748c7
0x0000000109e21480:   1e6e1019 eb08007f 540000ac 1f479400
0x0000000109e21490:   1f460340 1e603b20 1400000e d2a7fd29
0x0000000109e214a0:   eb09007f 540000ac 51480069 d3607d29
0x0000000109e214b0:   9e670121 14000002 1e6a5001 1f679417
0x0000000109e214c0:   1f668742 1e613b23 1e773857 1e773860
0x0000000109e214d0:   a8c17ff3 910003bf a8c17bfd d65f03c0
0x0000000109e214e0:   b9400001 aa0103e0 d65f03c0 f9400001
0x0000000109e214f0:   aa0103e0 d65f03c0 00000000 00000000
0x0000000109e21500:   00000000 00000000 00000000 00000000
0x0000000109e21510:   00000000 00000000 00000000 00000000
0x0000000109e21520:   00000000 00000000 00000000 00000000
0x0000000109e21530:   00000000 00000000 00000000 00000000
0x0000000109e21540:   00000000 00000000 00000000 00000000
0x0000000109e21550:   00000000 00000000 00000000 00000000
0x0000000109e21560:   00000000 00000000 00000000 00000000
0x0000000109e21570:   00000000 00000000 00000000 00000000
0x0000000109e21580:   00000000 00000000 00000000 00000000
0x0000000109e21590:   00000000 00000000 00000000 00000000
0x0000000109e215a0:   00000000 00000000 00000000 00000000
0x0000000109e215b0:   00000000 00000000 00000000 00000000
0x0000000109e215c0:   00000000 00000000 00000000 00000000
0x0000000109e215d0:   00000000 00000000 00000000 00000000
0x0000000109e215e0:   00000000 00000000 00000000 00000000 


Stack slot to memory mapping:
stack at sp + 0 slots: 0x0000000124520000 is pointing into metadata
stack at sp + 1 slots: 0x0000000000000001 is an unknown value
stack at sp + 2 slots: 0x00000001727229c8 is pointing into the stack for thread: 0x000000014c0c0c00
stack at sp + 3 slots: 0x0000600003c3c2b0 points into unknown readable memory: 0x01000001f2b8a031 | 31 a0 b8 f2 01 00 00 01
stack at sp + 4 slots: 0x0 is NULL
stack at sp + 5 slots: 0x000000014af050c8 is a global jni handle
stack at sp + 6 slots: 0x000000014af050c8 is a global jni handle
stack at sp + 7 slots: 0x00006000015f8690 points into unknown readable memory: 0x0000600003cfd3a0 | a0 d3 cf 03 00 60 00 00

StubRoutines::SafeFetchN [0x0000000109e214ec, 0x0000000109e214f8] (12 bytes)
[MachCode]
  0x0000000109e214ec: 0100 40f9 | e003 01aa | c003 5fd6 
[/MachCode]

---------------  P R O C E S S  ---------------

Threads class SMR info:
_java_thread_list=0x0000600003e3cf40, length=20, elements={
0x000000014d00d400, 0x000000013c008200, 0x000000013c00aa00, 0x000000014b809000,
0x000000014b819400, 0x000000014b819a00, 0x000000014b81a000, 0x000000014b81cc00,
0x000000014b81d200, 0x000000013c00c000, 0x000000014c00ca00, 0x000000014c009200,
0x000000012a008200, 0x000000014c0c0c00, 0x000000013b092a00, 0x000000014b0d7c00,
0x000000014c1d6200, 0x000000014d219c00, 0x000000014c0ef000, 0x000000012f009200
}

Java Threads: ( => current thread )
  0x000000014d00d400 JavaThread "main" [_thread_blocked, id=6147, stack(0x000000016fb18000,0x000000016fd1b000)]
  0x000000013c008200 JavaThread "Reference Handler" daemon [_thread_blocked, id=15363, stack(0x000000017096c000,0x0000000170b6f000)]
  0x000000013c00aa00 JavaThread "Finalizer" daemon [_thread_blocked, id=16387, stack(0x0000000170b78000,0x0000000170d7b000)]
  0x000000014b809000 JavaThread "Signal Dispatcher" daemon [_thread_blocked, id=23043, stack(0x0000000170e9c000,0x000000017109f000)]
  0x000000014b819400 JavaThread "Service Thread" daemon [_thread_blocked, id=42243, stack(0x00000001710a8000,0x00000001712ab000)]
  0x000000014b819a00 JavaThread "Monitor Deflation Thread" daemon [_thread_blocked, id=23555, stack(0x00000001712b4000,0x00000001714b7000)]
  0x000000014b81a000 JavaThread "C2 CompilerThread0" daemon [_thread_blocked, id=41987, stack(0x00000001714c0000,0x00000001716c3000)]
  0x000000014b81cc00 JavaThread "C1 CompilerThread0" daemon [_thread_blocked, id=24323, stack(0x00000001716cc000,0x00000001718cf000)]
  0x000000014b81d200 JavaThread "Sweeper thread" daemon [_thread_blocked, id=24579, stack(0x00000001718d8000,0x0000000171adb000)]
  0x000000013c00c000 JavaThread "Common-Cleaner" daemon [_thread_blocked, id=41219, stack(0x0000000171ae4000,0x0000000171ce7000)]
  0x000000014c00ca00 JavaThread "Monitor Ctrl-Break" daemon [_thread_in_native, id=24835, stack(0x0000000171cf0000,0x0000000171ef3000)]
  0x000000014c009200 JavaThread "Notification Thread" daemon [_thread_blocked, id=25091, stack(0x0000000171efc000,0x00000001720ff000)]
  0x000000012a008200 JavaThread "QuantumRenderer-0" daemon [_thread_blocked, id=40451, stack(0x0000000172314000,0x0000000172517000)]
=>0x000000014c0c0c00 JavaThread "InvokeLaterDispatcher" daemon [_thread_in_native, id=29707, stack(0x0000000172520000,0x0000000172723000)]
  0x000000013b092a00 JavaThread "JavaFX Application Thread" [_thread_in_native, id=259, stack(0x000000016f290000,0x000000016fa8c000)]
  0x000000014b0d7c00 JavaThread "JavaFX-Launcher" [_thread_blocked, id=74243, stack(0x0000000172a50000,0x0000000172c53000)]
  0x000000014c1d6200 JavaThread "Prism Font Disposer" daemon [_thread_blocked, id=57867, stack(0x0000000290004000,0x0000000290207000)]
  0x000000014d219c00 JavaThread "Cleaner-0" daemon [_thread_blocked, id=65799, stack(0x0000000290210000,0x0000000290413000)]
  0x000000014c0ef000 JavaThread "Attach Listener" daemon [_thread_blocked, id=1343, stack(0x000000029041c000,0x000000029061f000)]
  0x000000012f009200 JavaThread "PulseTimer-CVDisplayLink thread" daemon [_thread_in_native, id=64979, stack(0x000000017272c000,0x00000001727af000)]

Other Threads:
  0x000000013ae19dd0 VMThread "VM Thread" [stack: 0x0000000170760000,0x0000000170963000] [id=17411]
  0x000000014c808260 WatcherThread "VM Periodic Task Thread" [stack: 0x0000000172108000,0x000000017230b000] [id=25603]
  0x000000013ae07230 WorkerThread "GC Thread#0" [stack: 0x000000016fd24000,0x000000016ff27000] [id=20227]
  0x000000013ae30020 WorkerThread "GC Thread#1" [stack: 0x0000000172c5c000,0x0000000172e5f000] [id=54275]
  0x000000013ae30490 WorkerThread "GC Thread#2" [stack: 0x0000000172e68000,0x000000017306b000] [id=54787]
  0x000000013ae30900 WorkerThread "GC Thread#3" [stack: 0x0000000173074000,0x0000000173277000] [id=73731]
  0x000000014af1c160 WorkerThread "GC Thread#4" [stack: 0x0000000173280000,0x0000000173483000] [id=73475]
  0x000000012af06ef0 WorkerThread "GC Thread#5" [stack: 0x000000017348c000,0x000000017368f000] [id=73219]
  0x000000013ae078d0 ConcurrentGCThread "G1 Main Marker" [stack: 0x000000016ff30000,0x0000000170133000] [id=19715]
  0x000000013ae08140 WorkerThread "G1 Conc#0" [stack: 0x000000017013c000,0x000000017033f000] [id=12803]
  0x000000013ae15260 ConcurrentGCThread "G1 Refine#0" [stack: 0x0000000170348000,0x000000017054b000] [id=18435]
  0x000000013ae15ae0 ConcurrentGCThread "G1 Service" [stack: 0x0000000170554000,0x0000000170757000] [id=17923]

Threads with active compile tasks:

VM state: not at safepoint (normal execution)

VM Mutex/Monitor currently owned by a thread: None

Heap address: 0x0000000700000000, size: 4096 MB, Compressed Oops mode: Zero based, Oop shift amount: 3

CDS archive(s) mapped at: [0x0000000800000000-0x0000000800ba8000-0x0000000800ba8000), size 12222464, SharedBaseAddress: 0x0000000800000000, ArchiveRelocationMode: 0.
Compressed class space mapped at: 0x0000000800c00000-0x0000000840c00000, reserved size: 1073741824
Narrow klass base: 0x0000000800000000, Narrow klass shift: 0, Narrow klass range: 0x100000000

GC Precious Log:
 CardTable entry size: 512
 Card Set container configuration: InlinePtr #cards 4 size 8 Array Of Cards #cards 16 size 48 Howl #buckets 8 coarsen threshold 3686 Howl Bitmap #cards 512 size 80 coarsen threshold 460 Card regions per heap region 1 cards per card region 4096
 CPUs: 10 total, 10 available
 Memory: 16384M
 Large Page Support: Disabled
 NUMA Support: Disabled
 Compressed Oops: Enabled (Zero based)
 Heap Region Size: 2M
 Heap Min Capacity: 8M
 Heap Initial Capacity: 256M
 Heap Max Capacity: 4G
 Pre-touch: Disabled
 Parallel Workers: 9
 Concurrent Workers: 2
 Concurrent Refinement Workers: 9
 Periodic GC: Disabled

Heap:
 garbage-first heap   total 266240K, used 27400K [0x0000000700000000, 0x0000000800000000)
  region size 2048K, 14 young (28672K), 2 survivors (4096K)
 Metaspace       used 11844K, committed 12096K, reserved 1114112K
  class space    used 1565K, committed 1728K, reserved 1048576K

Heap Regions: E=young(eden), S=young(survivor), O=old, HS=humongous(starts), HC=humongous(continues), CS=collection set, F=free, OA=open archive, CA=closed archive, TAMS=top-at-mark-start (previous, next)
|   0|0x0000000700000000, 0x0000000700200000, 0x0000000700200000|100%|HS|  |TAMS 0x0000000700000000, 0x0000000700000000| Complete 
|   1|0x0000000700200000, 0x0000000700200000, 0x0000000700400000|  0%| F|  |TAMS 0x0000000700200000, 0x0000000700200000| Untracked 
|   2|0x0000000700400000, 0x0000000700400000, 0x0000000700600000|  0%| F|  |TAMS 0x0000000700400000, 0x0000000700400000| Untracked 
|   3|0x0000000700600000, 0x0000000700600000, 0x0000000700800000|  0%| F|  |TAMS 0x0000000700600000, 0x0000000700600000| Untracked 
|   4|0x0000000700800000, 0x0000000700800000, 0x0000000700a00000|  0%| F|  |TAMS 0x0000000700800000, 0x0000000700800000| Untracked 
|   5|0x0000000700a00000, 0x0000000700a00000, 0x0000000700c00000|  0%| F|  |TAMS 0x0000000700a00000, 0x0000000700a00000| Untracked 
|   6|0x0000000700c00000, 0x0000000700c00000, 0x0000000700e00000|  0%| F|  |TAMS 0x0000000700c00000, 0x0000000700c00000| Untracked 
|   7|0x0000000700e00000, 0x0000000700e00000, 0x0000000701000000|  0%| F|  |TAMS 0x0000000700e00000, 0x0000000700e00000| Untracked 
|   8|0x0000000701000000, 0x0000000701000000, 0x0000000701200000|  0%| F|  |TAMS 0x0000000701000000, 0x0000000701000000| Untracked 
|   9|0x0000000701200000, 0x0000000701200000, 0x0000000701400000|  0%| F|  |TAMS 0x0000000701200000, 0x0000000701200000| Untracked 
|  10|0x0000000701400000, 0x0000000701400000, 0x0000000701600000|  0%| F|  |TAMS 0x0000000701400000, 0x0000000701400000| Untracked 
|  11|0x0000000701600000, 0x0000000701600000, 0x0000000701800000|  0%| F|  |TAMS 0x0000000701600000, 0x0000000701600000| Untracked 
|  12|0x0000000701800000, 0x0000000701800000, 0x0000000701a00000|  0%| F|  |TAMS 0x0000000701800000, 0x0000000701800000| Untracked 
|  13|0x0000000701a00000, 0x0000000701a00000, 0x0000000701c00000|  0%| F|  |TAMS 0x0000000701a00000, 0x0000000701a00000| Untracked 
|  14|0x0000000701c00000, 0x0000000701c00000, 0x0000000701e00000|  0%| F|  |TAMS 0x0000000701c00000, 0x0000000701c00000| Untracked 
|  15|0x0000000701e00000, 0x0000000701e00000, 0x0000000702000000|  0%| F|  |TAMS 0x0000000701e00000, 0x0000000701e00000| Untracked 
|  16|0x0000000702000000, 0x0000000702000000, 0x0000000702200000|  0%| F|  |TAMS 0x0000000702000000, 0x0000000702000000| Untracked 
|  17|0x0000000702200000, 0x0000000702200000, 0x0000000702400000|  0%| F|  |TAMS 0x0000000702200000, 0x0000000702200000| Untracked 
|  18|0x0000000702400000, 0x0000000702400000, 0x0000000702600000|  0%| F|  |TAMS 0x0000000702400000, 0x0000000702400000| Untracked 
|  19|0x0000000702600000, 0x0000000702600000, 0x0000000702800000|  0%| F|  |TAMS 0x0000000702600000, 0x0000000702600000| Untracked 
|  20|0x0000000702800000, 0x0000000702800000, 0x0000000702a00000|  0%| F|  |TAMS 0x0000000702800000, 0x0000000702800000| Untracked 
|  21|0x0000000702a00000, 0x0000000702a00000, 0x0000000702c00000|  0%| F|  |TAMS 0x0000000702a00000, 0x0000000702a00000| Untracked 
|  22|0x0000000702c00000, 0x0000000702c00000, 0x0000000702e00000|  0%| F|  |TAMS 0x0000000702c00000, 0x0000000702c00000| Untracked 
|  23|0x0000000702e00000, 0x0000000702e00000, 0x0000000703000000|  0%| F|  |TAMS 0x0000000702e00000, 0x0000000702e00000| Untracked 
|  24|0x0000000703000000, 0x0000000703000000, 0x0000000703200000|  0%| F|  |TAMS 0x0000000703000000, 0x0000000703000000| Untracked 
|  25|0x0000000703200000, 0x0000000703200000, 0x0000000703400000|  0%| F|  |TAMS 0x0000000703200000, 0x0000000703200000| Untracked 
|  26|0x0000000703400000, 0x0000000703400000, 0x0000000703600000|  0%| F|  |TAMS 0x0000000703400000, 0x0000000703400000| Untracked 
|  27|0x0000000703600000, 0x0000000703600000, 0x0000000703800000|  0%| F|  |TAMS 0x0000000703600000, 0x0000000703600000| Untracked 
|  28|0x0000000703800000, 0x0000000703800000, 0x0000000703a00000|  0%| F|  |TAMS 0x0000000703800000, 0x0000000703800000| Untracked 
|  29|0x0000000703a00000, 0x0000000703a00000, 0x0000000703c00000|  0%| F|  |TAMS 0x0000000703a00000, 0x0000000703a00000| Untracked 
|  30|0x0000000703c00000, 0x0000000703c00000, 0x0000000703e00000|  0%| F|  |TAMS 0x0000000703c00000, 0x0000000703c00000| Untracked 
|  31|0x0000000703e00000, 0x0000000703e00000, 0x0000000704000000|  0%| F|  |TAMS 0x0000000703e00000, 0x0000000703e00000| Untracked 
|  32|0x0000000704000000, 0x0000000704000000, 0x0000000704200000|  0%| F|  |TAMS 0x0000000704000000, 0x0000000704000000| Untracked 
|  33|0x0000000704200000, 0x0000000704200000, 0x0000000704400000|  0%| F|  |TAMS 0x0000000704200000, 0x0000000704200000| Untracked 
|  34|0x0000000704400000, 0x0000000704400000, 0x0000000704600000|  0%| F|  |TAMS 0x0000000704400000, 0x0000000704400000| Untracked 
|  35|0x0000000704600000, 0x0000000704600000, 0x0000000704800000|  0%| F|  |TAMS 0x0000000704600000, 0x0000000704600000| Untracked 
|  36|0x0000000704800000, 0x0000000704800000, 0x0000000704a00000|  0%| F|  |TAMS 0x0000000704800000, 0x0000000704800000| Untracked 
|  37|0x0000000704a00000, 0x0000000704a00000, 0x0000000704c00000|  0%| F|  |TAMS 0x0000000704a00000, 0x0000000704a00000| Untracked 
|  38|0x0000000704c00000, 0x0000000704c00000, 0x0000000704e00000|  0%| F|  |TAMS 0x0000000704c00000, 0x0000000704c00000| Untracked 
|  39|0x0000000704e00000, 0x0000000704e00000, 0x0000000705000000|  0%| F|  |TAMS 0x0000000704e00000, 0x0000000704e00000| Untracked 
|  40|0x0000000705000000, 0x0000000705000000, 0x0000000705200000|  0%| F|  |TAMS 0x0000000705000000, 0x0000000705000000| Untracked 
|  41|0x0000000705200000, 0x0000000705200000, 0x0000000705400000|  0%| F|  |TAMS 0x0000000705200000, 0x0000000705200000| Untracked 
|  42|0x0000000705400000, 0x0000000705400000, 0x0000000705600000|  0%| F|  |TAMS 0x0000000705400000, 0x0000000705400000| Untracked 
|  43|0x0000000705600000, 0x0000000705600000, 0x0000000705800000|  0%| F|  |TAMS 0x0000000705600000, 0x0000000705600000| Untracked 
|  44|0x0000000705800000, 0x0000000705800000, 0x0000000705a00000|  0%| F|  |TAMS 0x0000000705800000, 0x0000000705800000| Untracked 
|  45|0x0000000705a00000, 0x0000000705a00000, 0x0000000705c00000|  0%| F|  |TAMS 0x0000000705a00000, 0x0000000705a00000| Untracked 
|  46|0x0000000705c00000, 0x0000000705c00000, 0x0000000705e00000|  0%| F|  |TAMS 0x0000000705c00000, 0x0000000705c00000| Untracked 
|  47|0x0000000705e00000, 0x0000000705e00000, 0x0000000706000000|  0%| F|  |TAMS 0x0000000705e00000, 0x0000000705e00000| Untracked 
|  48|0x0000000706000000, 0x0000000706000000, 0x0000000706200000|  0%| F|  |TAMS 0x0000000706000000, 0x0000000706000000| Untracked 
|  49|0x0000000706200000, 0x0000000706200000, 0x0000000706400000|  0%| F|  |TAMS 0x0000000706200000, 0x0000000706200000| Untracked 
|  50|0x0000000706400000, 0x0000000706400000, 0x0000000706600000|  0%| F|  |TAMS 0x0000000706400000, 0x0000000706400000| Untracked 
|  51|0x0000000706600000, 0x0000000706600000, 0x0000000706800000|  0%| F|  |TAMS 0x0000000706600000, 0x0000000706600000| Untracked 
|  52|0x0000000706800000, 0x0000000706800000, 0x0000000706a00000|  0%| F|  |TAMS 0x0000000706800000, 0x0000000706800000| Untracked 
|  53|0x0000000706a00000, 0x0000000706a00000, 0x0000000706c00000|  0%| F|  |TAMS 0x0000000706a00000, 0x0000000706a00000| Untracked 
|  54|0x0000000706c00000, 0x0000000706c00000, 0x0000000706e00000|  0%| F|  |TAMS 0x0000000706c00000, 0x0000000706c00000| Untracked 
|  55|0x0000000706e00000, 0x0000000706e00000, 0x0000000707000000|  0%| F|  |TAMS 0x0000000706e00000, 0x0000000706e00000| Untracked 
|  56|0x0000000707000000, 0x0000000707000000, 0x0000000707200000|  0%| F|  |TAMS 0x0000000707000000, 0x0000000707000000| Untracked 
|  57|0x0000000707200000, 0x0000000707200000, 0x0000000707400000|  0%| F|  |TAMS 0x0000000707200000, 0x0000000707200000| Untracked 
|  58|0x0000000707400000, 0x0000000707400000, 0x0000000707600000|  0%| F|  |TAMS 0x0000000707400000, 0x0000000707400000| Untracked 
|  59|0x0000000707600000, 0x0000000707600000, 0x0000000707800000|  0%| F|  |TAMS 0x0000000707600000, 0x0000000707600000| Untracked 
|  60|0x0000000707800000, 0x0000000707800000, 0x0000000707a00000|  0%| F|  |TAMS 0x0000000707800000, 0x0000000707800000| Untracked 
|  61|0x0000000707a00000, 0x0000000707a00000, 0x0000000707c00000|  0%| F|  |TAMS 0x0000000707a00000, 0x0000000707a00000| Untracked 
|  62|0x0000000707c00000, 0x0000000707c00000, 0x0000000707e00000|  0%| F|  |TAMS 0x0000000707c00000, 0x0000000707c00000| Untracked 
|  63|0x0000000707e00000, 0x0000000707e00000, 0x0000000708000000|  0%| F|  |TAMS 0x0000000707e00000, 0x0000000707e00000| Untracked 
|  64|0x0000000708000000, 0x0000000708000000, 0x0000000708200000|  0%| F|  |TAMS 0x0000000708000000, 0x0000000708000000| Untracked 
|  65|0x0000000708200000, 0x0000000708200000, 0x0000000708400000|  0%| F|  |TAMS 0x0000000708200000, 0x0000000708200000| Untracked 
|  66|0x0000000708400000, 0x0000000708400000, 0x0000000708600000|  0%| F|  |TAMS 0x0000000708400000, 0x0000000708400000| Untracked 
|  67|0x0000000708600000, 0x0000000708600000, 0x0000000708800000|  0%| F|  |TAMS 0x0000000708600000, 0x0000000708600000| Untracked 
|  68|0x0000000708800000, 0x0000000708800000, 0x0000000708a00000|  0%| F|  |TAMS 0x0000000708800000, 0x0000000708800000| Untracked 
|  69|0x0000000708a00000, 0x0000000708a00000, 0x0000000708c00000|  0%| F|  |TAMS 0x0000000708a00000, 0x0000000708a00000| Untracked 
|  70|0x0000000708c00000, 0x0000000708c00000, 0x0000000708e00000|  0%| F|  |TAMS 0x0000000708c00000, 0x0000000708c00000| Untracked 
|  71|0x0000000708e00000, 0x0000000708e00000, 0x0000000709000000|  0%| F|  |TAMS 0x0000000708e00000, 0x0000000708e00000| Untracked 
|  72|0x0000000709000000, 0x0000000709000000, 0x0000000709200000|  0%| F|  |TAMS 0x0000000709000000, 0x0000000709000000| Untracked 
|  73|0x0000000709200000, 0x0000000709200000, 0x0000000709400000|  0%| F|  |TAMS 0x0000000709200000, 0x0000000709200000| Untracked 
|  74|0x0000000709400000, 0x0000000709400000, 0x0000000709600000|  0%| F|  |TAMS 0x0000000709400000, 0x0000000709400000| Untracked 
|  75|0x0000000709600000, 0x0000000709600000, 0x0000000709800000|  0%| F|  |TAMS 0x0000000709600000, 0x0000000709600000| Untracked 
|  76|0x0000000709800000, 0x0000000709800000, 0x0000000709a00000|  0%| F|  |TAMS 0x0000000709800000, 0x0000000709800000| Untracked 
|  77|0x0000000709a00000, 0x0000000709a00000, 0x0000000709c00000|  0%| F|  |TAMS 0x0000000709a00000, 0x0000000709a00000| Untracked 
|  78|0x0000000709c00000, 0x0000000709c00000, 0x0000000709e00000|  0%| F|  |TAMS 0x0000000709c00000, 0x0000000709c00000| Untracked 
|  79|0x0000000709e00000, 0x0000000709e00000, 0x000000070a000000|  0%| F|  |TAMS 0x0000000709e00000, 0x0000000709e00000| Untracked 
|  80|0x000000070a000000, 0x000000070a000000, 0x000000070a200000|  0%| F|  |TAMS 0x000000070a000000, 0x000000070a000000| Untracked 
|  81|0x000000070a200000, 0x000000070a200000, 0x000000070a400000|  0%| F|  |TAMS 0x000000070a200000, 0x000000070a200000| Untracked 
|  82|0x000000070a400000, 0x000000070a400000, 0x000000070a600000|  0%| F|  |TAMS 0x000000070a400000, 0x000000070a400000| Untracked 
|  83|0x000000070a600000, 0x000000070a600000, 0x000000070a800000|  0%| F|  |TAMS 0x000000070a600000, 0x000000070a600000| Untracked 
|  84|0x000000070a800000, 0x000000070a800000, 0x000000070aa00000|  0%| F|  |TAMS 0x000000070a800000, 0x000000070a800000| Untracked 
|  85|0x000000070aa00000, 0x000000070aa00000, 0x000000070ac00000|  0%| F|  |TAMS 0x000000070aa00000, 0x000000070aa00000| Untracked 
|  86|0x000000070ac00000, 0x000000070ac00000, 0x000000070ae00000|  0%| F|  |TAMS 0x000000070ac00000, 0x000000070ac00000| Untracked 
|  87|0x000000070ae00000, 0x000000070ae00000, 0x000000070b000000|  0%| F|  |TAMS 0x000000070ae00000, 0x000000070ae00000| Untracked 
|  88|0x000000070b000000, 0x000000070b000000, 0x000000070b200000|  0%| F|  |TAMS 0x000000070b000000, 0x000000070b000000| Untracked 
|  89|0x000000070b200000, 0x000000070b200000, 0x000000070b400000|  0%| F|  |TAMS 0x000000070b200000, 0x000000070b200000| Untracked 
|  90|0x000000070b400000, 0x000000070b400000, 0x000000070b600000|  0%| F|  |TAMS 0x000000070b400000, 0x000000070b400000| Untracked 
|  91|0x000000070b600000, 0x000000070b600000, 0x000000070b800000|  0%| F|  |TAMS 0x000000070b600000, 0x000000070b600000| Untracked 
|  92|0x000000070b800000, 0x000000070b800000, 0x000000070ba00000|  0%| F|  |TAMS 0x000000070b800000, 0x000000070b800000| Untracked 
|  93|0x000000070ba00000, 0x000000070ba00000, 0x000000070bc00000|  0%| F|  |TAMS 0x000000070ba00000, 0x000000070ba00000| Untracked 
|  94|0x000000070bc00000, 0x000000070bc00000, 0x000000070be00000|  0%| F|  |TAMS 0x000000070bc00000, 0x000000070bc00000| Untracked 
|  95|0x000000070be00000, 0x000000070be00000, 0x000000070c000000|  0%| F|  |TAMS 0x000000070be00000, 0x000000070be00000| Untracked 
|  96|0x000000070c000000, 0x000000070c000000, 0x000000070c200000|  0%| F|  |TAMS 0x000000070c000000, 0x000000070c000000| Untracked 
|  97|0x000000070c200000, 0x000000070c200000, 0x000000070c400000|  0%| F|  |TAMS 0x000000070c200000, 0x000000070c200000| Untracked 
|  98|0x000000070c400000, 0x000000070c400000, 0x000000070c600000|  0%| F|  |TAMS 0x000000070c400000, 0x000000070c400000| Untracked 
|  99|0x000000070c600000, 0x000000070c600000, 0x000000070c800000|  0%| F|  |TAMS 0x000000070c600000, 0x000000070c600000| Untracked 
| 100|0x000000070c800000, 0x000000070c800000, 0x000000070ca00000|  0%| F|  |TAMS 0x000000070c800000, 0x000000070c800000| Untracked 
| 101|0x000000070ca00000, 0x000000070ca00000, 0x000000070cc00000|  0%| F|  |TAMS 0x000000070ca00000, 0x000000070ca00000| Untracked 
| 102|0x000000070cc00000, 0x000000070cc00000, 0x000000070ce00000|  0%| F|  |TAMS 0x000000070cc00000, 0x000000070cc00000| Untracked 
| 103|0x000000070ce00000, 0x000000070ce00000, 0x000000070d000000|  0%| F|  |TAMS 0x000000070ce00000, 0x000000070ce00000| Untracked 
| 104|0x000000070d000000, 0x000000070d000000, 0x000000070d200000|  0%| F|  |TAMS 0x000000070d000000, 0x000000070d000000| Untracked 
| 105|0x000000070d200000, 0x000000070d200000, 0x000000070d400000|  0%| F|  |TAMS 0x000000070d200000, 0x000000070d200000| Untracked 
| 106|0x000000070d400000, 0x000000070d400000, 0x000000070d600000|  0%| F|  |TAMS 0x000000070d400000, 0x000000070d400000| Untracked 
| 107|0x000000070d600000, 0x000000070d600000, 0x000000070d800000|  0%| F|  |TAMS 0x000000070d600000, 0x000000070d600000| Untracked 
| 108|0x000000070d800000, 0x000000070d800000, 0x000000070da00000|  0%| F|  |TAMS 0x000000070d800000, 0x000000070d800000| Untracked 
| 109|0x000000070da00000, 0x000000070da00000, 0x000000070dc00000|  0%| F|  |TAMS 0x000000070da00000, 0x000000070da00000| Untracked 
| 110|0x000000070dc00000, 0x000000070dc00000, 0x000000070de00000|  0%| F|  |TAMS 0x000000070dc00000, 0x000000070dc00000| Untracked 
| 111|0x000000070de00000, 0x000000070de00000, 0x000000070e000000|  0%| F|  |TAMS 0x000000070de00000, 0x000000070de00000| Untracked 
| 112|0x000000070e000000, 0x000000070e000000, 0x000000070e200000|  0%| F|  |TAMS 0x000000070e000000, 0x000000070e000000| Untracked 
| 113|0x000000070e200000, 0x000000070e200000, 0x000000070e400000|  0%| F|  |TAMS 0x000000070e200000, 0x000000070e200000| Untracked 
| 114|0x000000070e400000, 0x000000070e571d10, 0x000000070e600000| 72%| E|  |TAMS 0x000000070e400000, 0x000000070e400000| Complete 
| 115|0x000000070e600000, 0x000000070e6da030, 0x000000070e800000| 42%| S|CS|TAMS 0x000000070e600000, 0x000000070e600000| Complete 
| 116|0x000000070e800000, 0x000000070ea00000, 0x000000070ea00000|100%| S|CS|TAMS 0x000000070e800000, 0x000000070e800000| Complete 
| 117|0x000000070ea00000, 0x000000070ec00000, 0x000000070ec00000|100%| E|CS|TAMS 0x000000070ea00000, 0x000000070ea00000| Complete 
| 118|0x000000070ec00000, 0x000000070ee00000, 0x000000070ee00000|100%| E|CS|TAMS 0x000000070ec00000, 0x000000070ec00000| Complete 
| 119|0x000000070ee00000, 0x000000070f000000, 0x000000070f000000|100%| E|CS|TAMS 0x000000070ee00000, 0x000000070ee00000| Complete 
| 120|0x000000070f000000, 0x000000070f200000, 0x000000070f200000|100%| E|CS|TAMS 0x000000070f000000, 0x000000070f000000| Complete 
| 121|0x000000070f200000, 0x000000070f400000, 0x000000070f400000|100%| E|  |TAMS 0x000000070f200000, 0x000000070f200000| Complete 
| 122|0x000000070f400000, 0x000000070f600000, 0x000000070f600000|100%| E|CS|TAMS 0x000000070f400000, 0x000000070f400000| Complete 
| 123|0x000000070f600000, 0x000000070f800000, 0x000000070f800000|100%| E|CS|TAMS 0x000000070f600000, 0x000000070f600000| Complete 
| 124|0x000000070f800000, 0x000000070fa00000, 0x000000070fa00000|100%| E|CS|TAMS 0x000000070f800000, 0x000000070f800000| Complete 
| 125|0x000000070fa00000, 0x000000070fc00000, 0x000000070fc00000|100%| E|CS|TAMS 0x000000070fa00000, 0x000000070fa00000| Complete 
| 126|0x000000070fc00000, 0x000000070fe00000, 0x000000070fe00000|100%| E|CS|TAMS 0x000000070fc00000, 0x000000070fc00000| Complete 
| 127|0x000000070fe00000, 0x0000000710000000, 0x0000000710000000|100%| E|CS|TAMS 0x000000070fe00000, 0x000000070fe00000| Complete 
|2046|0x00000007ffc00000, 0x00000007ffd74000, 0x00000007ffe00000| 72%|OA|  |TAMS 0x00000007ffc00000, 0x00000007ffc00000| Untracked 
|2047|0x00000007ffe00000, 0x00000007ffe74000, 0x0000000800000000| 22%|CA|  |TAMS 0x00000007ffe00000, 0x00000007ffe00000| Untracked 

Card table byte_map: [0x0000000118e20000,0x0000000119620000] _byte_map_base: 0x0000000115620000

Marking Bits (Prev, Next): (CMBitMap*) 0x000000014d013410, (CMBitMap*) 0x000000014d013450
 Prev Bits: [0x0000000119e20000, 0x000000011de20000)
 Next Bits: [0x000000011de20000, 0x0000000121e20000)

Polling page: 0x00000001004f8000

Metaspace:

Usage:
  Non-class:     10.04 MB used.
      Class:      1.53 MB used.
       Both:     11.57 MB used.

Virtual space:
  Non-class space:       64.00 MB reserved,      10.12 MB ( 16%) committed,  1 nodes.
      Class space:        1.00 GB reserved,       1.69 MB ( <1%) committed,  1 nodes.
             Both:        1.06 GB reserved,      11.81 MB (  1%) committed. 

Chunk freelists:
   Non-Class:  1.12 MB
       Class:  2.23 MB
        Both:  3.36 MB

MaxMetaspaceSize: unlimited
CompressedClassSpaceSize: 1.00 GB
Initial GC threshold: 21.00 MB
Current GC threshold: 21.00 MB
CDS: on
MetaspaceReclaimPolicy: balanced
 - commit_granule_bytes: 65536.
 - commit_granule_words: 8192.
 - virtual_space_node_default_size: 8388608.
 - enlarge_chunks_in_place: 1.
 - new_chunks_are_fully_committed: 0.
 - uncommit_free_chunks: 1.
 - use_allocation_guard: 0.


Internal statistics:

num_allocs_failed_limit: 0.
num_arena_births: 206.
num_arena_deaths: 0.
num_vsnodes_births: 2.
num_vsnodes_deaths: 0.
num_space_committed: 189.
num_space_uncommitted: 0.
num_chunks_returned_to_freelist: 0.
num_chunks_taken_from_freelist: 567.
num_chunk_merges: 0.
num_chunk_splits: 401.
num_chunks_enlarged: 312.
num_inconsistent_stats: 0.

CodeHeap 'non-profiled nmethods': size=120032Kb used=702Kb max_used=702Kb free=119329Kb
 bounds [0x00000001118e8000, 0x0000000111b58000, 0x0000000118e20000]
CodeHeap 'profiled nmethods': size=120016Kb used=3474Kb max_used=3474Kb free=116541Kb
 bounds [0x000000010a3b4000, 0x000000010a724000, 0x00000001118e8000]
CodeHeap 'non-nmethods': size=5712Kb used=1373Kb max_used=1431Kb free=4338Kb
 bounds [0x0000000109e20000, 0x000000010a090000, 0x000000010a3b4000]
 total_blobs=2505 nmethods=1758 adapters=664
 compilation: enabled
              stopped_count=0, restarted_count=0
 full_count=0

Compilation events (20 events):
Event: 13.612 Thread 0x000000014b81cc00 1783       3       com.sun.javafx.scene.input.PickResultChooser::processOffer (146 bytes)
Event: 13.613 Thread 0x000000014b81cc00 nmethod 1783 0x000000010a70f210 code [0x000000010a70f4c0, 0x000000010a710238]
Event: 13.613 Thread 0x000000014b81cc00 1784       3       javafx.scene.input.PickResult::<init> (50 bytes)
Event: 13.614 Thread 0x000000014b81cc00 nmethod 1784 0x000000010a710690 code [0x000000010a710880, 0x000000010a710ba8]
Event: 13.621 Thread 0x000000014b81cc00 1785       3       com.sun.glass.ui.mac.MacView::notifyMouse (100 bytes)
Event: 13.621 Thread 0x000000014b81cc00 nmethod 1785 0x000000010a710c90 code [0x000000010a710ec0, 0x000000010a711488]
Event: 13.621 Thread 0x000000014b81cc00 1786       3       com.sun.glass.ui.View::notifyMouse (221 bytes)
Event: 13.623 Thread 0x000000014b81cc00 nmethod 1786 0x000000010a711790 code [0x000000010a711b80, 0x000000010a713048]
Event: 13.629 Thread 0x000000014b81cc00 1787       3       javafx.scene.Node::getCursor (21 bytes)
Event: 13.629 Thread 0x000000014b81cc00 nmethod 1787 0x000000010a713790 code [0x000000010a713940, 0x000000010a713b58]
Event: 13.725 Thread 0x000000014b81a000 1788       4       javafx.scene.input.MouseEvent::getEventType (5 bytes)
Event: 13.726 Thread 0x000000014b81a000 nmethod 1788 0x0000000111994b90 code [0x0000000111994d00, 0x0000000111994da0]
Event: 13.749 Thread 0x000000014b81cc00 1789       3       javafx.scene.Parent::pickChildrenNode (53 bytes)
Event: 13.750 Thread 0x000000014b81cc00 nmethod 1789 0x000000010a713c10 code [0x000000010a713e40, 0x000000010a714468]
Event: 14.243 Thread 0x000000014b81cc00 1790       3       java.lang.Math::toRadians (6 bytes)
Event: 14.243 Thread 0x000000014b81cc00 nmethod 1790 0x000000010a714690 code [0x000000010a714880, 0x000000010a7149a8]
Event: 14.614 Thread 0x000000014b81cc00 1791       3       javafx.scene.Scene::getEffectiveCamera (80 bytes)
Event: 14.616 Thread 0x000000014b81cc00 nmethod 1791 0x000000010a714a10 code [0x000000010a714e40, 0x000000010a716788]
Event: 14.724 Thread 0x000000014b81cc00 1792       1       java.util.Collections$EmptyIterator::hasNext (2 bytes)
Event: 14.724 Thread 0x000000014b81cc00 nmethod 1792 0x0000000111994e90 code [0x0000000111995000, 0x00000001119950e8]

GC Heap History (2 events):
Event: 0.353 GC heap before
{Heap before GC invocations=0 (full 0):
 garbage-first heap   total 266240K, used 24480K [0x0000000700000000, 0x0000000800000000)
  region size 2048K, 11 young (22528K), 0 survivors (0K)
 Metaspace       used 6508K, committed 6656K, reserved 1114112K
  class space    used 802K, committed 896K, reserved 1048576K
}
Event: 0.355 GC heap after
{Heap after GC invocations=1 (full 0):
 garbage-first heap   total 266240K, used 4872K [0x0000000700000000, 0x0000000800000000)
  region size 2048K, 2 young (4096K), 2 survivors (4096K)
 Metaspace       used 6508K, committed 6656K, reserved 1114112K
  class space    used 802K, committed 896K, reserved 1048576K
}

Deoptimization events (20 events):
Event: 1.145 Thread 0x000000014c0ef000 Uncommon trap: trap_request=0xffffff45 fr.pc=0x000000011194bb98 relative=0x0000000000000d18
Event: 1.145 Thread 0x000000014c0ef000 Uncommon trap: reason=unstable_if action=reinterpret pc=0x000000011194bb98 method=java.util.concurrent.ConcurrentHashMap.putVal(Ljava/lang/Object;Ljava/lang/Object;Z)Ljava/lang/Object; @ 148 c2
Event: 1.145 Thread 0x000000014c0ef000 DEOPT PACKING pc=0x000000011194bb98 sp=0x000000029061d6b0
Event: 1.145 Thread 0x000000014c0ef000 DEOPT UNPACKING pc=0x0000000109e5ed1c sp=0x000000029061d5d0 mode 2
Event: 1.147 Thread 0x000000014c0ef000 Uncommon trap: trap_request=0xffffff45 fr.pc=0x00000001118f58c4 relative=0x0000000000000104
Event: 1.147 Thread 0x000000014c0ef000 Uncommon trap: reason=unstable_if action=reinterpret pc=0x00000001118f58c4 method=java.lang.StringLatin1.lastIndexOf([BI[BII)I @ 86 c2
Event: 1.147 Thread 0x000000014c0ef000 DEOPT PACKING pc=0x00000001118f58c4 sp=0x000000029061d740
Event: 1.147 Thread 0x000000014c0ef000 DEOPT UNPACKING pc=0x0000000109e5ed1c sp=0x000000029061d6a0 mode 2
Event: 1.151 Thread 0x000000014c0ef000 DEOPT PACKING pc=0x000000010a63eca4 sp=0x000000029061dd00
Event: 1.151 Thread 0x000000014c0ef000 DEOPT UNPACKING pc=0x0000000109e5eb7c sp=0x000000029061da90 mode 3
Event: 3.354 Thread 0x000000012a008200 DEOPT PACKING pc=0x000000010a64da5c sp=0x00000001725154f0
Event: 3.354 Thread 0x000000012a008200 DEOPT UNPACKING pc=0x0000000109e5eb7c sp=0x0000000172515150 mode 0
Event: 3.355 Thread 0x000000012a008200 DEOPT PACKING pc=0x000000010a64da5c sp=0x00000001725154f0
Event: 3.355 Thread 0x000000012a008200 DEOPT UNPACKING pc=0x0000000109e5eb7c sp=0x0000000172515150 mode 0
Event: 3.356 Thread 0x000000012a008200 DEOPT PACKING pc=0x000000010a64da5c sp=0x00000001725154f0
Event: 3.356 Thread 0x000000012a008200 DEOPT UNPACKING pc=0x0000000109e5eb7c sp=0x0000000172515150 mode 0
Event: 8.117 Thread 0x000000012a008200 DEOPT PACKING pc=0x000000010a651264 sp=0x0000000172515790
Event: 8.117 Thread 0x000000012a008200 DEOPT UNPACKING pc=0x0000000109e5eb7c sp=0x0000000172515450 mode 0
Event: 9.934 Thread 0x000000012a008200 DEOPT PACKING pc=0x000000010a6b82b0 sp=0x0000000172515710
Event: 9.934 Thread 0x000000012a008200 DEOPT UNPACKING pc=0x0000000109e5eb7c sp=0x0000000172515310 mode 0

Classes loaded (20 events):
Event: 1.148 Loading class java/time/zone/TzdbZoneRulesProvider
Event: 1.148 Loading class java/time/zone/TzdbZoneRulesProvider done
Event: 1.149 Loading class java/time/zone/Ser
Event: 1.149 Loading class java/io/Externalizable
Event: 1.149 Loading class java/io/Externalizable done
Event: 1.149 Loading class java/time/zone/Ser done
Event: 1.149 Loading class java/time/zone/ZoneOffsetTransition
Event: 1.149 Loading class java/time/zone/ZoneOffsetTransition done
Event: 1.150 Loading class sun/util/cldr/CLDRBaseLocaleDataMetaInfo$TZCanonicalIDMapHolder
Event: 1.150 Loading class sun/util/cldr/CLDRBaseLocaleDataMetaInfo$TZCanonicalIDMapHolder done
Event: 1.150 Loading class sun/util/resources/TimeZoneNames
Event: 1.151 Loading class sun/util/resources/TimeZoneNames done
Event: 1.151 Loading class sun/util/resources/TimeZoneNames_en
Event: 1.151 Loading class sun/util/resources/TimeZoneNames_en done
Event: 1.611 Loading class java/util/EnumMap$Values
Event: 1.611 Loading class java/util/EnumMap$Values done
Event: 1.611 Loading class java/util/EnumMap$ValueIterator
Event: 1.611 Loading class java/util/EnumMap$EnumMapIterator
Event: 1.611 Loading class java/util/EnumMap$EnumMapIterator done
Event: 1.611 Loading class java/util/EnumMap$ValueIterator done

Classes unloaded (0 events):
No events

Classes redefined (0 events):
No events

Internal exceptions (20 events):
Event: 0.175 Thread 0x000000014d00d400 Exception <a 'java/lang/NoSuchMethodError'{0x000000070f63b9d0}: 'int java.lang.invoke.DirectMethodHandle$Holder.invokeStaticInit(java.lang.Object, java.lang.Object, java.lang.Object)'> (0x000000070f63b9d0) 
thrown [open/src/hotspot/share/interpreter/linkResolver.cpp, line 766]
Event: 0.289 Thread 0x000000013b092a00 Exception <a 'java/lang/NoSuchMethodError'{0x000000070f00f148}: 'void java.lang.invoke.DirectMethodHandle$Holder.invokeStaticInit(java.lang.Object)'> (0x000000070f00f148) 
thrown [open/src/hotspot/share/interpreter/linkResolver.cpp, line 766]
Event: 0.290 Thread 0x000000014d00d400 Exception <a 'java/lang/NoSuchMethodError'{0x000000070f4875e8}: 'java.lang.Object java.lang.invoke.DirectMethodHandle$Holder.newInvokeSpecial(java.lang.Object, java.lang.Object, java.lang.Object, java.lang.Object, java.lang.Object, java.lang.Object)'> (0x000000070f4875e8) 
thrown [open/src/hotspot/share/interpreter/linkResolver.cpp, line 766]
Event: 0.302 Thread 0x000000014d00d400 Exception <a 'java/lang/NoSuchMethodError'{0x000000070f1b1aa0}: 'java.lang.Object java.lang.invoke.DirectMethodHandle$Holder.newInvokeSpecial(java.lang.Object, java.lang.Object, java.lang.Object, java.lang.Object, java.lang.Object)'> (0x000000070f1b1aa0) 
thrown [open/src/hotspot/share/interpreter/linkResolver.cpp, line 766]
Event: 0.320 Thread 0x000000013b092a00 Exception <a 'java/lang/NoSuchMethodError'{0x000000070ec63c68}: 'java.lang.Object java.lang.invoke.DirectMethodHandle$Holder.invokeStaticInit(java.lang.Object, java.lang.Object, java.lang.Object, java.lang.Object)'> (0x000000070ec63c68) 
thrown [open/src/hotspot/share/interpreter/linkResolver.cpp, line 766]
Event: 0.321 Thread 0x000000013b092a00 Exception <a 'java/lang/NullPointerException'{0x000000070ec6f988}> (0x000000070ec6f988) 
thrown [open/src/hotspot/share/interpreter/linkResolver.cpp, line 1357]
Event: 0.372 Thread 0x000000013b092a00 Exception <a 'java/lang/NoSuchMethodError'{0x000000070fd4b700}: 'void java.lang.invoke.DirectMethodHandle$Holder.invokeStaticInit(java.lang.Object, java.lang.Object)'> (0x000000070fd4b700) 
thrown [open/src/hotspot/share/interpreter/linkResolver.cpp, line 766]
Event: 0.383 Thread 0x000000013b092a00 Exception <a 'sun/nio/fs/UnixException'{0x000000070fb4a928}> (0x000000070fb4a928) 
thrown [open/src/hotspot/share/prims/jni.cpp, line 516]
Event: 0.389 Thread 0x000000013b092a00 Implicit null exception at 0x0000000111927df8 to 0x0000000111927e88
Event: 0.436 Thread 0x000000013b092a00 Implicit null exception at 0x000000011192fdd4 to 0x000000011192ffd0
Event: 0.437 Thread 0x000000013b092a00 Implicit null exception at 0x000000011192d794 to 0x000000011192d9b4
Event: 0.523 Thread 0x000000013b092a00 Exception <a 'java/lang/NoSuchMethodError'{0x000000070f265d40}: 'java.lang.Object java.lang.invoke.DirectMethodHandle$Holder.invokeInterface(java.lang.Object, java.lang.Object, java.lang.Object)'> (0x000000070f265d40) 
thrown [open/src/hotspot/share/interpreter/linkResolver.cpp, line 766]
Event: 0.523 Thread 0x000000013b092a00 Exception <a 'java/lang/IncompatibleClassChangeError'{0x000000070f2696c0}: Found class java.lang.Object, but interface was expected> (0x000000070f2696c0) 
thrown [open/src/hotspot/share/interpreter/linkResolver.cpp, line 833]
Event: 0.533 Thread 0x000000013b092a00 Exception <a 'java/lang/NoSuchMethodError'{0x000000070f365b18}: 'int java.lang.invoke.DirectMethodHandle$Holder.invokeSpecial(java.lang.Object, java.lang.Object, int)'> (0x000000070f365b18) 
thrown [open/src/hotspot/share/interpreter/linkResolver.cpp, line 766]
Event: 0.533 Thread 0x000000013b092a00 Exception <a 'java/lang/NoSuchMethodError'{0x000000070f36d7b0}: 'int java.lang.invoke.DirectMethodHandle$Holder.invokeSpecial(java.lang.Object, java.lang.Object, java.lang.Object, int)'> (0x000000070f36d7b0) 
thrown [open/src/hotspot/share/interpreter/linkResolver.cpp, line 766]
Event: 0.533 Thread 0x000000013b092a00 Exception <a 'java/lang/NoSuchMethodError'{0x000000070f380930}: 'java.lang.Object java.lang.invoke.DirectMethodHandle$Holder.invokeStatic(java.lang.Object, java.lang.Object, java.lang.Object, java.lang.Object, int)'> (0x000000070f380930) 
thrown [open/src/hotspot/share/interpreter/linkResolver.cpp, line 766]
Event: 0.534 Thread 0x000000013b092a00 Exception <a 'java/lang/NoSuchMethodError'{0x000000070f38c428}: 'int java.lang.invoke.DirectMethodHandle$Holder.invokeSpecial(java.lang.Object, java.lang.Object, java.lang.Object)'> (0x000000070f38c428) 
thrown [open/src/hotspot/share/interpreter/linkResolver.cpp, line 766]
Event: 0.541 Thread 0x000000013b092a00 Exception <a 'java/lang/NoSuchMethodError'{0x000000070f00f150}: 'java.lang.Object java.lang.invoke.DirectMethodHandle$Holder.newInvokeSpecial(java.lang.Object, java.lang.Object, int)'> (0x000000070f00f150) 
thrown [open/src/hotspot/share/interpreter/linkResolver.cpp, line 766]
Event: 0.593 Thread 0x000000012a008200 Exception <a 'java/lang/NoSuchMethodError'{0x000000070f155558}: 'int java.lang.invoke.DirectMethodHandle$Holder.invokeStaticInit(java.lang.Object, java.lang.Object)'> (0x000000070f155558) 
thrown [open/src/hotspot/share/interpreter/linkResolver.cpp, line 766]
Event: 1.149 Thread 0x000000014c0ef000 Exception <a 'sun/nio/fs/UnixException'{0x000000070ea6a4f8}> (0x000000070ea6a4f8) 
thrown [open/src/hotspot/share/prims/jni.cpp, line 516]

VM Operations (20 events):
Event: 2.146 Executing VM operation: Cleanup
Event: 2.147 Executing VM operation: Cleanup done
Event: 3.152 Executing VM operation: Cleanup
Event: 3.152 Executing VM operation: Cleanup done
Event: 4.155 Executing VM operation: Cleanup
Event: 4.156 Executing VM operation: Cleanup done
Event: 5.161 Executing VM operation: Cleanup
Event: 5.161 Executing VM operation: Cleanup done
Event: 8.171 Executing VM operation: Cleanup
Event: 8.171 Executing VM operation: Cleanup done
Event: 9.171 Executing VM operation: Cleanup
Event: 9.171 Executing VM operation: Cleanup done
Event: 10.176 Executing VM operation: Cleanup
Event: 10.176 Executing VM operation: Cleanup done
Event: 11.181 Executing VM operation: Cleanup
Event: 11.181 Executing VM operation: Cleanup done
Event: 12.186 Executing VM operation: Cleanup
Event: 12.186 Executing VM operation: Cleanup done
Event: 14.194 Executing VM operation: Cleanup
Event: 14.194 Executing VM operation: Cleanup done

Events (20 events):
Event: 8.382 Protecting memory [0x000000017272c000,0x0000000172738000] with protection modes 3
Event: 8.382 Thread 0x000000014ba20e00 Thread exited: 0x000000014ba20e00
Event: 9.023 Protecting memory [0x000000017272c000,0x0000000172738000] with protection modes 0
Event: 9.023 Thread 0x000000014d15b600 Thread added: 0x000000014d15b600
Event: 9.297 Protecting memory [0x000000017272c000,0x0000000172738000] with protection modes 3
Event: 9.297 Thread 0x000000014d15b600 Thread exited: 0x000000014d15b600
Event: 9.932 Protecting memory [0x000000017272c000,0x0000000172738000] with protection modes 0
Event: 9.932 Thread 0x000000014d15b600 Thread added: 0x000000014d15b600
Event: 10.198 Protecting memory [0x000000017272c000,0x0000000172738000] with protection modes 3
Event: 10.198 Thread 0x000000014d15b600 Thread exited: 0x000000014d15b600
Event: 10.890 Protecting memory [0x000000017272c000,0x0000000172738000] with protection modes 0
Event: 10.890 Thread 0x000000012f009200 Thread added: 0x000000012f009200
Event: 11.157 Protecting memory [0x000000017272c000,0x0000000172738000] with protection modes 3
Event: 11.157 Thread 0x000000012f009200 Thread exited: 0x000000012f009200
Event: 11.557 Protecting memory [0x000000017272c000,0x0000000172738000] with protection modes 0
Event: 11.557 Thread 0x000000012f009200 Thread added: 0x000000012f009200
Event: 11.823 Protecting memory [0x000000017272c000,0x0000000172738000] with protection modes 3
Event: 11.823 Thread 0x000000012f009200 Thread exited: 0x000000012f009200
Event: 14.723 Protecting memory [0x000000017272c000,0x0000000172738000] with protection modes 0
Event: 14.723 Thread 0x000000012f009200 Thread added: 0x000000012f009200


Dynamic libraries:
0x00000001004a8000 	/Library/Java/JavaVirtualMachines/jdk-18.jdk/Contents/Home/lib/libjli.dylib
0x00000001a4bdd000 	/usr/lib/libz.1.dylib
0x00000001a4c94000 	/usr/lib/libSystem.B.dylib
0x00000001a4c8e000 	/usr/lib/system/libcache.dylib
0x00000001a4c4c000 	/usr/lib/system/libcommonCrypto.dylib
0x00000001a4c75000 	/usr/lib/system/libcompiler_rt.dylib
0x00000001a4c6c000 	/usr/lib/system/libcopyfile.dylib
0x0000000199eb3000 	/usr/lib/system/libcorecrypto.dylib
0x0000000199f68000 	/usr/lib/system/libdispatch.dylib
0x000000019a136000 	/usr/lib/system/libdyld.dylib
0x00000001a4c84000 	/usr/lib/system/libkeymgr.dylib
0x00000001a4c27000 	/usr/lib/system/libmacho.dylib
0x00000001a4317000 	/usr/lib/system/libquarantine.dylib
0x00000001a4c81000 	/usr/lib/system/libremovefile.dylib
0x000000019f2ae000 	/usr/lib/system/libsystem_asl.dylib
0x0000000199e55000 	/usr/lib/system/libsystem_blocks.dylib
0x0000000199ff0000 	/usr/lib/system/libsystem_c.dylib
0x00000001a4c79000 	/usr/lib/system/libsystem_collections.dylib
0x00000001a37ac000 	/usr/lib/system/libsystem_configuration.dylib
0x00000001a2a06000 	/usr/lib/system/libsystem_containermanager.dylib
0x00000001a4984000 	/usr/lib/system/libsystem_coreservices.dylib
0x000000019c867000 	/usr/lib/system/libsystem_darwin.dylib
0x00000001a4c85000 	/usr/lib/system/libsystem_dnssd.dylib
0x0000000199fed000 	/usr/lib/system/libsystem_featureflags.dylib
0x000000019a14b000 	/usr/lib/system/libsystem_info.dylib
0x00000001a4bef000 	/usr/lib/system/libsystem_m.dylib
0x0000000199f3d000 	/usr/lib/system/libsystem_malloc.dylib
0x000000019f23c000 	/usr/lib/system/libsystem_networkextension.dylib
0x000000019ccc0000 	/usr/lib/system/libsystem_notify.dylib
0x00000001aafe9000 	/usr/lib/system/libsystem_product_info_filter.dylib
0x00000001a37b1000 	/usr/lib/system/libsystem_sandbox.dylib
0x00000001a4c7e000 	/usr/lib/system/libsystem_secinit.dylib
0x000000019a0f1000 	/usr/lib/system/libsystem_kernel.dylib
0x000000019a143000 	/usr/lib/system/libsystem_platform.dylib
0x000000019a129000 	/usr/lib/system/libsystem_pthread.dylib
0x00000001a0a12000 	/usr/lib/system/libsystem_symptoms.dylib
0x0000000199e99000 	/usr/lib/system/libsystem_trace.dylib
0x00000001a4c59000 	/usr/lib/system/libunwind.dylib
0x0000000199e57000 	/usr/lib/system/libxpc.dylib
0x000000019a0d9000 	/usr/lib/libc++abi.dylib
0x0000000199faf000 	/usr/lib/libobjc.A.dylib
0x00000001a4c64000 	/usr/lib/liboah.dylib
0x000000019a072000 	/usr/lib/libc++.1.dylib
0x00000001b0b17000 	/System/Library/Frameworks/Cocoa.framework/Versions/A/Cocoa
0x000000019cd21000 	/System/Library/Frameworks/AppKit.framework/Versions/C/AppKit
0x00000001a0238000 	/System/Library/Frameworks/CoreData.framework/Versions/A/CoreData
0x000000019b07c000 	/System/Library/Frameworks/Foundation.framework/Versions/C/Foundation
0x000000019dbda000 	/System/Library/PrivateFrameworks/UIFoundation.framework/Versions/A/UIFoundation
0x00000001aace3000 	/System/Library/PrivateFrameworks/RemoteViewServices.framework/Versions/A/RemoteViewServices
0x00000001a3154000 	/System/Library/PrivateFrameworks/XCTTargetBootstrap.framework/Versions/A/XCTTargetBootstrap
0x00000001a69d4000 	/System/Library/PrivateFrameworks/InternationalSupport.framework/Versions/A/InternationalSupport
0x00000001a6a5d000 	/System/Library/PrivateFrameworks/UserActivity.framework/Versions/A/UserActivity
0x00000001a5ecb000 	/usr/lib/libspindump.dylib
0x000000019de4b000 	/System/Library/Frameworks/UniformTypeIdentifiers.framework/Versions/A/UniformTypeIdentifiers
0x00000001a169c000 	/usr/lib/libapp_launch_measurement.dylib
0x00000001a0bc4000 	/System/Library/PrivateFrameworks/CoreAnalytics.framework/Versions/A/CoreAnalytics
0x00000001a169f000 	/System/Library/PrivateFrameworks/CoreAutoLayout.framework/Versions/A/CoreAutoLayout
0x00000001a2a43000 	/System/Library/Frameworks/Metal.framework/Versions/A/Metal
0x00000001a37bc000 	/usr/lib/liblangid.dylib
0x00000001a3159000 	/System/Library/PrivateFrameworks/CoreSVG.framework/Versions/A/CoreSVG
0x000000019f2e2000 	/System/Library/PrivateFrameworks/SkyLight.framework/Versions/A/SkyLight
0x000000019f6be000 	/System/Library/Frameworks/CoreGraphics.framework/Versions/A/CoreGraphics
0x00000001ab3af000 	/System/Library/Frameworks/Accelerate.framework/Versions/A/Accelerate
0x00000001a5942000 	/System/Library/PrivateFrameworks/IconServices.framework/Versions/A/IconServices
0x00000001a2a25000 	/System/Library/Frameworks/IOSurface.framework/Versions/A/IOSurface
0x00000001a0bf5000 	/usr/lib/libDiagnosticMessagesClient.dylib
0x00000001ae8b4000 	/System/Library/Frameworks/ApplicationServices.framework/Versions/A/ApplicationServices
0x00000001a313c000 	/System/Library/PrivateFrameworks/DFRFoundation.framework/Versions/A/DFRFoundation
0x000000019c5b1000 	/usr/lib/libicucore.A.dylib
0x00000001a7882000 	/System/Library/Frameworks/AudioToolbox.framework/Versions/A/AudioToolbox
0x00000001a69e0000 	/System/Library/PrivateFrameworks/DataDetectorsCore.framework/Versions/A/DataDetectorsCore
0x00000001bd400000 	/System/Library/PrivateFrameworks/TextInput.framework/Versions/A/TextInput
0x000000019f257000 	/usr/lib/libMobileGestalt.dylib
0x00000001a2e08000 	/System/Library/Frameworks/Carbon.framework/Versions/A/Frameworks/HIToolbox.framework/Versions/A/HIToolbox
0x00000001a1075000 	/System/Library/Frameworks/QuartzCore.framework/Versions/A/QuartzCore
0x000000019c232000 	/System/Library/Frameworks/Security.framework/Versions/A/Security
0x00000001aad23000 	/System/Library/Frameworks/Carbon.framework/Versions/A/Frameworks/SpeechRecognition.framework/Versions/A/SpeechRecognition
0x00000001a13f1000 	/System/Library/PrivateFrameworks/CoreUI.framework/Versions/A/CoreUI
0x000000019bb0e000 	/System/Library/Frameworks/CoreAudio.framework/Versions/A/CoreAudio
0x00000001a0ce9000 	/System/Library/Frameworks/DiskArbitration.framework/Versions/A/DiskArbitration
0x00000001a62d5000 	/System/Library/PrivateFrameworks/MultitouchSupport.framework/Versions/A/MultitouchSupport
0x000000019f255000 	/usr/lib/libenergytrace.dylib
0x000000019cbe9000 	/System/Library/Frameworks/IOKit.framework/Versions/A/IOKit
0x00000001ab112000 	/System/Library/Frameworks/CoreServices.framework/Versions/A/CoreServices
0x00000001a162c000 	/System/Library/PrivateFrameworks/PerformanceAnalysis.framework/Versions/A/PerformanceAnalysis
0x00000001fb8a7000 	/System/Library/Frameworks/OpenGL.framework/Versions/A/OpenGL
0x00000001a422f000 	/System/Library/PrivateFrameworks/MobileKeyBag.framework/Versions/A/MobileKeyBag
0x000000019fccc000 	/System/Library/Frameworks/ColorSync.framework/Versions/A/ColorSync
0x000000019a178000 	/System/Library/Frameworks/CoreFoundation.framework/Versions/A/CoreFoundation
0x00000001a33d8000 	/System/Library/Frameworks/CoreImage.framework/Versions/A/CoreImage
0x000000019b932000 	/System/Library/Frameworks/CoreText.framework/Versions/A/CoreText
0x00000001a3189000 	/System/Library/Frameworks/ImageIO.framework/Versions/A/ImageIO
0x00000001a4c9a000 	/System/Library/PrivateFrameworks/SoftLinking.framework/Versions/A/SoftLinking
0x00000001a16ea000 	/usr/lib/libxml2.2.dylib
0x00000001a4f33000 	/usr/lib/libcompression.dylib
0x00000001a6930000 	/System/Library/PrivateFrameworks/TextureIO.framework/Versions/A/TextureIO
0x00000001a565b000 	/usr/lib/libate.dylib
0x00000001a5520000 	/usr/lib/liblzma.5.dylib
0x000000019ad6f000 	/System/Library/Frameworks/SystemConfiguration.framework/Versions/A/SystemConfiguration
0x00000001a4c96000 	/usr/lib/libfakelink.dylib
0x000000019ed87000 	/System/Library/Frameworks/CFNetwork.framework/Versions/A/CFNetwork
0x00000001a4ddc000 	/usr/lib/libarchive.2.dylib
0x00000001a37b8000 	/System/Library/PrivateFrameworks/AppleSystemInfo.framework/Versions/A/AppleSystemInfo
0x00000001a4342000 	/usr/lib/libbsm.0.dylib
0x000000019e2f4000 	/usr/lib/libnetwork.dylib
0x00000001a4c30000 	/usr/lib/system/libkxld.dylib
0x00000001a3f5c000 	/System/Library/PrivateFrameworks/IOMobileFramebuffer.framework/Versions/A/IOMobileFramebuffer
0x0000000219c91000 	/usr/lib/libCoreEntitlements.dylib
0x00000001a4966000 	/System/Library/PrivateFrameworks/AppleFSCompression.framework/Versions/A/AppleFSCompression
0x00000001a432a000 	/usr/lib/libcoretls.dylib
0x00000001a5539000 	/usr/lib/libcoretls_cfhelpers.dylib
0x00000001a4f2e000 	/usr/lib/libpam.2.dylib
0x00000001a0628000 	/usr/lib/libsqlite3.dylib
0x00000001a55a2000 	/usr/lib/libxar.1.dylib
0x00000001a4977000 	/usr/lib/libbz2.1.0.dylib
0x00000001a4c9b000 	/usr/lib/libpcap.A.dylib
0x00000001a0a09000 	/usr/lib/libdns_services.dylib
0x00000001a4f01000 	/usr/lib/libapple_nghttp2.dylib
0x00000001a4cd8000 	/usr/lib/libiconv.2.dylib
0x00000001a4c26000 	/usr/lib/libcharset.1.dylib
0x00000001a1668000 	/System/Library/Frameworks/CoreServices.framework/Versions/A/Frameworks/FSEvents.framework/Versions/A/FSEvents
0x000000019c872000 	/System/Library/Frameworks/CoreServices.framework/Versions/A/Frameworks/CarbonCore.framework/Versions/A/CarbonCore
0x00000001a0c49000 	/System/Library/Frameworks/CoreServices.framework/Versions/A/Frameworks/Metadata.framework/Versions/A/Metadata
0x00000001a498a000 	/System/Library/Frameworks/CoreServices.framework/Versions/A/Frameworks/OSServices.framework/Versions/A/OSServices
0x00000001a4e62000 	/System/Library/Frameworks/CoreServices.framework/Versions/A/Frameworks/SearchKit.framework/Versions/A/SearchKit
0x00000001a0997000 	/System/Library/Frameworks/CoreServices.framework/Versions/A/Frameworks/AE.framework/Versions/A/AE
0x000000019a6bf000 	/System/Library/Frameworks/CoreServices.framework/Versions/A/Frameworks/LaunchServices.framework/Versions/A/LaunchServices
0x00000001a54c9000 	/System/Library/Frameworks/CoreServices.framework/Versions/A/Frameworks/DictionaryServices.framework/Versions/A/DictionaryServices
0x00000001a1675000 	/System/Library/Frameworks/CoreServices.framework/Versions/A/Frameworks/SharedFileList.framework/Versions/A/SharedFileList
0x00000001a431a000 	/usr/lib/libCheckFix.dylib
0x000000019f2c6000 	/System/Library/PrivateFrameworks/TCC.framework/Versions/A/TCC
0x00000001a37be000 	/System/Library/PrivateFrameworks/CoreNLP.framework/Versions/A/CoreNLP
0x00000001a0bf8000 	/System/Library/PrivateFrameworks/MetadataUtilities.framework/Versions/A/MetadataUtilities
0x000000019ae29000 	/usr/lib/libmecabra.dylib
0x00000001a4353000 	/usr/lib/libmecab.dylib
0x000000019adf5000 	/usr/lib/libCRFSuite.dylib
0x00000001a43b0000 	/usr/lib/libgermantok.dylib
0x00000001a4eda000 	/usr/lib/libThaiTokenizer.dylib
0x00000001a0cf1000 	/System/Library/Frameworks/Accelerate.framework/Versions/A/Frameworks/vImage.framework/Versions/A/vImage
0x00000001ab0e9000 	/System/Library/Frameworks/Accelerate.framework/Versions/A/Frameworks/vecLib.framework/Versions/A/vecLib
0x00000001a55e7000 	/System/Library/Frameworks/Accelerate.framework/Versions/A/Frameworks/vecLib.framework/Versions/A/libvMisc.dylib
0x00000001a3e63000 	/System/Library/Frameworks/Accelerate.framework/Versions/A/Frameworks/vecLib.framework/Versions/A/libvDSP.dylib
0x000000019aa4a000 	/System/Library/Frameworks/Accelerate.framework/Versions/A/Frameworks/vecLib.framework/Versions/A/libBLAS.dylib
0x00000001a5004000 	/System/Library/Frameworks/Accelerate.framework/Versions/A/Frameworks/vecLib.framework/Versions/A/libLAPACK.dylib
0x00000001a43b3000 	/System/Library/Frameworks/Accelerate.framework/Versions/A/Frameworks/vecLib.framework/Versions/A/libLinearAlgebra.dylib
0x00000001a4f19000 	/System/Library/Frameworks/Accelerate.framework/Versions/A/Frameworks/vecLib.framework/Versions/A/libSparseBLAS.dylib
0x00000001a4fff000 	/System/Library/Frameworks/Accelerate.framework/Versions/A/Frameworks/vecLib.framework/Versions/A/libQuadrature.dylib
0x00000001a38b7000 	/System/Library/Frameworks/Accelerate.framework/Versions/A/Frameworks/vecLib.framework/Versions/A/libBNNS.dylib
0x000000019ad08000 	/System/Library/Frameworks/Accelerate.framework/Versions/A/Frameworks/vecLib.framework/Versions/A/libSparse.dylib
0x00000001a38af000 	/System/Library/PrivateFrameworks/LinguisticData.framework/Versions/A/LinguisticData
0x000000019acc0000 	/System/Library/PrivateFrameworks/Lexicon.framework/Versions/A/Lexicon
0x00000001a55df000 	/usr/lib/libChineseTokenizer.dylib
0x000000019b46e000 	/System/Library/PrivateFrameworks/LanguageModeling.framework/Versions/A/LanguageModeling
0x00000001a4edc000 	/System/Library/PrivateFrameworks/AppleSauce.framework/Versions/A/AppleSauce
0x00000001a3f49000 	/System/Library/PrivateFrameworks/CoreEmoji.framework/Versions/A/CoreEmoji
0x00000001a4dca000 	/usr/lib/libcmph.dylib
0x00000001a1648000 	/System/Library/Frameworks/OpenDirectory.framework/Versions/A/Frameworks/CFOpenDirectory.framework/Versions/A/CFOpenDirectory
0x00000001a1638000 	/System/Library/Frameworks/OpenDirectory.framework/Versions/A/OpenDirectory
0x00000001a553b000 	/System/Library/PrivateFrameworks/APFS.framework/Versions/A/APFS
0x00000001a426a000 	/System/Library/Frameworks/SecurityFoundation.framework/Versions/A/SecurityFoundation
0x00000001a55b1000 	/usr/lib/libutil.dylib
0x000000019cbab000 	/System/Library/PrivateFrameworks/CoreServicesStore.framework/Versions/A/CoreServicesStore
0x00000001a55b5000 	/usr/lib/libxslt.1.dylib
0x00000001a42fe000 	/System/Library/PrivateFrameworks/BackgroundTaskManagement.framework/Versions/A/BackgroundTaskManagement
0x00000001a6851000 	/System/Library/Frameworks/ImageIO.framework/Versions/A/Resources/libRadiance.dylib
0x00000001a685a000 	/System/Library/Frameworks/ImageIO.framework/Versions/A/Resources/libJPEG.dylib
0x00000001a67ad000 	/System/Library/Frameworks/ImageIO.framework/Versions/A/Resources/libPng.dylib
0x00000001a67cf000 	/System/Library/Frameworks/ImageIO.framework/Versions/A/Resources/libTIFF.dylib
0x00000001a68b5000 	/System/Library/Frameworks/ImageIO.framework/Versions/A/Resources/libGIF.dylib
0x00000001a61e5000 	/System/Library/Frameworks/ImageIO.framework/Versions/A/Resources/libJP2.dylib
0x00000001a5907000 	/usr/lib/libexpat.1.dylib
0x00000001a61a0000 	/System/Library/PrivateFrameworks/AppleJPEG.framework/Versions/A/AppleJPEG
0x00000001a2cc4000 	/System/Library/PrivateFrameworks/FontServices.framework/libFontParser.dylib
0x00000001a093c000 	/System/Library/PrivateFrameworks/RunningBoardServices.framework/Versions/A/RunningBoardServices
0x00000001b11ee000 	/System/Library/PrivateFrameworks/IOSurfaceAccelerator.framework/Versions/A/IOSurfaceAccelerator
0x00000001a62d1000 	/System/Library/PrivateFrameworks/WatchdogClient.framework/Versions/A/WatchdogClient
0x000000019b56e000 	/System/Library/Frameworks/CoreDisplay.framework/Versions/A/CoreDisplay
0x00000001a2bae000 	/System/Library/Frameworks/CoreMedia.framework/Versions/A/CoreMedia
0x00000001a2a39000 	/System/Library/PrivateFrameworks/IOAccelerator.framework/Versions/A/IOAccelerator
0x00000001a17d8000 	/System/Library/Frameworks/CoreVideo.framework/Versions/A/CoreVideo
0x00000001a4f2c000 	/System/Library/Frameworks/MetalPerformanceShaders.framework/Versions/A/MetalPerformanceShaders
0x00000001a6310000 	/System/Library/Frameworks/VideoToolbox.framework/Versions/A/VideoToolbox
0x00000001a0880000 	/System/Library/PrivateFrameworks/BaseBoard.framework/Versions/A/BaseBoard
0x00000001a060e000 	/System/Library/PrivateFrameworks/ProtocolBuffer.framework/Versions/A/ProtocolBuffer
0x00000001a684c000 	/System/Library/PrivateFrameworks/GPUWrangler.framework/Versions/A/GPUWrangler
0x00000001a682c000 	/System/Library/PrivateFrameworks/IOPresentment.framework/Versions/A/IOPresentment
0x00000001a6854000 	/System/Library/PrivateFrameworks/DSExternalDisplay.framework/Versions/A/DSExternalDisplay
0x00000001fb89a000 	/System/Library/Frameworks/OpenGL.framework/Versions/A/Libraries/libCoreFSCache.dylib
0x0000000206764000 	/System/Library/PrivateFrameworks/GPUCompiler.framework/Versions/31001/Libraries/libGPUCompilerUtils.dylib
0x00000001a68ba000 	/System/Library/PrivateFrameworks/CMCaptureCore.framework/Versions/A/CMCaptureCore
0x00000001a5eb8000 	/System/Library/PrivateFrameworks/AppServerSupport.framework/Versions/A/AppServerSupport
0x00000001a8140000 	/System/Library/PrivateFrameworks/perfdata.framework/Versions/A/perfdata
0x000000019b68e000 	/System/Library/PrivateFrameworks/AudioToolboxCore.framework/Versions/A/AudioToolboxCore
0x00000001a2b87000 	/System/Library/PrivateFrameworks/caulk.framework/Versions/A/caulk
0x00000001a7a35000 	/usr/lib/libAudioStatistics.dylib
0x00000001b9a53000 	/System/Library/PrivateFrameworks/SystemPolicy.framework/Versions/A/SystemPolicy
0x00000001a7ca1000 	/usr/lib/libSMC.dylib
0x00000001b09f5000 	/System/Library/Frameworks/CoreMIDI.framework/Versions/A/CoreMIDI
0x00000001a677b000 	/usr/lib/libAudioToolboxUtility.dylib
0x00000001b5bb6000 	/System/Library/PrivateFrameworks/OSAServicesClient.framework/Versions/A/OSAServicesClient
0x00000001a814d000 	/usr/lib/libperfcheck.dylib
0x00000001ba572000 	/usr/lib/libmis.dylib
0x00000001fb8fc000 	/System/Library/Frameworks/OpenGL.framework/Versions/A/Libraries/libGLU.dylib
0x00000001fb8bb000 	/System/Library/Frameworks/OpenGL.framework/Versions/A/Libraries/libGFXShared.dylib
0x00000001fbaa8000 	/System/Library/Frameworks/OpenGL.framework/Versions/A/Libraries/libGL.dylib
0x00000001fb8c4000 	/System/Library/Frameworks/OpenGL.framework/Versions/A/Libraries/libGLImage.dylib
0x00000001fb8b8000 	/System/Library/Frameworks/OpenGL.framework/Versions/A/Libraries/libCVMSPluginSupport.dylib
0x00000001fb8a1000 	/System/Library/Frameworks/OpenGL.framework/Versions/A/Libraries/libCoreVMClient.dylib
0x00000001a3738000 	/System/Library/Frameworks/MetalPerformanceShaders.framework/Versions/A/Frameworks/MPSCore.framework/Versions/A/MPSCore
0x00000001a48d9000 	/System/Library/Frameworks/MetalPerformanceShaders.framework/Versions/A/Frameworks/MPSImage.framework/Versions/A/MPSImage
0x00000001a43c8000 	/System/Library/Frameworks/MetalPerformanceShaders.framework/Versions/A/Frameworks/MPSNeuralNetwork.framework/Versions/A/MPSNeuralNetwork
0x00000001a4801000 	/System/Library/Frameworks/MetalPerformanceShaders.framework/Versions/A/Frameworks/MPSMatrix.framework/Versions/A/MPSMatrix
0x00000001a45da000 	/System/Library/Frameworks/MetalPerformanceShaders.framework/Versions/A/Frameworks/MPSRayIntersector.framework/Versions/A/MPSRayIntersector
0x00000001a4832000 	/System/Library/Frameworks/MetalPerformanceShaders.framework/Versions/A/Frameworks/MPSNDArray.framework/Versions/A/MPSNDArray
0x00000001fe3a3000 	/System/Library/Frameworks/MetalPerformanceShaders.framework/Versions/A/Frameworks/MPSFunctions.framework/Versions/A/MPSFunctions
0x000000019a920000 	/System/Library/PrivateFrameworks/MetalTools.framework/Versions/A/MetalTools
0x00000001a37b6000 	/System/Library/PrivateFrameworks/AggregateDictionary.framework/Versions/A/AggregateDictionary
0x00000001a56ec000 	/usr/lib/libIOReport.dylib
0x00000001afa0e000 	/System/Library/PrivateFrameworks/ASEProcessing.framework/Versions/A/ASEProcessing
0x00000001a5a61000 	/System/Library/PrivateFrameworks/FaceCore.framework/Versions/A/FaceCore
0x00000001a5a53000 	/System/Library/PrivateFrameworks/GraphVisualizer.framework/Versions/A/GraphVisualizer
0x000000020667b000 	/System/Library/PrivateFrameworks/FontServices.framework/Versions/A/FontServices
0x00000001a5e74000 	/System/Library/PrivateFrameworks/OTSVG.framework/Versions/A/OTSVG
0x00000001a13a1000 	/System/Library/Frameworks/ApplicationServices.framework/Versions/A/Frameworks/ATS.framework/Versions/A/Resources/libFontRegistry.dylib
0x00000001a5ec1000 	/System/Library/PrivateFrameworks/FontServices.framework/libhvf.dylib
0x000000020667c000 	/System/Library/PrivateFrameworks/FontServices.framework/libXTFontStaticRegistryData.dylib
0x00000001fbc49000 	/System/Library/Frameworks/OpenCL.framework/Versions/A/OpenCL
0x00000001a58bb000 	/System/Library/PrivateFrameworks/AppleVA.framework/Versions/A/AppleVA
0x00000001a7a5d000 	/System/Library/Frameworks/ApplicationServices.framework/Versions/A/Frameworks/ATS.framework/Versions/A/ATS
0x000000019fdcb000 	/System/Library/Frameworks/ApplicationServices.framework/Versions/A/Frameworks/HIServices.framework/Versions/A/HIServices
0x00000001a68c4000 	/System/Library/Frameworks/ApplicationServices.framework/Versions/A/Frameworks/PrintCore.framework/Versions/A/PrintCore
0x00000001a7df4000 	/System/Library/Frameworks/ApplicationServices.framework/Versions/A/Frameworks/QD.framework/Versions/A/QD
0x00000001a7dec000 	/System/Library/Frameworks/ApplicationServices.framework/Versions/A/Frameworks/ColorSyncLegacy.framework/Versions/A/ColorSyncLegacy
0x00000001a7a49000 	/System/Library/Frameworks/ApplicationServices.framework/Versions/A/Frameworks/SpeechSynthesis.framework/Versions/A/SpeechSynthesis
0x00000001a6885000 	/System/Library/Frameworks/ApplicationServices.framework/Versions/A/Frameworks/ATSUI.framework/Versions/A/ATSUI
0x00000001a7d81000 	/usr/lib/libcups.2.dylib
0x00000001a815b000 	/System/Library/Frameworks/Kerberos.framework/Versions/A/Kerberos
0x00000001a816c000 	/System/Library/Frameworks/GSS.framework/Versions/A/GSS
0x00000001a7acd000 	/usr/lib/libresolv.9.dylib
0x00000001a5ed0000 	/System/Library/PrivateFrameworks/Heimdal.framework/Versions/A/Heimdal
0x00000001aec44000 	/System/Library/Frameworks/Kerberos.framework/Versions/A/Libraries/libHeimdalProxy.dylib
0x00000001a0a1b000 	/System/Library/Frameworks/Network.framework/Versions/A/Network
0x00000001a5922000 	/usr/lib/libheimdal-asn1.dylib
0x00000001a81bc000 	/System/Library/PrivateFrameworks/CommonAuth.framework/Versions/A/CommonAuth
0x00000001a79c3000 	/System/Library/PrivateFrameworks/AudioSession.framework/Versions/A/AudioSession
0x00000001a59b4000 	/System/Library/PrivateFrameworks/MediaExperience.framework/Versions/A/MediaExperience
0x00000001a7848000 	/System/Library/PrivateFrameworks/AudioSession.framework/libSessionUtility.dylib
0x00000001a7e00000 	/System/Library/PrivateFrameworks/AudioResourceArbitration.framework/Versions/A/AudioResourceArbitration
0x00000001abfc6000 	/System/Library/PrivateFrameworks/PowerLog.framework/Versions/A/PowerLog
0x00000001a592c000 	/System/Library/PrivateFrameworks/IconFoundation.framework/Versions/A/IconFoundation
0x00000001aad0f000 	/System/Library/PrivateFrameworks/SpeechRecognitionCore.framework/Versions/A/SpeechRecognitionCore
0x0000000101610000 	/Library/Java/JavaVirtualMachines/jdk-18.jdk/Contents/Home/lib/server/libjvm.dylib
0x000000010050c000 	/Library/Java/JavaVirtualMachines/jdk-18.jdk/Contents/Home/lib/libjimage.dylib
0x0000000100538000 	/Library/Java/JavaVirtualMachines/jdk-18.jdk/Contents/Home/lib/libinstrument.dylib
0x0000000100584000 	/Library/Java/JavaVirtualMachines/jdk-18.jdk/Contents/Home/lib/libjava.dylib
0x0000000101120000 	/Library/Java/JavaVirtualMachines/jdk-18.jdk/Contents/Home/lib/libnio.dylib
0x0000000101140000 	/Library/Java/JavaVirtualMachines/jdk-18.jdk/Contents/Home/lib/libnet.dylib
0x000000010056c000 	/Library/Java/JavaVirtualMachines/jdk-18.jdk/Contents/Home/lib/libzip.dylib
0x0000000101160000 	/Users/rugazza/.openjfx/cache/18-ea/libprism_es2.dylib
0x000000019cb6e000 	/System/Library/PrivateFrameworks/CoreServicesInternal.framework/Versions/A/CoreServicesInternal
0x00000001fbab2000 	/System/Library/Frameworks/OpenGL.framework/Versions/A/Resources/GLEngine.bundle/GLEngine
0x00000001fb93a000 	/System/Library/Frameworks/OpenGL.framework/Versions/A/Libraries/libGLProgrammability.dylib
0x0000000101358000 	/System/Library/Extensions/AppleMetalOpenGLRenderer.bundle/Contents/MacOS/AppleMetalOpenGLRenderer
0x00000001fbc21000 	/System/Library/Frameworks/OpenGL.framework/Versions/A/Resources/GLRendererFloat.bundle/GLRendererFloat
0x00000001e0b4e000 	/System/Library/Extensions/AGXMetalG13X.bundle/Contents/MacOS/AGXMetalG13X
0x00000001ba58e000 	/System/Library/PrivateFrameworks/GPURawCounter.framework/Versions/A/GPURawCounter
0x00000001b4d1f000 	/System/Library/PrivateFrameworks/IOGPU.framework/Versions/A/IOGPU
0x0000000101570000 	/Users/rugazza/.openjfx/cache/18-ea/libglass.dylib
0x00000001ac21e000 	/System/Library/Frameworks/FileProvider.framework/Versions/A/FileProvider
0x00000001a07e8000 	/System/Library/Frameworks/Accounts.framework/Versions/A/Accounts
0x00000001ac3a2000 	/System/Library/PrivateFrameworks/GenerationalStorage.framework/Versions/A/GenerationalStorage
0x00000001acf65000 	/System/Library/PrivateFrameworks/CoreSymbolication.framework/Versions/A/CoreSymbolication
0x00000001abfba000 	/System/Library/PrivateFrameworks/SymptomDiagnosticReporter.framework/Versions/A/SymptomDiagnosticReporter
0x000000019de5f000 	/System/Library/PrivateFrameworks/DesktopServicesPriv.framework/Versions/A/DesktopServicesPriv
0x000000019ccd0000 	/usr/lib/libsandbox.1.dylib
0x00000001a1866000 	/System/Library/PrivateFrameworks/UserManagement.framework/Versions/A/UserManagement
0x00000001acf22000 	/System/Library/PrivateFrameworks/DebugSymbols.framework/Versions/A/DebugSymbols
0x00000001a7ddf000 	/System/Library/PrivateFrameworks/NetAuth.framework/Versions/A/NetAuth
0x00000001a8d00000 	/System/Library/PrivateFrameworks/Sharing.framework/Versions/A/Sharing
0x00000001a1836000 	/System/Library/PrivateFrameworks/login.framework/Versions/A/Frameworks/loginsupport.framework/Versions/A/loginsupport
0x00000001ae159000 	/System/Library/PrivateFrameworks/Apple80211.framework/Versions/A/Apple80211
0x00000001a49bd000 	/System/Library/PrivateFrameworks/AuthKit.framework/Versions/A/AuthKit
0x00000001a4045000 	/System/Library/PrivateFrameworks/CoreUtils.framework/Versions/A/CoreUtils
0x00000001a3f68000 	/System/Library/Frameworks/CoreWLAN.framework/Versions/A/CoreWLAN
0x00000001a8e70000 	/System/Library/Frameworks/IOBluetooth.framework/Versions/A/IOBluetooth
0x00000001ae1b9000 	/System/Library/PrivateFrameworks/CoreWiFi.framework/Versions/A/CoreWiFi
0x00000001acb02000 	/System/Library/PrivateFrameworks/FrontBoardServices.framework/Versions/A/FrontBoardServices
0x00000001acb9a000 	/System/Library/PrivateFrameworks/BoardServices.framework/Versions/A/BoardServices
0x00000001a4258000 	/System/Library/PrivateFrameworks/AssertionServices.framework/Versions/A/AssertionServices
0x00000001ae336000 	/System/Library/PrivateFrameworks/BackBoardServices.framework/Versions/A/BackBoardServices
0x00000001a8253000 	/System/Library/PrivateFrameworks/CorePhoneNumbers.framework/Versions/A/CorePhoneNumbers
0x00000001a7afa000 	/System/Library/PrivateFrameworks/MultiverseSupport.framework/Versions/A/MultiverseSupport
0x00000001ae5b7000 	/System/Library/PrivateFrameworks/RemoteServiceDiscovery.framework/Versions/A/RemoteServiceDiscovery
0x00000001ac0ea000 	/System/Library/PrivateFrameworks/DiskManagement.framework/Versions/A/DiskManagement
0x00000001abfed000 	/System/Library/PrivateFrameworks/AppleIDAuthSupport.framework/Versions/A/AppleIDAuthSupport
0x0000000200be0000 	/System/Library/PrivateFrameworks/AAAFoundation.framework/Versions/A/AAAFoundation
0x00000001a8232000 	/System/Library/PrivateFrameworks/KeychainCircle.framework/Versions/A/KeychainCircle
0x00000001ae5c7000 	/System/Library/PrivateFrameworks/RemoteXPC.framework/Versions/A/RemoteXPC
0x00000001ac0b6000 	/System/Library/PrivateFrameworks/MediaKit.framework/Versions/A/MediaKit
0x00000001abffa000 	/System/Library/Frameworks/DiscRecording.framework/Versions/A/DiscRecording
0x00000001a5837000 	/usr/lib/libCoreStorage.dylib
0x00000001ae633000 	/usr/lib/libcsfde.dylib
0x00000001a8f45000 	/System/Library/PrivateFrameworks/ProtectedCloudStorage.framework/Versions/A/ProtectedCloudStorage
0x00000001ae62b000 	/System/Library/PrivateFrameworks/EFILogin.framework/Versions/A/EFILogin
0x00000001ac3c9000 	/System/Library/PrivateFrameworks/OctagonTrust.framework/Versions/A/OctagonTrust
0x0000000205802000 	/System/Library/PrivateFrameworks/CoreUtilsExtras.framework/Versions/A/CoreUtilsExtras
0x00000001abf1f000 	/System/Library/Frameworks/CoreBluetooth.framework/Versions/A/CoreBluetooth
0x00000001aecc9000 	/System/Library/Frameworks/AudioUnit.framework/Versions/A/AudioUnit
0x00000001a582f000 	/usr/lib/libMatch.1.dylib
0x00000001bea76000 	/System/Library/Frameworks/Accelerate.framework/Versions/A/Frameworks/vImage.framework/Versions/A/Libraries/libCGInterfaces.dylib
0x0000000129fe8000 	/usr/lib/libobjc-trampolines.dylib
0x00000001a1530000 	/System/Library/PrivateFrameworks/ViewBridge.framework/Versions/A/ViewBridge
0x00000001a56f5000 	/System/Library/PrivateFrameworks/CrashReporterSupport.framework/Versions/A/CrashReporterSupport
0x00000001c652d000 	/System/Library/PrivateFrameworks/OSAnalytics.framework/Versions/A/OSAnalytics
0x00000001d189a000 	/System/Library/PrivateFrameworks/Symbolication.framework/Versions/A/Symbolication
0x00000001ba54f000 	/System/Library/PrivateFrameworks/MallocStackLogging.framework/Versions/A/MallocStackLogging
0x000000012d3e4000 	/Users/rugazza/.openjfx/cache/18-ea/libjavafx_font.dylib
0x00000001a5f93000 	/System/Library/PrivateFrameworks/login.framework/Versions/A/login
0x0000000201294000 	/System/Library/PrivateFrameworks/AccessibilityBundles.framework/Versions/A/AccessibilityBundles
0x0000000219dee000 	/usr/lib/libRosetta.dylib


VM Arguments:
jvm_args: -javaagent:/Applications/IntelliJ IDEA.app/Contents/lib/idea_rt.jar=62014:/Applications/IntelliJ IDEA.app/Contents/bin -Dfile.encoding=UTF-8 --module-path=/Users/rugazza/.m2/repository/org/openjfx/javafx-controls/18-ea+2/javafx-controls-18-ea+2-mac-aarch64.jar:/Users/rugazza/.m2/repository/org/openjfx/javafx-graphics/18-ea+2/javafx-graphics-18-ea+2-mac-aarch64.jar:/Users/rugazza/.m2/repository/org/openjfx/javafx-base/18-ea+2/javafx-base-18-ea+2-mac-aarch64.jar:/Users/rugazza/IdeaProjects/ITC313_JavaFX/target/classes:/Users/rugazza/.m2/repository/org/openjfx/javafx-fxml/18-ea+2/javafx-fxml-18-ea+2-mac-aarch64.jar -Djdk.module.main=com.example.itc313_javafx 
java_command: com.example.itc313_javafx/chapter14.NodeStyleRotateDemo
java_class_path (initial): /Users/rugazza/.m2/repository/org/openjfx/javafx-controls/18-ea+2/javafx-controls-18-ea+2.jar:/Users/rugazza/.m2/repository/org/openjfx/javafx-graphics/18-ea+2/javafx-graphics-18-ea+2.jar:/Users/rugazza/.m2/repository/org/openjfx/javafx-base/18-ea+2/javafx-base-18-ea+2.jar:/Users/rugazza/.m2/repository/org/openjfx/javafx-fxml/18-ea+2/javafx-fxml-18-ea+2.jar
Launcher Type: SUN_STANDARD

[Global flags]
     intx CICompilerCount                          = 4                                         {product} {ergonomic}
     uint ConcGCThreads                            = 2                                         {product} {ergonomic}
     uint G1ConcRefinementThreads                  = 9                                         {product} {ergonomic}
   size_t G1HeapRegionSize                         = 2097152                                   {product} {ergonomic}
    uintx GCDrainStackTargetSize                   = 64                                        {product} {ergonomic}
   size_t InitialHeapSize                          = 268435456                                 {product} {ergonomic}
   size_t MarkStackSize                            = 4194304                                   {product} {ergonomic}
   size_t MaxHeapSize                              = 4294967296                                {product} {ergonomic}
   size_t MaxNewSize                               = 2575302656                                {product} {ergonomic}
   size_t MinHeapDeltaBytes                        = 2097152                                   {product} {ergonomic}
   size_t MinHeapSize                              = 8388608                                   {product} {ergonomic}
    uintx NonNMethodCodeHeapSize                   = 5839564                                {pd product} {ergonomic}
    uintx NonProfiledCodeHeapSize                  = 122909338                              {pd product} {ergonomic}
    uintx ProfiledCodeHeapSize                     = 122909338                              {pd product} {ergonomic}
    uintx ReservedCodeCacheSize                    = 251658240                              {pd product} {ergonomic}
     bool SegmentedCodeCache                       = true                                      {product} {ergonomic}
   size_t SoftMaxHeapSize                          = 4294967296                             {manageable} {ergonomic}
     bool UseCompressedClassPointers               = true                           {product lp64_product} {ergonomic}
     bool UseCompressedOops                        = true                           {product lp64_product} {ergonomic}
     bool UseG1GC                                  = true                                      {product} {ergonomic}
     bool UseNUMA                                  = false                                     {product} {ergonomic}
     bool UseNUMAInterleaving                      = false                                     {product} {ergonomic}

Logging:
Log output configuration:
 #0: stdout all=warning uptime,level,tags foldmultilines=false
 #1: stderr all=off uptime,level,tags foldmultilines=false

Environment Variables:
PATH=/Users/rugazza/.nvm/versions/node/v18.8.0/bin:/Users/rugazza/google-cloud-sdk/bin:/Users/rugazza/opt/anaconda3/bin:/Users/rugazza/opt/anaconda3/condabin:/opt/homebrew/bin:/opt/homebrew/sbin:/usr/local/bin:/usr/bin:/bin:/usr/sbin:/sbin:/Library/Apple/usr/bin
SHELL=/bin/zsh
LC_CTYPE=en_AU.UTF-8

Signal Handlers:
   SIGSEGV: _ZL13crash_handleriP9__siginfoPv in libjvm.dylib, mask=11100110000111110111111111111111, flags=SA_RESTART|SA_SIGINFO
    SIGBUS: _ZL13crash_handleriP9__siginfoPv in libjvm.dylib, mask=11100110000111110111111111111111, flags=SA_RESTART|SA_SIGINFO
    SIGFPE: _ZL13crash_handleriP9__siginfoPv in libjvm.dylib, mask=11100110000111110111111111111111, flags=SA_RESTART|SA_SIGINFO
   SIGPIPE: _ZL17javaSignalHandleriP9__siginfoPv in libjvm.dylib, mask=11100110000111110111111111111111, flags=SA_RESTART|SA_SIGINFO
   SIGXFSZ: _ZL17javaSignalHandleriP9__siginfoPv in libjvm.dylib, mask=11100110000111110111111111111111, flags=SA_RESTART|SA_SIGINFO
    SIGILL: _ZL13crash_handleriP9__siginfoPv in libjvm.dylib, mask=11100110000111110111111111111111, flags=SA_RESTART|SA_SIGINFO
   SIGUSR2: _ZL10SR_handleriP9__siginfoP17__darwin_ucontext in libjvm.dylib, mask=00100000000000000000000000000000, flags=SA_RESTART|SA_SIGINFO
    SIGHUP: _ZL11UserHandleriPvS_ in libjvm.dylib, mask=11100110000111110111111111111111, flags=SA_RESTART|SA_SIGINFO
    SIGINT: _ZL11UserHandleriPvS_ in libjvm.dylib, mask=11100110000111110111111111111111, flags=SA_RESTART|SA_SIGINFO
   SIGTERM: _ZL11UserHandleriPvS_ in libjvm.dylib, mask=11100110000111110111111111111111, flags=SA_RESTART|SA_SIGINFO
   SIGQUIT: _ZL11UserHandleriPvS_ in libjvm.dylib, mask=11100110000111110111111111111111, flags=SA_RESTART|SA_SIGINFO
   SIGTRAP: _ZL13crash_handleriP9__siginfoPv in libjvm.dylib, mask=11100110000111110111111111111111, flags=SA_RESTART|SA_SIGINFO


---------------  S Y S T E M  ---------------

OS:
uname: Darwin 21.6.0 Darwin Kernel Version 21.6.0: Sat Jun 18 17:07:22 PDT 2022; root:xnu-8020.140.41~1/RELEASE_ARM64_T6000 arm64
OS uptime: 27 days 22:28 hours
rlimit (soft/hard): STACK 8176k/65520k , CORE 0k/infinity , NPROC 2666/4000 , NOFILE 10240/infinity , AS infinity/infinity , CPU infinity/infinity , DATA infinity/infinity , FSIZE infinity/infinity , MEMLOCK infinity/infinity , RSS infinity/infinity
load average: 4.47 3.82 3.71

CPU: total 10 (initial active 10) 0x61:0x0:0x1b588bb3:0, fp, simd, aes, pmull, crc, lse

Memory: 16k page, physical 16777216k(86608k free), swap 4194304k(1408576k free)

vm_info: Java HotSpot(TM) 64-Bit Server VM (18+36-2087) for bsd-aarch64 JRE (18+36-2087), built on Feb 15 2022 09:39:20 by "mach5one" with clang Apple LLVM 12.0.0 (clang-1200.0.32.29)

END.
