#
# A fatal error has been detected by the Java Runtime Environment:
#
#  SIGBUS (0xa) at pc=0x000000010d9e54f0, pid=84136, tid=29959
#
# JRE version: Java(TM) SE Runtime Environment (18.0+36) (build 18+36-2087)
# Java VM: Java HotSpot(TM) 64-Bit Server VM (18+36-2087, mixed mode, sharing, tiered, compressed oops, compressed class ptrs, g1 gc, bsd-aarch64)
# Problematic frame:
# v  ~StubRoutines::SafeFetchN
#
# No core dump will be written. Core dumps have been disabled. To enable core dumping, try "ulimit -c unlimited" before starting Java again
#
# If you would like to submit a bug report, please visit:
#   https://bugreport.java.com/bugreport/crash.jsp
# The crash happened outside the Java Virtual Machine in native code.
# See problematic frame for where to report the bug.
#

---------------  S U M M A R Y ------------

Command Line: -javaagent:/Applications/IntelliJ IDEA.app/Contents/lib/idea_rt.jar=65447:/Applications/IntelliJ IDEA.app/Contents/bin -Dfile.encoding=UTF-8 --module-path=/Users/rugazza/.m2/repository/org/openjfx/javafx-fxml/18-ea+2/javafx-fxml-18-ea+2-mac-aarch64.jar:/Users/rugazza/IdeaProjects/ITC313_JavaFX/target/classes:/Users/rugazza/.m2/repository/org/openjfx/javafx-graphics/18-ea+2/javafx-graphics-18-ea+2-mac-aarch64.jar:/Users/rugazza/.m2/repository/org/openjfx/javafx-base/18-ea+2/javafx-base-18-ea+2-mac-aarch64.jar:/Users/rugazza/.m2/repository/org/openjfx/javafx-controls/18-ea+2/javafx-controls-18-ea+2-mac-aarch64.jar -Djdk.module.main=com.example.itc313_javafx com.example.itc313_javafx/chapter14.MultipleStageDemo

Host: "MacBookPro18,1" arm64, 10 cores, 16G, Darwin 21.6.0, macOS 12.5 (21G72)
Time: Sat Sep 10 07:39:52 2022 AWST elapsed time: 2.054245 seconds (0d 0h 0m 2s)

---------------  T H R E A D  ---------------

Current thread (0x000000012f808800):  JavaThread "InvokeLaterDispatcher" daemon [_thread_in_native, id=29959, stack(0x000000016e848000,0x000000016ea4b000)]

Stack: [0x000000016e848000,0x000000016ea4b000],  sp=0x000000016ea4a7d0,  free space=2057k
Native frames: (J=compiled Java code, j=interpreted, Vv=VM code, C=native code)
v  ~StubRoutines::SafeFetchN
V  [libjvm.dylib+0x7cb6e0]  OopStorage::release(oopDesc* const*)+0x20
V  [libjvm.dylib+0x4f4a18]  jni_DeleteGlobalRef+0xc0
C  [libglass.dylib+0xa9c0]  -[GlassRunnable dealloc]+0x34
C  [Foundation+0x852e8]  -[_NSThreadPerformInfo dealloc]+0x30
C  [Foundation+0x5187c]  -[NSObject(NSThreadPerformAdditions) performSelectorOnMainThread:withObject:waitUntilDone:]+0x88
C  0xbd0b00010d9ed8ac
j  com.sun.glass.ui.mac.MacApplication.submitForLaterInvocation(Ljava/lang/Runnable;)V+2 javafx.graphics
j  com.sun.glass.ui.InvokeLaterDispatcher.run()V+82 javafx.graphics
v  ~StubRoutines::call_stub
V  [libjvm.dylib+0x49bf94]  JavaCalls::call_helper(JavaValue*, methodHandle const&, JavaCallArguments*, JavaThread*)+0x38c
V  [libjvm.dylib+0x49afb0]  JavaCalls::call_virtual(JavaValue*, Klass*, Symbol*, Symbol*, JavaCallArguments*, JavaThread*)+0x11c
V  [libjvm.dylib+0x49b07c]  JavaCalls::call_virtual(JavaValue*, Handle, Klass*, Symbol*, Symbol*, JavaThread*)+0x64
V  [libjvm.dylib+0x54d228]  thread_entry(JavaThread*, JavaThread*)+0x9c
V  [libjvm.dylib+0x916074]  JavaThread::thread_main_inner()+0xa0
V  [libjvm.dylib+0x914ad4]  Thread::call_run()+0xe0
V  [libjvm.dylib+0x7d1ec4]  thread_native_entry(Thread*)+0x158
C  [libsystem_pthread.dylib+0x726c]  _pthread_start+0x94

Java frames: (J=compiled Java code, j=interpreted, Vv=VM code)
j  com.sun.glass.ui.mac.MacApplication._submitForLaterInvocation(Ljava/lang/Runnable;)V+0 javafx.graphics
j  com.sun.glass.ui.mac.MacApplication.submitForLaterInvocation(Ljava/lang/Runnable;)V+2 javafx.graphics
j  com.sun.glass.ui.InvokeLaterDispatcher.run()V+82 javafx.graphics
v  ~StubRoutines::call_stub

siginfo: si_signo: 10 (SIGBUS), si_code: 1 (BUS_ADRALN), si_addr: 0x000000010d9e54f0

Register to memory mapping:

 x0=0x0000000104e05848 points into unknown readable memory: 0x0000000000000000 | 00 00 00 00 00 00 00 00
 x1=0x0 is NULL
 x2=0x000000070f3318d0 is an oop: com.sun.glass.ui.InvokeLaterDispatcher$Future 
{0x000000070f3318d0} - klass: 'com/sun/glass/ui/InvokeLaterDispatcher$Future'
 - ---- fields (total size 3 words):
 - private 'done' 'Z' @12  true
 - private final 'runnable' 'Ljava/lang/Runnable;' @16  a 'com/sun/javafx/tk/quantum/QuantumToolkit$$Lambda$82+0x0000000800c3add0'{0x000000070e92a6d0} (e1d254da)
 - final synthetic 'this$0' 'Lcom/sun/glass/ui/InvokeLaterDispatcher;' @20  a 'com/sun/glass/ui/InvokeLaterDispatcher'{0x000000070e800170} (e1d0002e)
 x3=0x0 is NULL
 x4=0x00000000000130a8 is an unknown value
 x5=0x0 is NULL
 x6=0x0 is NULL
 x7=0x0 is NULL
 x8=0x000000010d9e54ec is at begin+0 in a stub
StubRoutines::SafeFetchN [0x000000010d9e54ec, 0x000000010d9e54f8] (12 bytes)
 x9=0x0 is NULL
x10=0x2010000030300000 is an unknown value
x11=0x0000000000000007 is an unknown value
x12=0x0000000000000003 is an unknown value
x13=0x000060000379bfa0 points into unknown readable memory: 0x046280019b0cd7f4 | f4 d7 0c 9b 01 80 62 04
x14=0x0000060000000000 is an unknown value
x15=0x000000011dda9fa0: OBJC_CLASS_$_GlassRunnable+0 in /Users/rugazza/.openjfx/cache/18-ea/libglass.dylib at 0x000000011dd64000
x16=0x000000019a12b0fc: pthread_getspecific+0 in /usr/lib/system/libsystem_pthread.dylib at 0x000000019a129000
x17=0x00006000032a4690 points into unknown readable memory: 0xfffffffffffffffe | fe ff ff ff ff ff ff ff
x18=0x0 is NULL
x19=0x00006000032b42a0 points into unknown readable memory: 0x0000600001bb4180 | 80 41 bb 01 00 60 00 00
x20=0x0000000104e05640 points into unknown readable memory: 0x0000000000000000 | 00 00 00 00 00 00 00 00
x21=0x0000000104e05848 points into unknown readable memory: 0x0000000000000000 | 00 00 00 00 00 00 00 00
x22=0x000000012f808800 is a thread
x23=0x0000000000000001 is an unknown value
x24=0x0000000104e05800 is a global jni handle
x25=0x0000000105d9ac98: _ZN12StubRoutines17_safefetchN_entryE+0 in /Library/Java/JavaVirtualMachines/jdk-18.jdk/Contents/Home/lib/server/libjvm.dylib at 0x00000001051d4000
x26=0x0000000150520000 is pointing into metadata
x27=0x0 is NULL
x28=0x000000012f808800 is a thread


Registers:
 x0=0x0000000104e05848  x1=0x0000000000000000  x2=0x000000070f3318d0  x3=0x0000000000000000
 x4=0x00000000000130a8  x5=0x0000000000000000  x6=0x0000000000000000  x7=0x0000000000000000
 x8=0x000000010d9e54ec  x9=0x0000000000000000 x10=0x2010000030300000 x11=0x0000000000000007
x12=0x0000000000000003 x13=0x000060000379bfa0 x14=0x0000060000000000 x15=0x000000011dda9fa0
x16=0x000000019a12b0fc x17=0x00006000032a4690 x18=0x0000000000000000 x19=0x00006000032b42a0
x20=0x0000000104e05640 x21=0x0000000104e05848 x22=0x000000012f808800 x23=0x0000000000000001
x24=0x0000000104e05800 x25=0x0000000105d9ac98 x26=0x0000000150520000 x27=0x0000000000000000
x28=0x000000012f808800  fp=0x000000016ea4a810  lr=0x000000010599e4d4  sp=0x000000016ea4a7d0
pc=0x000000010d9e54f0 cpsr=0x0000000060001000
Top of Stack: (sp=0x000000016ea4a7d0)
0x000000016ea4a7d0:   0000000150520000 0000000000000001
0x000000016ea4a7e0:   000000016ea4a9c8 0000600001bf4010
0x000000016ea4a7f0:   0000000000000000 0000000104e05810
0x000000016ea4a800:   0000000104e05810 00006000032b42a0
0x000000016ea4a810:   000000016ea4a850 000000010599f6e0
0x000000016ea4a820:   0000000000000001 0000000104e05810
0x000000016ea4a830:   0000000000000000 0000000104e05810
0x000000016ea4a840:   0000000000000001 000000012f965a00
0x000000016ea4a850:   000000016ea4a880 00000001056c8a18
0x000000016ea4a860:   0000600001bf4020 00000001e446b8f7
0x000000016ea4a870:   0000000000000000 0000600001bf4020
0x000000016ea4a880:   000000016ea4a8b0 000000011dd6e9c0
0x000000016ea4a890:   26b5240065b6000b 0000000000000000
0x000000016ea4a8a0:   0000000000000000 0000600000cc01c0
0x000000016ea4a8b0:   000000016ea4a8f0 000000019b1012e8
0x000000016ea4a8c0:   000000016ea4a9c8 0000600001bf4010
0x000000016ea4a8d0:   0000600001bf4020 26b5240065b6000b
0x000000016ea4a8e0:   0000000000000000 0000000000000000
0x000000016ea4a8f0:   000000016ea4a930 087800019b0cd87c
0x000000016ea4a900:   000000016ea4a9c8 000000010d9ec7c0
0x000000016ea4a910:   0000000000000000 0000000105da2750
0x000000016ea4a920:   000000016ea4a940 000000010d9eb730
0x000000016ea4a930:   000000016ea4a9a0 bd0b00010d9ed8ac
0x000000016ea4a940:   000000016ea4a940 00000008007d0225
0x000000016ea4a950:   000000016ea4a950 0000000000000000
0x000000016ea4a960:   000000016ea4a9c8 0000000150520000
0x000000016ea4a970:   000000070e836ae8 0000000000000000
0x000000016ea4a980:   0000000000000000 00000001504fb7b8
0x000000016ea4a990:   0000000000000000 000000016ea4a9a0
0x000000016ea4a9a0:   000000016ea4aa20 000000010d9e9fc8
0x000000016ea4a9b0:   0000000000000000 0000000000000000
0x000000016ea4a9c0:   000000070f3318d0 000000070e836b60 

Instructions: (pc=0x000000010d9e54f0)
0x000000010d9e53f0:   f2a0bac9 f2c00029 6d425935 1e640886
0x000000010d9e5400:   0c402d31 1e6408c7 1f5654d0 1e6c1017
0x000000010d9e5410:   1f5050d0 1f504cd0 1f5048d0 1e650af6
0x000000010d9e5420:   1f50d8f6 1f5694d6 1f5158f6 1e762880
0x000000010d9e5430:   36000501 1e614000 14000026 2e251ca5
0x000000010d9e5440:   d28e3009 f2a0bac9 f2c00029 6d425d36
0x000000010d9e5450:   1e600806 0c402d32 1f5758c7 1e6c101a
0x000000010d9e5460:   1f4754c7 1e650805 1f4750c7 d2866668
0x000000010d9e5470:   f2a7fa68 1f474cc7 1e6608c0 1f4748c7
0x000000010d9e5480:   1e6e1019 eb08007f 540000ac 1f479400
0x000000010d9e5490:   1f460340 1e603b20 1400000e d2a7fd29
0x000000010d9e54a0:   eb09007f 540000ac 51480069 d3607d29
0x000000010d9e54b0:   9e670121 14000002 1e6a5001 1f679417
0x000000010d9e54c0:   1f668742 1e613b23 1e773857 1e773860
0x000000010d9e54d0:   a8c17ff3 910003bf a8c17bfd d65f03c0
0x000000010d9e54e0:   b9400001 aa0103e0 d65f03c0 f9400001
0x000000010d9e54f0:   aa0103e0 d65f03c0 00000000 00000000
0x000000010d9e5500:   00000000 00000000 00000000 00000000
0x000000010d9e5510:   00000000 00000000 00000000 00000000
0x000000010d9e5520:   00000000 00000000 00000000 00000000
0x000000010d9e5530:   00000000 00000000 00000000 00000000
0x000000010d9e5540:   00000000 00000000 00000000 00000000
0x000000010d9e5550:   00000000 00000000 00000000 00000000
0x000000010d9e5560:   00000000 00000000 00000000 00000000
0x000000010d9e5570:   00000000 00000000 00000000 00000000
0x000000010d9e5580:   00000000 00000000 00000000 00000000
0x000000010d9e5590:   00000000 00000000 00000000 00000000
0x000000010d9e55a0:   00000000 00000000 00000000 00000000
0x000000010d9e55b0:   00000000 00000000 00000000 00000000
0x000000010d9e55c0:   00000000 00000000 00000000 00000000
0x000000010d9e55d0:   00000000 00000000 00000000 00000000
0x000000010d9e55e0:   00000000 00000000 00000000 00000000 


Stack slot to memory mapping:
stack at sp + 0 slots: 0x0000000150520000 is pointing into metadata
stack at sp + 1 slots: 0x0000000000000001 is an unknown value
stack at sp + 2 slots: 0x000000016ea4a9c8 is pointing into the stack for thread: 0x000000012f808800
stack at sp + 3 slots: 0x0000600001bf4010 points into unknown readable memory: 0x01000001f2b8a031 | 31 a0 b8 f2 01 00 00 01
stack at sp + 4 slots: 0x0 is NULL
stack at sp + 5 slots: 0x0000000104e05810 is a global jni handle
stack at sp + 6 slots: 0x0000000104e05810 is a global jni handle
stack at sp + 7 slots: 0x00006000032b42a0 points into unknown readable memory: 0x0000600001bb4180 | 80 41 bb 01 00 60 00 00

StubRoutines::SafeFetchN [0x000000010d9e54ec, 0x000000010d9e54f8] (12 bytes)
[MachCode]
  0x000000010d9e54ec: 0100 40f9 | e003 01aa | c003 5fd6 
[/MachCode]

---------------  P R O C E S S  ---------------

Threads class SMR info:
_java_thread_list=0x000060000191eb40, length=20, elements={
0x000000011f008a00, 0x000000012e008200, 0x000000012f00d600, 0x000000012e009200,
0x000000012e00d000, 0x000000012e00d600, 0x0000000138010600, 0x000000013800c600,
0x0000000138011600, 0x000000012f85d800, 0x000000011e09cc00, 0x000000012e090400,
0x000000013800aa00, 0x000000012f808800, 0x000000012f965a00, 0x0000000139011800,
0x000000012f9d4c00, 0x000000011e0ba400, 0x000000012f990e00, 0x000000012fa57a00
}

Java Threads: ( => current thread )
  0x000000011f008a00 JavaThread "main" [_thread_blocked, id=10243, stack(0x000000016be40000,0x000000016c043000)]
  0x000000012e008200 JavaThread "Reference Handler" daemon [_thread_blocked, id=15107, stack(0x000000016cc94000,0x000000016ce97000)]
  0x000000012f00d600 JavaThread "Finalizer" daemon [_thread_blocked, id=16387, stack(0x000000016cea0000,0x000000016d0a3000)]
  0x000000012e009200 JavaThread "Signal Dispatcher" daemon [_thread_blocked, id=22531, stack(0x000000016d1c4000,0x000000016d3c7000)]
  0x000000012e00d000 JavaThread "Service Thread" daemon [_thread_blocked, id=22787, stack(0x000000016d3d0000,0x000000016d5d3000)]
  0x000000012e00d600 JavaThread "Monitor Deflation Thread" daemon [_thread_blocked, id=23299, stack(0x000000016d5dc000,0x000000016d7df000)]
  0x0000000138010600 JavaThread "C2 CompilerThread0" daemon [_thread_blocked, id=41475, stack(0x000000016d7e8000,0x000000016d9eb000)]
  0x000000013800c600 JavaThread "C1 CompilerThread0" daemon [_thread_blocked, id=23555, stack(0x000000016d9f4000,0x000000016dbf7000)]
  0x0000000138011600 JavaThread "Sweeper thread" daemon [_thread_blocked, id=40963, stack(0x000000016dc00000,0x000000016de03000)]
  0x000000012f85d800 JavaThread "Common-Cleaner" daemon [_thread_blocked, id=40707, stack(0x000000016de0c000,0x000000016e00f000)]
  0x000000011e09cc00 JavaThread "Monitor Ctrl-Break" daemon [_thread_in_native, id=24323, stack(0x000000016e018000,0x000000016e21b000)]
  0x000000012e090400 JavaThread "Notification Thread" daemon [_thread_blocked, id=24579, stack(0x000000016e224000,0x000000016e427000)]
  0x000000013800aa00 JavaThread "QuantumRenderer-0" daemon [_thread_blocked, id=25091, stack(0x000000016e63c000,0x000000016e83f000)]
=>0x000000012f808800 JavaThread "InvokeLaterDispatcher" daemon [_thread_in_native, id=29959, stack(0x000000016e848000,0x000000016ea4b000)]
  0x000000012f965a00 JavaThread "JavaFX Application Thread" [_thread_in_vm, id=259, stack(0x000000016b5b8000,0x000000016bdb4000)]
  0x0000000139011800 JavaThread "JavaFX-Launcher" [_thread_blocked, id=75011, stack(0x000000016ecec000,0x000000016eeef000)]
  0x000000012f9d4c00 JavaThread "Prism Font Disposer" daemon [_thread_blocked, id=58379, stack(0x000000016f934000,0x000000016fb37000)]
  0x000000011e0ba400 JavaThread "Cleaner-0" daemon [_thread_blocked, id=63491, stack(0x000000016fc58000,0x000000016fe5b000)]
  0x000000012f990e00 JavaThread "Attach Listener" daemon [_thread_blocked, id=51271, stack(0x0000000290004000,0x0000000290207000)]
  0x000000012fa57a00 JavaThread "PulseTimer-CVDisplayLink thread" daemon [_thread_in_native, id=1319, stack(0x000000016eae0000,0x000000016eb63000)]

Other Threads:
  0x000000011ef169e0 VMThread "VM Thread" [stack: 0x000000016ca88000,0x000000016cc8b000] [id=16643]
  0x0000000104e0a2c0 WatcherThread "VM Periodic Task Thread" [stack: 0x000000016e430000,0x000000016e633000] [id=39683]
  0x000000011f806a80 WorkerThread "GC Thread#0" [stack: 0x000000016c04c000,0x000000016c24f000] [id=12547]
  0x000000012ee444a0 WorkerThread "GC Thread#1" [stack: 0x000000016eef8000,0x000000016f0fb000] [id=74755]
  0x000000012ee44b30 WorkerThread "GC Thread#2" [stack: 0x000000016f104000,0x000000016f307000] [id=74499]
  0x000000012ef1c340 WorkerThread "GC Thread#3" [stack: 0x000000016f310000,0x000000016f513000] [id=54787]
  0x000000012ef1cd30 WorkerThread "GC Thread#4" [stack: 0x000000016f51c000,0x000000016f71f000] [id=73731]
  0x000000012ef1d590 WorkerThread "GC Thread#5" [stack: 0x000000016f728000,0x000000016f92b000] [id=55043]
  0x000000011ef04a10 ConcurrentGCThread "G1 Main Marker" [stack: 0x000000016c258000,0x000000016c45b000] [id=19971]
  0x000000011ef050b0 WorkerThread "G1 Conc#0" [stack: 0x000000016c464000,0x000000016c667000] [id=19203]
  0x000000011ef121d0 ConcurrentGCThread "G1 Refine#0" [stack: 0x000000016c670000,0x000000016c873000] [id=13827]
  0x000000011ef12a50 ConcurrentGCThread "G1 Service" [stack: 0x000000016c87c000,0x000000016ca7f000] [id=18691]

Threads with active compile tasks:

VM state: not at safepoint (normal execution)

VM Mutex/Monitor currently owned by a thread: None

Heap address: 0x0000000700000000, size: 4096 MB, Compressed Oops mode: Zero based, Oop shift amount: 3

CDS archive(s) mapped at: [0x0000000800000000-0x0000000800ba8000-0x0000000800ba8000), size 12222464, SharedBaseAddress: 0x0000000800000000, ArchiveRelocationMode: 0.
Compressed class space mapped at: 0x0000000800c00000-0x0000000840c00000, reserved size: 1073741824
Narrow klass base: 0x0000000800000000, Narrow klass shift: 0, Narrow klass range: 0x100000000

GC Precious Log:
 CardTable entry size: 512
 Card Set container configuration: InlinePtr #cards 4 size 8 Array Of Cards #cards 16 size 48 Howl #buckets 8 coarsen threshold 3686 Howl Bitmap #cards 512 size 80 coarsen threshold 460 Card regions per heap region 1 cards per card region 4096
 CPUs: 10 total, 10 available
 Memory: 16384M
 Large Page Support: Disabled
 NUMA Support: Disabled
 Compressed Oops: Enabled (Zero based)
 Heap Region Size: 2M
 Heap Min Capacity: 8M
 Heap Initial Capacity: 256M
 Heap Max Capacity: 4G
 Pre-touch: Disabled
 Parallel Workers: 9
 Concurrent Workers: 2
 Concurrent Refinement Workers: 9
 Periodic GC: Disabled

Heap:
 garbage-first heap   total 266240K, used 27160K [0x0000000700000000, 0x0000000800000000)
  region size 2048K, 13 young (26624K), 2 survivors (4096K)
 Metaspace       used 11570K, committed 11904K, reserved 1114112K
  class space    used 1559K, committed 1728K, reserved 1048576K

Heap Regions: E=young(eden), S=young(survivor), O=old, HS=humongous(starts), HC=humongous(continues), CS=collection set, F=free, OA=open archive, CA=closed archive, TAMS=top-at-mark-start (previous, next)
|   0|0x0000000700000000, 0x0000000700200000, 0x0000000700200000|100%|HS|  |TAMS 0x0000000700000000, 0x0000000700000000| Complete 
|   1|0x0000000700200000, 0x0000000700200000, 0x0000000700400000|  0%| F|  |TAMS 0x0000000700200000, 0x0000000700200000| Untracked 
|   2|0x0000000700400000, 0x0000000700400000, 0x0000000700600000|  0%| F|  |TAMS 0x0000000700400000, 0x0000000700400000| Untracked 
|   3|0x0000000700600000, 0x0000000700600000, 0x0000000700800000|  0%| F|  |TAMS 0x0000000700600000, 0x0000000700600000| Untracked 
|   4|0x0000000700800000, 0x0000000700800000, 0x0000000700a00000|  0%| F|  |TAMS 0x0000000700800000, 0x0000000700800000| Untracked 
|   5|0x0000000700a00000, 0x0000000700a00000, 0x0000000700c00000|  0%| F|  |TAMS 0x0000000700a00000, 0x0000000700a00000| Untracked 
|   6|0x0000000700c00000, 0x0000000700c00000, 0x0000000700e00000|  0%| F|  |TAMS 0x0000000700c00000, 0x0000000700c00000| Untracked 
|   7|0x0000000700e00000, 0x0000000700e00000, 0x0000000701000000|  0%| F|  |TAMS 0x0000000700e00000, 0x0000000700e00000| Untracked 
|   8|0x0000000701000000, 0x0000000701000000, 0x0000000701200000|  0%| F|  |TAMS 0x0000000701000000, 0x0000000701000000| Untracked 
|   9|0x0000000701200000, 0x0000000701200000, 0x0000000701400000|  0%| F|  |TAMS 0x0000000701200000, 0x0000000701200000| Untracked 
|  10|0x0000000701400000, 0x0000000701400000, 0x0000000701600000|  0%| F|  |TAMS 0x0000000701400000, 0x0000000701400000| Untracked 
|  11|0x0000000701600000, 0x0000000701600000, 0x0000000701800000|  0%| F|  |TAMS 0x0000000701600000, 0x0000000701600000| Untracked 
|  12|0x0000000701800000, 0x0000000701800000, 0x0000000701a00000|  0%| F|  |TAMS 0x0000000701800000, 0x0000000701800000| Untracked 
|  13|0x0000000701a00000, 0x0000000701a00000, 0x0000000701c00000|  0%| F|  |TAMS 0x0000000701a00000, 0x0000000701a00000| Untracked 
|  14|0x0000000701c00000, 0x0000000701c00000, 0x0000000701e00000|  0%| F|  |TAMS 0x0000000701c00000, 0x0000000701c00000| Untracked 
|  15|0x0000000701e00000, 0x0000000701e00000, 0x0000000702000000|  0%| F|  |TAMS 0x0000000701e00000, 0x0000000701e00000| Untracked 
|  16|0x0000000702000000, 0x0000000702000000, 0x0000000702200000|  0%| F|  |TAMS 0x0000000702000000, 0x0000000702000000| Untracked 
|  17|0x0000000702200000, 0x0000000702200000, 0x0000000702400000|  0%| F|  |TAMS 0x0000000702200000, 0x0000000702200000| Untracked 
|  18|0x0000000702400000, 0x0000000702400000, 0x0000000702600000|  0%| F|  |TAMS 0x0000000702400000, 0x0000000702400000| Untracked 
|  19|0x0000000702600000, 0x0000000702600000, 0x0000000702800000|  0%| F|  |TAMS 0x0000000702600000, 0x0000000702600000| Untracked 
|  20|0x0000000702800000, 0x0000000702800000, 0x0000000702a00000|  0%| F|  |TAMS 0x0000000702800000, 0x0000000702800000| Untracked 
|  21|0x0000000702a00000, 0x0000000702a00000, 0x0000000702c00000|  0%| F|  |TAMS 0x0000000702a00000, 0x0000000702a00000| Untracked 
|  22|0x0000000702c00000, 0x0000000702c00000, 0x0000000702e00000|  0%| F|  |TAMS 0x0000000702c00000, 0x0000000702c00000| Untracked 
|  23|0x0000000702e00000, 0x0000000702e00000, 0x0000000703000000|  0%| F|  |TAMS 0x0000000702e00000, 0x0000000702e00000| Untracked 
|  24|0x0000000703000000, 0x0000000703000000, 0x0000000703200000|  0%| F|  |TAMS 0x0000000703000000, 0x0000000703000000| Untracked 
|  25|0x0000000703200000, 0x0000000703200000, 0x0000000703400000|  0%| F|  |TAMS 0x0000000703200000, 0x0000000703200000| Untracked 
|  26|0x0000000703400000, 0x0000000703400000, 0x0000000703600000|  0%| F|  |TAMS 0x0000000703400000, 0x0000000703400000| Untracked 
|  27|0x0000000703600000, 0x0000000703600000, 0x0000000703800000|  0%| F|  |TAMS 0x0000000703600000, 0x0000000703600000| Untracked 
|  28|0x0000000703800000, 0x0000000703800000, 0x0000000703a00000|  0%| F|  |TAMS 0x0000000703800000, 0x0000000703800000| Untracked 
|  29|0x0000000703a00000, 0x0000000703a00000, 0x0000000703c00000|  0%| F|  |TAMS 0x0000000703a00000, 0x0000000703a00000| Untracked 
|  30|0x0000000703c00000, 0x0000000703c00000, 0x0000000703e00000|  0%| F|  |TAMS 0x0000000703c00000, 0x0000000703c00000| Untracked 
|  31|0x0000000703e00000, 0x0000000703e00000, 0x0000000704000000|  0%| F|  |TAMS 0x0000000703e00000, 0x0000000703e00000| Untracked 
|  32|0x0000000704000000, 0x0000000704000000, 0x0000000704200000|  0%| F|  |TAMS 0x0000000704000000, 0x0000000704000000| Untracked 
|  33|0x0000000704200000, 0x0000000704200000, 0x0000000704400000|  0%| F|  |TAMS 0x0000000704200000, 0x0000000704200000| Untracked 
|  34|0x0000000704400000, 0x0000000704400000, 0x0000000704600000|  0%| F|  |TAMS 0x0000000704400000, 0x0000000704400000| Untracked 
|  35|0x0000000704600000, 0x0000000704600000, 0x0000000704800000|  0%| F|  |TAMS 0x0000000704600000, 0x0000000704600000| Untracked 
|  36|0x0000000704800000, 0x0000000704800000, 0x0000000704a00000|  0%| F|  |TAMS 0x0000000704800000, 0x0000000704800000| Untracked 
|  37|0x0000000704a00000, 0x0000000704a00000, 0x0000000704c00000|  0%| F|  |TAMS 0x0000000704a00000, 0x0000000704a00000| Untracked 
|  38|0x0000000704c00000, 0x0000000704c00000, 0x0000000704e00000|  0%| F|  |TAMS 0x0000000704c00000, 0x0000000704c00000| Untracked 
|  39|0x0000000704e00000, 0x0000000704e00000, 0x0000000705000000|  0%| F|  |TAMS 0x0000000704e00000, 0x0000000704e00000| Untracked 
|  40|0x0000000705000000, 0x0000000705000000, 0x0000000705200000|  0%| F|  |TAMS 0x0000000705000000, 0x0000000705000000| Untracked 
|  41|0x0000000705200000, 0x0000000705200000, 0x0000000705400000|  0%| F|  |TAMS 0x0000000705200000, 0x0000000705200000| Untracked 
|  42|0x0000000705400000, 0x0000000705400000, 0x0000000705600000|  0%| F|  |TAMS 0x0000000705400000, 0x0000000705400000| Untracked 
|  43|0x0000000705600000, 0x0000000705600000, 0x0000000705800000|  0%| F|  |TAMS 0x0000000705600000, 0x0000000705600000| Untracked 
|  44|0x0000000705800000, 0x0000000705800000, 0x0000000705a00000|  0%| F|  |TAMS 0x0000000705800000, 0x0000000705800000| Untracked 
|  45|0x0000000705a00000, 0x0000000705a00000, 0x0000000705c00000|  0%| F|  |TAMS 0x0000000705a00000, 0x0000000705a00000| Untracked 
|  46|0x0000000705c00000, 0x0000000705c00000, 0x0000000705e00000|  0%| F|  |TAMS 0x0000000705c00000, 0x0000000705c00000| Untracked 
|  47|0x0000000705e00000, 0x0000000705e00000, 0x0000000706000000|  0%| F|  |TAMS 0x0000000705e00000, 0x0000000705e00000| Untracked 
|  48|0x0000000706000000, 0x0000000706000000, 0x0000000706200000|  0%| F|  |TAMS 0x0000000706000000, 0x0000000706000000| Untracked 
|  49|0x0000000706200000, 0x0000000706200000, 0x0000000706400000|  0%| F|  |TAMS 0x0000000706200000, 0x0000000706200000| Untracked 
|  50|0x0000000706400000, 0x0000000706400000, 0x0000000706600000|  0%| F|  |TAMS 0x0000000706400000, 0x0000000706400000| Untracked 
|  51|0x0000000706600000, 0x0000000706600000, 0x0000000706800000|  0%| F|  |TAMS 0x0000000706600000, 0x0000000706600000| Untracked 
|  52|0x0000000706800000, 0x0000000706800000, 0x0000000706a00000|  0%| F|  |TAMS 0x0000000706800000, 0x0000000706800000| Untracked 
|  53|0x0000000706a00000, 0x0000000706a00000, 0x0000000706c00000|  0%| F|  |TAMS 0x0000000706a00000, 0x0000000706a00000| Untracked 
|  54|0x0000000706c00000, 0x0000000706c00000, 0x0000000706e00000|  0%| F|  |TAMS 0x0000000706c00000, 0x0000000706c00000| Untracked 
|  55|0x0000000706e00000, 0x0000000706e00000, 0x0000000707000000|  0%| F|  |TAMS 0x0000000706e00000, 0x0000000706e00000| Untracked 
|  56|0x0000000707000000, 0x0000000707000000, 0x0000000707200000|  0%| F|  |TAMS 0x0000000707000000, 0x0000000707000000| Untracked 
|  57|0x0000000707200000, 0x0000000707200000, 0x0000000707400000|  0%| F|  |TAMS 0x0000000707200000, 0x0000000707200000| Untracked 
|  58|0x0000000707400000, 0x0000000707400000, 0x0000000707600000|  0%| F|  |TAMS 0x0000000707400000, 0x0000000707400000| Untracked 
|  59|0x0000000707600000, 0x0000000707600000, 0x0000000707800000|  0%| F|  |TAMS 0x0000000707600000, 0x0000000707600000| Untracked 
|  60|0x0000000707800000, 0x0000000707800000, 0x0000000707a00000|  0%| F|  |TAMS 0x0000000707800000, 0x0000000707800000| Untracked 
|  61|0x0000000707a00000, 0x0000000707a00000, 0x0000000707c00000|  0%| F|  |TAMS 0x0000000707a00000, 0x0000000707a00000| Untracked 
|  62|0x0000000707c00000, 0x0000000707c00000, 0x0000000707e00000|  0%| F|  |TAMS 0x0000000707c00000, 0x0000000707c00000| Untracked 
|  63|0x0000000707e00000, 0x0000000707e00000, 0x0000000708000000|  0%| F|  |TAMS 0x0000000707e00000, 0x0000000707e00000| Untracked 
|  64|0x0000000708000000, 0x0000000708000000, 0x0000000708200000|  0%| F|  |TAMS 0x0000000708000000, 0x0000000708000000| Untracked 
|  65|0x0000000708200000, 0x0000000708200000, 0x0000000708400000|  0%| F|  |TAMS 0x0000000708200000, 0x0000000708200000| Untracked 
|  66|0x0000000708400000, 0x0000000708400000, 0x0000000708600000|  0%| F|  |TAMS 0x0000000708400000, 0x0000000708400000| Untracked 
|  67|0x0000000708600000, 0x0000000708600000, 0x0000000708800000|  0%| F|  |TAMS 0x0000000708600000, 0x0000000708600000| Untracked 
|  68|0x0000000708800000, 0x0000000708800000, 0x0000000708a00000|  0%| F|  |TAMS 0x0000000708800000, 0x0000000708800000| Untracked 
|  69|0x0000000708a00000, 0x0000000708a00000, 0x0000000708c00000|  0%| F|  |TAMS 0x0000000708a00000, 0x0000000708a00000| Untracked 
|  70|0x0000000708c00000, 0x0000000708c00000, 0x0000000708e00000|  0%| F|  |TAMS 0x0000000708c00000, 0x0000000708c00000| Untracked 
|  71|0x0000000708e00000, 0x0000000708e00000, 0x0000000709000000|  0%| F|  |TAMS 0x0000000708e00000, 0x0000000708e00000| Untracked 
|  72|0x0000000709000000, 0x0000000709000000, 0x0000000709200000|  0%| F|  |TAMS 0x0000000709000000, 0x0000000709000000| Untracked 
|  73|0x0000000709200000, 0x0000000709200000, 0x0000000709400000|  0%| F|  |TAMS 0x0000000709200000, 0x0000000709200000| Untracked 
|  74|0x0000000709400000, 0x0000000709400000, 0x0000000709600000|  0%| F|  |TAMS 0x0000000709400000, 0x0000000709400000| Untracked 
|  75|0x0000000709600000, 0x0000000709600000, 0x0000000709800000|  0%| F|  |TAMS 0x0000000709600000, 0x0000000709600000| Untracked 
|  76|0x0000000709800000, 0x0000000709800000, 0x0000000709a00000|  0%| F|  |TAMS 0x0000000709800000, 0x0000000709800000| Untracked 
|  77|0x0000000709a00000, 0x0000000709a00000, 0x0000000709c00000|  0%| F|  |TAMS 0x0000000709a00000, 0x0000000709a00000| Untracked 
|  78|0x0000000709c00000, 0x0000000709c00000, 0x0000000709e00000|  0%| F|  |TAMS 0x0000000709c00000, 0x0000000709c00000| Untracked 
|  79|0x0000000709e00000, 0x0000000709e00000, 0x000000070a000000|  0%| F|  |TAMS 0x0000000709e00000, 0x0000000709e00000| Untracked 
|  80|0x000000070a000000, 0x000000070a000000, 0x000000070a200000|  0%| F|  |TAMS 0x000000070a000000, 0x000000070a000000| Untracked 
|  81|0x000000070a200000, 0x000000070a200000, 0x000000070a400000|  0%| F|  |TAMS 0x000000070a200000, 0x000000070a200000| Untracked 
|  82|0x000000070a400000, 0x000000070a400000, 0x000000070a600000|  0%| F|  |TAMS 0x000000070a400000, 0x000000070a400000| Untracked 
|  83|0x000000070a600000, 0x000000070a600000, 0x000000070a800000|  0%| F|  |TAMS 0x000000070a600000, 0x000000070a600000| Untracked 
|  84|0x000000070a800000, 0x000000070a800000, 0x000000070aa00000|  0%| F|  |TAMS 0x000000070a800000, 0x000000070a800000| Untracked 
|  85|0x000000070aa00000, 0x000000070aa00000, 0x000000070ac00000|  0%| F|  |TAMS 0x000000070aa00000, 0x000000070aa00000| Untracked 
|  86|0x000000070ac00000, 0x000000070ac00000, 0x000000070ae00000|  0%| F|  |TAMS 0x000000070ac00000, 0x000000070ac00000| Untracked 
|  87|0x000000070ae00000, 0x000000070ae00000, 0x000000070b000000|  0%| F|  |TAMS 0x000000070ae00000, 0x000000070ae00000| Untracked 
|  88|0x000000070b000000, 0x000000070b000000, 0x000000070b200000|  0%| F|  |TAMS 0x000000070b000000, 0x000000070b000000| Untracked 
|  89|0x000000070b200000, 0x000000070b200000, 0x000000070b400000|  0%| F|  |TAMS 0x000000070b200000, 0x000000070b200000| Untracked 
|  90|0x000000070b400000, 0x000000070b400000, 0x000000070b600000|  0%| F|  |TAMS 0x000000070b400000, 0x000000070b400000| Untracked 
|  91|0x000000070b600000, 0x000000070b600000, 0x000000070b800000|  0%| F|  |TAMS 0x000000070b600000, 0x000000070b600000| Untracked 
|  92|0x000000070b800000, 0x000000070b800000, 0x000000070ba00000|  0%| F|  |TAMS 0x000000070b800000, 0x000000070b800000| Untracked 
|  93|0x000000070ba00000, 0x000000070ba00000, 0x000000070bc00000|  0%| F|  |TAMS 0x000000070ba00000, 0x000000070ba00000| Untracked 
|  94|0x000000070bc00000, 0x000000070bc00000, 0x000000070be00000|  0%| F|  |TAMS 0x000000070bc00000, 0x000000070bc00000| Untracked 
|  95|0x000000070be00000, 0x000000070be00000, 0x000000070c000000|  0%| F|  |TAMS 0x000000070be00000, 0x000000070be00000| Untracked 
|  96|0x000000070c000000, 0x000000070c000000, 0x000000070c200000|  0%| F|  |TAMS 0x000000070c000000, 0x000000070c000000| Untracked 
|  97|0x000000070c200000, 0x000000070c200000, 0x000000070c400000|  0%| F|  |TAMS 0x000000070c200000, 0x000000070c200000| Untracked 
|  98|0x000000070c400000, 0x000000070c400000, 0x000000070c600000|  0%| F|  |TAMS 0x000000070c400000, 0x000000070c400000| Untracked 
|  99|0x000000070c600000, 0x000000070c600000, 0x000000070c800000|  0%| F|  |TAMS 0x000000070c600000, 0x000000070c600000| Untracked 
| 100|0x000000070c800000, 0x000000070c800000, 0x000000070ca00000|  0%| F|  |TAMS 0x000000070c800000, 0x000000070c800000| Untracked 
| 101|0x000000070ca00000, 0x000000070ca00000, 0x000000070cc00000|  0%| F|  |TAMS 0x000000070ca00000, 0x000000070ca00000| Untracked 
| 102|0x000000070cc00000, 0x000000070cc00000, 0x000000070ce00000|  0%| F|  |TAMS 0x000000070cc00000, 0x000000070cc00000| Untracked 
| 103|0x000000070ce00000, 0x000000070ce00000, 0x000000070d000000|  0%| F|  |TAMS 0x000000070ce00000, 0x000000070ce00000| Untracked 
| 104|0x000000070d000000, 0x000000070d000000, 0x000000070d200000|  0%| F|  |TAMS 0x000000070d000000, 0x000000070d000000| Untracked 
| 105|0x000000070d200000, 0x000000070d200000, 0x000000070d400000|  0%| F|  |TAMS 0x000000070d200000, 0x000000070d200000| Untracked 
| 106|0x000000070d400000, 0x000000070d400000, 0x000000070d600000|  0%| F|  |TAMS 0x000000070d400000, 0x000000070d400000| Untracked 
| 107|0x000000070d600000, 0x000000070d600000, 0x000000070d800000|  0%| F|  |TAMS 0x000000070d600000, 0x000000070d600000| Untracked 
| 108|0x000000070d800000, 0x000000070d800000, 0x000000070da00000|  0%| F|  |TAMS 0x000000070d800000, 0x000000070d800000| Untracked 
| 109|0x000000070da00000, 0x000000070da00000, 0x000000070dc00000|  0%| F|  |TAMS 0x000000070da00000, 0x000000070da00000| Untracked 
| 110|0x000000070dc00000, 0x000000070dc00000, 0x000000070de00000|  0%| F|  |TAMS 0x000000070dc00000, 0x000000070dc00000| Untracked 
| 111|0x000000070de00000, 0x000000070de00000, 0x000000070e000000|  0%| F|  |TAMS 0x000000070de00000, 0x000000070de00000| Untracked 
| 112|0x000000070e000000, 0x000000070e000000, 0x000000070e200000|  0%| F|  |TAMS 0x000000070e000000, 0x000000070e000000| Untracked 
| 113|0x000000070e200000, 0x000000070e200000, 0x000000070e400000|  0%| F|  |TAMS 0x000000070e200000, 0x000000070e200000| Untracked 
| 114|0x000000070e400000, 0x000000070e400000, 0x000000070e600000|  0%| F|  |TAMS 0x000000070e400000, 0x000000070e400000| Untracked 
| 115|0x000000070e600000, 0x000000070e69e010, 0x000000070e800000| 30%| S|CS|TAMS 0x000000070e600000, 0x000000070e600000| Complete 
| 116|0x000000070e800000, 0x000000070ea00000, 0x000000070ea00000|100%| S|CS|TAMS 0x000000070e800000, 0x000000070e800000| Complete 
| 117|0x000000070ea00000, 0x000000070eb6bd70, 0x000000070ec00000| 71%| E|  |TAMS 0x000000070ea00000, 0x000000070ea00000| Complete 
| 118|0x000000070ec00000, 0x000000070ee00000, 0x000000070ee00000|100%| E|CS|TAMS 0x000000070ec00000, 0x000000070ec00000| Complete 
| 119|0x000000070ee00000, 0x000000070f000000, 0x000000070f000000|100%| E|CS|TAMS 0x000000070ee00000, 0x000000070ee00000| Complete 
| 120|0x000000070f000000, 0x000000070f200000, 0x000000070f200000|100%| E|CS|TAMS 0x000000070f000000, 0x000000070f000000| Complete 
| 121|0x000000070f200000, 0x000000070f400000, 0x000000070f400000|100%| E|CS|TAMS 0x000000070f200000, 0x000000070f200000| Complete 
| 122|0x000000070f400000, 0x000000070f600000, 0x000000070f600000|100%| E|CS|TAMS 0x000000070f400000, 0x000000070f400000| Complete 
| 123|0x000000070f600000, 0x000000070f800000, 0x000000070f800000|100%| E|CS|TAMS 0x000000070f600000, 0x000000070f600000| Complete 
| 124|0x000000070f800000, 0x000000070fa00000, 0x000000070fa00000|100%| E|CS|TAMS 0x000000070f800000, 0x000000070f800000| Complete 
| 125|0x000000070fa00000, 0x000000070fc00000, 0x000000070fc00000|100%| E|CS|TAMS 0x000000070fa00000, 0x000000070fa00000| Complete 
| 126|0x000000070fc00000, 0x000000070fe00000, 0x000000070fe00000|100%| E|CS|TAMS 0x000000070fc00000, 0x000000070fc00000| Complete 
| 127|0x000000070fe00000, 0x0000000710000000, 0x0000000710000000|100%| E|CS|TAMS 0x000000070fe00000, 0x000000070fe00000| Complete 
|2046|0x00000007ffc00000, 0x00000007ffd74000, 0x00000007ffe00000| 72%|OA|  |TAMS 0x00000007ffc00000, 0x00000007ffc00000| Untracked 
|2047|0x00000007ffe00000, 0x00000007ffe74000, 0x0000000800000000| 22%|CA|  |TAMS 0x00000007ffe00000, 0x00000007ffe00000| Untracked 

Card table byte_map: [0x000000011c9e4000,0x000000011d1e4000] _byte_map_base: 0x00000001191e4000

Marking Bits (Prev, Next): (CMBitMap*) 0x000000011e008210, (CMBitMap*) 0x000000011e008250
 Prev Bits: [0x0000000128000000, 0x000000012c000000)
 Next Bits: [0x0000000139800000, 0x000000013d800000)

Polling page: 0x0000000104284000

Metaspace:

Usage:
  Non-class:      9.78 MB used.
      Class:      1.52 MB used.
       Both:     11.30 MB used.

Virtual space:
  Non-class space:       64.00 MB reserved,       9.94 MB ( 16%) committed,  1 nodes.
      Class space:        1.00 GB reserved,       1.69 MB ( <1%) committed,  1 nodes.
             Both:        1.06 GB reserved,      11.62 MB (  1%) committed. 

Chunk freelists:
   Non-Class:  1.34 MB
       Class:  2.23 MB
        Both:  3.57 MB

MaxMetaspaceSize: unlimited
CompressedClassSpaceSize: 1.00 GB
Initial GC threshold: 21.00 MB
Current GC threshold: 21.00 MB
CDS: on
MetaspaceReclaimPolicy: balanced
 - commit_granule_bytes: 65536.
 - commit_granule_words: 8192.
 - virtual_space_node_default_size: 8388608.
 - enlarge_chunks_in_place: 1.
 - new_chunks_are_fully_committed: 0.
 - uncommit_free_chunks: 1.
 - use_allocation_guard: 0.


Internal statistics:

num_allocs_failed_limit: 0.
num_arena_births: 214.
num_arena_deaths: 0.
num_vsnodes_births: 2.
num_vsnodes_deaths: 0.
num_space_committed: 186.
num_space_uncommitted: 0.
num_chunks_returned_to_freelist: 0.
num_chunks_taken_from_freelist: 560.
num_chunk_merges: 0.
num_chunk_splits: 399.
num_chunks_enlarged: 313.
num_inconsistent_stats: 0.

CodeHeap 'non-profiled nmethods': size=120032Kb used=564Kb max_used=564Kb free=119467Kb
 bounds [0x00000001154ac000, 0x000000011571c000, 0x000000011c9e4000]
CodeHeap 'profiled nmethods': size=120016Kb used=2962Kb max_used=2962Kb free=117053Kb
 bounds [0x000000010df78000, 0x000000010e268000, 0x00000001154ac000]
CodeHeap 'non-nmethods': size=5712Kb used=1381Kb max_used=1427Kb free=4330Kb
 bounds [0x000000010d9e4000, 0x000000010dc54000, 0x000000010df78000]
 total_blobs=2256 nmethods=1509 adapters=663
 compilation: enabled
              stopped_count=0, restarted_count=0
 full_count=0

Compilation events (20 events):
Event: 1.868 Thread 0x000000013800c600 nmethod 1549 0x000000010e259190 code [0x000000010e259340, 0x000000010e2594e8]
Event: 1.884 Thread 0x000000013800c600 1550       3       javafx.scene.Scene::getRoot (22 bytes)
Event: 1.885 Thread 0x000000013800c600 nmethod 1550 0x000000010e259590 code [0x000000010e259780, 0x000000010e259c98]
Event: 1.926 Thread 0x000000013800c600 1551       3       java.util.WeakHashMap$EntryIterator::next (5 bytes)
Event: 1.926 Thread 0x000000013800c600 nmethod 1551 0x000000010e259e10 code [0x000000010e259fc0, 0x000000010e25a258]
Event: 1.926 Thread 0x000000013800c600 1552       3       java.util.WeakHashMap$EntryIterator::next (5 bytes)
Event: 1.926 Thread 0x000000013800c600 nmethod 1552 0x000000010e25a310 code [0x000000010e25a4c0, 0x000000010e25a6d8]
Event: 1.934 Thread 0x000000013800c600 1553       3       java.security.AccessController::checkContext (49 bytes)
Event: 1.935 Thread 0x000000013800c600 nmethod 1553 0x000000010e25a790 code [0x000000010e25a940, 0x000000010e25ab68]
Event: 1.951 Thread 0x000000013800c600 1554       3       java.security.AccessController::doPrivileged (17 bytes)
Event: 1.951 Thread 0x000000013800c600 nmethod 1554 0x000000010e25ac90 code [0x000000010e25aec0, 0x000000010e25b328]
Event: 1.976 Thread 0x000000013800c600 1556       3       java.util.WeakHashMap::isEmpty (13 bytes)
Event: 1.976 Thread 0x000000013800c600 nmethod 1556 0x000000010e25b510 code [0x000000010e25b6c0, 0x000000010e25b958]
Event: 2.009 Thread 0x000000013800c600 1557       3       java.util.WeakHashMap$HashIterator::<init> (41 bytes)
Event: 2.010 Thread 0x000000013800c600 nmethod 1557 0x000000010e25ba90 code [0x000000010e25bc80, 0x000000010e25c0d8]
Event: 2.043 Thread 0x000000013800c600 1558       1       com.sun.scenario.animation.AnimationPulse::getEnabled (5 bytes)
Event: 2.043 Thread 0x000000013800c600 nmethod 1558 0x0000000115538b90 code [0x0000000115538d00, 0x0000000115538de8]
Event: 2.043 Thread 0x000000013800c600 1559       1       javafx.scene.Cursor$StandardCursor::getCurrentFrame (5 bytes)
Event: 2.043 Thread 0x000000013800c600 nmethod 1559 0x0000000115538e90 code [0x0000000115539000, 0x00000001155390e8]
Event: 2.051 Thread 0x000000013800c600 1560       3       java.util.concurrent.locks.AbstractQueuedSynchronizer::release (19 bytes)

GC Heap History (2 events):
Event: 0.328 GC heap before
{Heap before GC invocations=0 (full 0):
 garbage-first heap   total 266240K, used 22432K [0x0000000700000000, 0x0000000800000000)
  region size 2048K, 11 young (22528K), 0 survivors (0K)
 Metaspace       used 6579K, committed 6784K, reserved 1114112K
  class space    used 840K, committed 960K, reserved 1048576K
}
Event: 0.330 GC heap after
{Heap after GC invocations=1 (full 0):
 garbage-first heap   total 266240K, used 4632K [0x0000000700000000, 0x0000000800000000)
  region size 2048K, 2 young (4096K), 2 survivors (4096K)
 Metaspace       used 6579K, committed 6784K, reserved 1114112K
  class space    used 840K, committed 960K, reserved 1048576K
}

Deoptimization events (20 events):
Event: 1.811 Thread 0x000000013800aa00 DEOPT PACKING pc=0x000000010e22210c sp=0x000000016e83da20
Event: 1.811 Thread 0x000000013800aa00 DEOPT UNPACKING pc=0x000000010da22b7c sp=0x000000016e83d620 mode 0
Event: 1.811 Thread 0x000000013800aa00 DEOPT PACKING pc=0x000000010e24c864 sp=0x000000016e83daa0
Event: 1.811 Thread 0x000000013800aa00 DEOPT UNPACKING pc=0x000000010da22b7c sp=0x000000016e83d760 mode 0
Event: 1.811 Thread 0x000000013800aa00 DEOPT PACKING pc=0x000000010e22210c sp=0x000000016e83da20
Event: 1.811 Thread 0x000000013800aa00 DEOPT UNPACKING pc=0x000000010da22b7c sp=0x000000016e83d620 mode 0
Event: 1.812 Thread 0x000000013800aa00 DEOPT PACKING pc=0x000000010e24c864 sp=0x000000016e83daa0
Event: 1.812 Thread 0x000000013800aa00 DEOPT UNPACKING pc=0x000000010da22b7c sp=0x000000016e83d760 mode 0
Event: 1.814 Thread 0x000000013800aa00 DEOPT PACKING pc=0x000000010e22210c sp=0x000000016e83da20
Event: 1.814 Thread 0x000000013800aa00 DEOPT UNPACKING pc=0x000000010da22b7c sp=0x000000016e83d620 mode 0
Event: 1.814 Thread 0x000000013800aa00 DEOPT PACKING pc=0x000000010e24c864 sp=0x000000016e83daa0
Event: 1.814 Thread 0x000000013800aa00 DEOPT UNPACKING pc=0x000000010da22b7c sp=0x000000016e83d760 mode 0
Event: 1.814 Thread 0x000000013800aa00 DEOPT PACKING pc=0x000000010e22210c sp=0x000000016e83da20
Event: 1.814 Thread 0x000000013800aa00 DEOPT UNPACKING pc=0x000000010da22b7c sp=0x000000016e83d620 mode 0
Event: 1.815 Thread 0x000000013800aa00 DEOPT PACKING pc=0x000000010e24c864 sp=0x000000016e83daa0
Event: 1.815 Thread 0x000000013800aa00 DEOPT UNPACKING pc=0x000000010da22b7c sp=0x000000016e83d760 mode 0
Event: 1.815 Thread 0x000000013800aa00 DEOPT PACKING pc=0x000000010e22210c sp=0x000000016e83da20
Event: 1.815 Thread 0x000000013800aa00 DEOPT UNPACKING pc=0x000000010da22b7c sp=0x000000016e83d620 mode 0
Event: 1.815 Thread 0x000000013800aa00 DEOPT PACKING pc=0x000000010e24c864 sp=0x000000016e83daa0
Event: 1.815 Thread 0x000000013800aa00 DEOPT UNPACKING pc=0x000000010da22b7c sp=0x000000016e83d760 mode 0

Classes loaded (20 events):
Event: 1.257 Loading class sun/util/resources/cldr/TimeZoneNames_en_US
Event: 1.257 Loading class sun/util/resources/cldr/TimeZoneNames_en_US done
Event: 1.258 Loading class java/time/zone/ZoneRulesProvider
Event: 1.258 Loading class java/time/zone/ZoneRulesProvider done
Event: 1.258 Loading class java/time/zone/ZoneRulesProvider$1
Event: 1.258 Loading class java/time/zone/ZoneRulesProvider$1 done
Event: 1.258 Loading class java/time/zone/TzdbZoneRulesProvider
Event: 1.258 Loading class java/time/zone/TzdbZoneRulesProvider done
Event: 1.259 Loading class java/time/zone/Ser
Event: 1.259 Loading class java/io/Externalizable
Event: 1.259 Loading class java/io/Externalizable done
Event: 1.259 Loading class java/time/zone/Ser done
Event: 1.259 Loading class java/time/zone/ZoneOffsetTransition
Event: 1.260 Loading class java/time/zone/ZoneOffsetTransition done
Event: 1.260 Loading class sun/util/cldr/CLDRBaseLocaleDataMetaInfo$TZCanonicalIDMapHolder
Event: 1.260 Loading class sun/util/cldr/CLDRBaseLocaleDataMetaInfo$TZCanonicalIDMapHolder done
Event: 1.261 Loading class sun/util/resources/TimeZoneNames
Event: 1.261 Loading class sun/util/resources/TimeZoneNames done
Event: 1.261 Loading class sun/util/resources/TimeZoneNames_en
Event: 1.261 Loading class sun/util/resources/TimeZoneNames_en done

Classes unloaded (0 events):
No events

Classes redefined (0 events):
No events

Internal exceptions (20 events):
Event: 0.308 Thread 0x000000012f965a00 Exception <a 'java/lang/NoSuchMethodError'{0x000000070eddcaa8}: 'java.lang.Object java.lang.invoke.DirectMethodHandle$Holder.invokeStaticInit(java.lang.Object, java.lang.Object, java.lang.Object, java.lang.Object)'> (0x000000070eddcaa8) 
thrown [open/src/hotspot/share/interpreter/linkResolver.cpp, line 766]
Event: 0.309 Thread 0x000000012f965a00 Exception <a 'java/lang/NullPointerException'{0x000000070ede87c8}> (0x000000070ede87c8) 
thrown [open/src/hotspot/share/interpreter/linkResolver.cpp, line 1357]
Event: 0.352 Thread 0x000000012f965a00 Exception <a 'java/lang/NoSuchMethodError'{0x000000070fdcf5e8}: 'void java.lang.invoke.DirectMethodHandle$Holder.invokeStaticInit(java.lang.Object, java.lang.Object)'> (0x000000070fdcf5e8) 
thrown [open/src/hotspot/share/interpreter/linkResolver.cpp, line 766]
Event: 0.359 Thread 0x000000012f965a00 Exception <a 'sun/nio/fs/UnixException'{0x000000070fabe398}> (0x000000070fabe398) 
thrown [open/src/hotspot/share/prims/jni.cpp, line 516]
Event: 0.365 Thread 0x000000012f965a00 Implicit null exception at 0x00000001154f12bc to 0x00000001154f1cf4
Event: 0.402 Thread 0x000000012f965a00 Implicit null exception at 0x00000001154f5f14 to 0x00000001154f62d8
Event: 0.484 Thread 0x000000012f965a00 Implicit null exception at 0x00000001154f3894 to 0x00000001154f3c4c
Event: 0.485 Thread 0x000000012f965a00 Exception <a 'java/lang/NoSuchMethodError'{0x000000070f510338}: 'java.lang.Object java.lang.invoke.DirectMethodHandle$Holder.invokeInterface(java.lang.Object, java.lang.Object, java.lang.Object)'> (0x000000070f510338) 
thrown [open/src/hotspot/share/interpreter/linkResolver.cpp, line 766]
Event: 0.485 Thread 0x000000012f965a00 Exception <a 'java/lang/IncompatibleClassChangeError'{0x000000070f513cb8}: Found class java.lang.Object, but interface was expected> (0x000000070f513cb8) 
thrown [open/src/hotspot/share/interpreter/linkResolver.cpp, line 833]
Event: 0.496 Thread 0x000000012f965a00 Exception <a 'java/lang/NoSuchMethodError'{0x000000070f214ea8}: 'int java.lang.invoke.DirectMethodHandle$Holder.invokeSpecial(java.lang.Object, java.lang.Object, int)'> (0x000000070f214ea8) 
thrown [open/src/hotspot/share/interpreter/linkResolver.cpp, line 766]
Event: 0.496 Thread 0x000000012f965a00 Exception <a 'java/lang/NoSuchMethodError'{0x000000070f21cb40}: 'int java.lang.invoke.DirectMethodHandle$Holder.invokeSpecial(java.lang.Object, java.lang.Object, java.lang.Object, int)'> (0x000000070f21cb40) 
thrown [open/src/hotspot/share/interpreter/linkResolver.cpp, line 766]
Event: 0.497 Thread 0x000000012f965a00 Exception <a 'java/lang/NoSuchMethodError'{0x000000070f22f310}: 'java.lang.Object java.lang.invoke.DirectMethodHandle$Holder.invokeStatic(java.lang.Object, java.lang.Object, java.lang.Object, java.lang.Object, int)'> (0x000000070f22f310) 
thrown [open/src/hotspot/share/interpreter/linkResolver.cpp, line 766]
Event: 0.497 Thread 0x000000012f965a00 Exception <a 'java/lang/NoSuchMethodError'{0x000000070f237d98}: 'int java.lang.invoke.DirectMethodHandle$Holder.invokeSpecial(java.lang.Object, java.lang.Object, java.lang.Object)'> (0x000000070f237d98) 
thrown [open/src/hotspot/share/interpreter/linkResolver.cpp, line 766]
Event: 0.504 Thread 0x000000012f965a00 Exception <a 'java/lang/NoSuchMethodError'{0x000000070f2b6a68}: 'java.lang.Object java.lang.invoke.DirectMethodHandle$Holder.newInvokeSpecial(java.lang.Object, java.lang.Object, int)'> (0x000000070f2b6a68) 
thrown [open/src/hotspot/share/interpreter/linkResolver.cpp, line 766]
Event: 0.545 Thread 0x000000013800aa00 Exception <a 'java/lang/NoSuchMethodError'{0x000000070f0099e0}: 'int java.lang.invoke.DirectMethodHandle$Holder.invokeStaticInit(java.lang.Object, java.lang.Object)'> (0x000000070f0099e0) 
thrown [open/src/hotspot/share/interpreter/linkResolver.cpp, line 766]
Event: 1.259 Thread 0x000000012f990e00 Exception <a 'sun/nio/fs/UnixException'{0x000000070edc25a0}> (0x000000070edc25a0) 
thrown [open/src/hotspot/share/prims/jni.cpp, line 516]
Event: 1.696 Thread 0x000000012f965a00 Exception <a 'java/lang/NoSuchMethodError'{0x000000070eada7a0}: 'long java.lang.invoke.DirectMethodHandle$Holder.invokeStatic(java.lang.Object, java.lang.Object, java.lang.Object)'> (0x000000070eada7a0) 
thrown [open/src/hotspot/share/interpreter/linkResolver.cpp, line 766]
Event: 1.696 Thread 0x000000012f965a00 Exception <a 'java/lang/NoSuchMethodError'{0x000000070eaddf40}: 'long java.lang.invoke.DirectMethodHandle$Holder.invokeStaticInit(java.lang.Object, java.lang.Object, java.lang.Object)'> (0x000000070eaddf40) 
thrown [open/src/hotspot/share/interpreter/linkResolver.cpp, line 766]
Event: 1.697 Thread 0x000000012f965a00 Exception <a 'java/lang/NoSuchMethodError'{0x000000070eaf6680}: 'java.lang.Object java.lang.invoke.DirectMethodHandle$Holder.newInvokeSpecial(java.lang.Object, java.lang.Object, long)'> (0x000000070eaf6680) 
thrown [open/src/hotspot/share/interpreter/linkResolver.cpp, line 766]
Event: 1.697 Thread 0x000000012f965a00 Exception <a 'java/lang/NoSuchMethodError'{0x000000070eb31988}: 'java.lang.Object java.lang.invoke.Invokers$Holder.linkToTargetMethod(java.lang.Object, long, java.lang.Object)'> (0x000000070eb31988) 
thrown [open/src/hotspot/share/interpreter/linkResolver.cpp, line 766]

VM Operations (18 events):
Event: 0.051 Executing VM operation: HandshakeAllThreads
Event: 0.051 Executing VM operation: HandshakeAllThreads done
Event: 0.051 Executing VM operation: HandshakeAllThreads
Event: 0.051 Executing VM operation: HandshakeAllThreads done
Event: 0.061 Executing VM operation: HandshakeAllThreads
Event: 0.061 Executing VM operation: HandshakeAllThreads done
Event: 0.088 Executing VM operation: ICBufferFull
Event: 0.088 Executing VM operation: ICBufferFull done
Event: 0.327 Executing VM operation: HandshakeAllThreads
Event: 0.327 Executing VM operation: HandshakeAllThreads done
Event: 0.328 Executing VM operation: G1CollectForAllocation
Event: 0.330 Executing VM operation: G1CollectForAllocation done
Event: 0.391 Executing VM operation: ICBufferFull
Event: 0.391 Executing VM operation: ICBufferFull done
Event: 0.478 Executing VM operation: HandshakeAllThreads
Event: 0.478 Executing VM operation: HandshakeAllThreads done
Event: 1.262 Executing VM operation: ICBufferFull
Event: 1.262 Executing VM operation: ICBufferFull done

Events (20 events):
Event: 0.268 Thread 0x000000013808e000 Thread added: 0x000000013808e000
Event: 0.277 Thread 0x0000000139011800 Thread added: 0x0000000139011800
Event: 0.277 Protecting memory [0x000000016ecec000,0x000000016ecf8000] with protection modes 0
Event: 0.322 Loading shared library /Users/rugazza/.m2/repository/org/openjfx/javafx-graphics/18-ea+2/libjavafx_font.dylib failed, dlopen(/Users/rugazza/.m2/repository/org/openjfx/javafx-graphics/18-ea+2/libjavafx_font.dylib, 0x0001): tried: '/Users/rugazza/.m2/reposi
Event: 0.324 Loaded shared library /Users/rugazza/.openjfx/cache/18-ea/libjavafx_font.dylib
Event: 0.358 Loaded shared library /Library/Java/JavaVirtualMachines/jdk-18.jdk/Contents/Home/lib/libjimage.dylib
Event: 0.483 Thread 0x000000012f9d4c00 Thread added: 0x000000012f9d4c00
Event: 0.483 Protecting memory [0x000000016f934000,0x000000016f940000] with protection modes 0
Event: 0.551 Thread 0x000000011e0ba400 Thread added: 0x000000011e0ba400
Event: 0.551 Protecting memory [0x000000016fc58000,0x000000016fc64000] with protection modes 0
Event: 0.793 Protecting memory [0x000000016eae0000,0x000000016eaec000] with protection modes 3
Event: 0.793 Thread 0x000000013808e000 Thread exited: 0x000000013808e000
Event: 1.143 Protecting memory [0x000000016eae0000,0x000000016eaec000] with protection modes 0
Event: 1.143 Thread 0x000000013808e000 Thread added: 0x000000013808e000
Event: 1.151 Thread 0x000000012f990e00 Thread added: 0x000000012f990e00
Event: 1.151 Protecting memory [0x0000000290004000,0x0000000290010000] with protection modes 0
Event: 1.409 Protecting memory [0x000000016eae0000,0x000000016eaec000] with protection modes 3
Event: 1.409 Thread 0x000000013808e000 Thread exited: 0x000000013808e000
Event: 1.693 Protecting memory [0x000000016eae0000,0x000000016eaec000] with protection modes 0
Event: 1.693 Thread 0x000000012fa57a00 Thread added: 0x000000012fa57a00


Dynamic libraries:
0x0000000104180000 	/Library/Java/JavaVirtualMachines/jdk-18.jdk/Contents/Home/lib/libjli.dylib
0x00000001a4bdd000 	/usr/lib/libz.1.dylib
0x00000001a4c94000 	/usr/lib/libSystem.B.dylib
0x00000001a4c8e000 	/usr/lib/system/libcache.dylib
0x00000001a4c4c000 	/usr/lib/system/libcommonCrypto.dylib
0x00000001a4c75000 	/usr/lib/system/libcompiler_rt.dylib
0x00000001a4c6c000 	/usr/lib/system/libcopyfile.dylib
0x0000000199eb3000 	/usr/lib/system/libcorecrypto.dylib
0x0000000199f68000 	/usr/lib/system/libdispatch.dylib
0x000000019a136000 	/usr/lib/system/libdyld.dylib
0x00000001a4c84000 	/usr/lib/system/libkeymgr.dylib
0x00000001a4c27000 	/usr/lib/system/libmacho.dylib
0x00000001a4317000 	/usr/lib/system/libquarantine.dylib
0x00000001a4c81000 	/usr/lib/system/libremovefile.dylib
0x000000019f2ae000 	/usr/lib/system/libsystem_asl.dylib
0x0000000199e55000 	/usr/lib/system/libsystem_blocks.dylib
0x0000000199ff0000 	/usr/lib/system/libsystem_c.dylib
0x00000001a4c79000 	/usr/lib/system/libsystem_collections.dylib
0x00000001a37ac000 	/usr/lib/system/libsystem_configuration.dylib
0x00000001a2a06000 	/usr/lib/system/libsystem_containermanager.dylib
0x00000001a4984000 	/usr/lib/system/libsystem_coreservices.dylib
0x000000019c867000 	/usr/lib/system/libsystem_darwin.dylib
0x00000001a4c85000 	/usr/lib/system/libsystem_dnssd.dylib
0x0000000199fed000 	/usr/lib/system/libsystem_featureflags.dylib
0x000000019a14b000 	/usr/lib/system/libsystem_info.dylib
0x00000001a4bef000 	/usr/lib/system/libsystem_m.dylib
0x0000000199f3d000 	/usr/lib/system/libsystem_malloc.dylib
0x000000019f23c000 	/usr/lib/system/libsystem_networkextension.dylib
0x000000019ccc0000 	/usr/lib/system/libsystem_notify.dylib
0x00000001aafe9000 	/usr/lib/system/libsystem_product_info_filter.dylib
0x00000001a37b1000 	/usr/lib/system/libsystem_sandbox.dylib
0x00000001a4c7e000 	/usr/lib/system/libsystem_secinit.dylib
0x000000019a0f1000 	/usr/lib/system/libsystem_kernel.dylib
0x000000019a143000 	/usr/lib/system/libsystem_platform.dylib
0x000000019a129000 	/usr/lib/system/libsystem_pthread.dylib
0x00000001a0a12000 	/usr/lib/system/libsystem_symptoms.dylib
0x0000000199e99000 	/usr/lib/system/libsystem_trace.dylib
0x00000001a4c59000 	/usr/lib/system/libunwind.dylib
0x0000000199e57000 	/usr/lib/system/libxpc.dylib
0x000000019a0d9000 	/usr/lib/libc++abi.dylib
0x0000000199faf000 	/usr/lib/libobjc.A.dylib
0x00000001a4c64000 	/usr/lib/liboah.dylib
0x000000019a072000 	/usr/lib/libc++.1.dylib
0x00000001b0b17000 	/System/Library/Frameworks/Cocoa.framework/Versions/A/Cocoa
0x000000019cd21000 	/System/Library/Frameworks/AppKit.framework/Versions/C/AppKit
0x00000001a0238000 	/System/Library/Frameworks/CoreData.framework/Versions/A/CoreData
0x000000019b07c000 	/System/Library/Frameworks/Foundation.framework/Versions/C/Foundation
0x000000019dbda000 	/System/Library/PrivateFrameworks/UIFoundation.framework/Versions/A/UIFoundation
0x00000001aace3000 	/System/Library/PrivateFrameworks/RemoteViewServices.framework/Versions/A/RemoteViewServices
0x00000001a3154000 	/System/Library/PrivateFrameworks/XCTTargetBootstrap.framework/Versions/A/XCTTargetBootstrap
0x00000001a69d4000 	/System/Library/PrivateFrameworks/InternationalSupport.framework/Versions/A/InternationalSupport
0x00000001a6a5d000 	/System/Library/PrivateFrameworks/UserActivity.framework/Versions/A/UserActivity
0x00000001a5ecb000 	/usr/lib/libspindump.dylib
0x000000019de4b000 	/System/Library/Frameworks/UniformTypeIdentifiers.framework/Versions/A/UniformTypeIdentifiers
0x00000001a169c000 	/usr/lib/libapp_launch_measurement.dylib
0x00000001a0bc4000 	/System/Library/PrivateFrameworks/CoreAnalytics.framework/Versions/A/CoreAnalytics
0x00000001a169f000 	/System/Library/PrivateFrameworks/CoreAutoLayout.framework/Versions/A/CoreAutoLayout
0x00000001a2a43000 	/System/Library/Frameworks/Metal.framework/Versions/A/Metal
0x00000001a37bc000 	/usr/lib/liblangid.dylib
0x00000001a3159000 	/System/Library/PrivateFrameworks/CoreSVG.framework/Versions/A/CoreSVG
0x000000019f2e2000 	/System/Library/PrivateFrameworks/SkyLight.framework/Versions/A/SkyLight
0x000000019f6be000 	/System/Library/Frameworks/CoreGraphics.framework/Versions/A/CoreGraphics
0x00000001ab3af000 	/System/Library/Frameworks/Accelerate.framework/Versions/A/Accelerate
0x00000001a5942000 	/System/Library/PrivateFrameworks/IconServices.framework/Versions/A/IconServices
0x00000001a2a25000 	/System/Library/Frameworks/IOSurface.framework/Versions/A/IOSurface
0x00000001a0bf5000 	/usr/lib/libDiagnosticMessagesClient.dylib
0x00000001ae8b4000 	/System/Library/Frameworks/ApplicationServices.framework/Versions/A/ApplicationServices
0x00000001a313c000 	/System/Library/PrivateFrameworks/DFRFoundation.framework/Versions/A/DFRFoundation
0x000000019c5b1000 	/usr/lib/libicucore.A.dylib
0x00000001a7882000 	/System/Library/Frameworks/AudioToolbox.framework/Versions/A/AudioToolbox
0x00000001a69e0000 	/System/Library/PrivateFrameworks/DataDetectorsCore.framework/Versions/A/DataDetectorsCore
0x00000001bd400000 	/System/Library/PrivateFrameworks/TextInput.framework/Versions/A/TextInput
0x000000019f257000 	/usr/lib/libMobileGestalt.dylib
0x00000001a2e08000 	/System/Library/Frameworks/Carbon.framework/Versions/A/Frameworks/HIToolbox.framework/Versions/A/HIToolbox
0x00000001a1075000 	/System/Library/Frameworks/QuartzCore.framework/Versions/A/QuartzCore
0x000000019c232000 	/System/Library/Frameworks/Security.framework/Versions/A/Security
0x00000001aad23000 	/System/Library/Frameworks/Carbon.framework/Versions/A/Frameworks/SpeechRecognition.framework/Versions/A/SpeechRecognition
0x00000001a13f1000 	/System/Library/PrivateFrameworks/CoreUI.framework/Versions/A/CoreUI
0x000000019bb0e000 	/System/Library/Frameworks/CoreAudio.framework/Versions/A/CoreAudio
0x00000001a0ce9000 	/System/Library/Frameworks/DiskArbitration.framework/Versions/A/DiskArbitration
0x00000001a62d5000 	/System/Library/PrivateFrameworks/MultitouchSupport.framework/Versions/A/MultitouchSupport
0x000000019f255000 	/usr/lib/libenergytrace.dylib
0x000000019cbe9000 	/System/Library/Frameworks/IOKit.framework/Versions/A/IOKit
0x00000001ab112000 	/System/Library/Frameworks/CoreServices.framework/Versions/A/CoreServices
0x00000001a162c000 	/System/Library/PrivateFrameworks/PerformanceAnalysis.framework/Versions/A/PerformanceAnalysis
0x00000001fb8a7000 	/System/Library/Frameworks/OpenGL.framework/Versions/A/OpenGL
0x00000001a422f000 	/System/Library/PrivateFrameworks/MobileKeyBag.framework/Versions/A/MobileKeyBag
0x000000019fccc000 	/System/Library/Frameworks/ColorSync.framework/Versions/A/ColorSync
0x000000019a178000 	/System/Library/Frameworks/CoreFoundation.framework/Versions/A/CoreFoundation
0x00000001a33d8000 	/System/Library/Frameworks/CoreImage.framework/Versions/A/CoreImage
0x000000019b932000 	/System/Library/Frameworks/CoreText.framework/Versions/A/CoreText
0x00000001a3189000 	/System/Library/Frameworks/ImageIO.framework/Versions/A/ImageIO
0x00000001a4c9a000 	/System/Library/PrivateFrameworks/SoftLinking.framework/Versions/A/SoftLinking
0x00000001a16ea000 	/usr/lib/libxml2.2.dylib
0x00000001a4f33000 	/usr/lib/libcompression.dylib
0x00000001a6930000 	/System/Library/PrivateFrameworks/TextureIO.framework/Versions/A/TextureIO
0x00000001a565b000 	/usr/lib/libate.dylib
0x00000001a5520000 	/usr/lib/liblzma.5.dylib
0x000000019ad6f000 	/System/Library/Frameworks/SystemConfiguration.framework/Versions/A/SystemConfiguration
0x00000001a4c96000 	/usr/lib/libfakelink.dylib
0x000000019ed87000 	/System/Library/Frameworks/CFNetwork.framework/Versions/A/CFNetwork
0x00000001a4ddc000 	/usr/lib/libarchive.2.dylib
0x00000001a37b8000 	/System/Library/PrivateFrameworks/AppleSystemInfo.framework/Versions/A/AppleSystemInfo
0x00000001a4342000 	/usr/lib/libbsm.0.dylib
0x000000019e2f4000 	/usr/lib/libnetwork.dylib
0x00000001a4c30000 	/usr/lib/system/libkxld.dylib
0x00000001a3f5c000 	/System/Library/PrivateFrameworks/IOMobileFramebuffer.framework/Versions/A/IOMobileFramebuffer
0x0000000219c91000 	/usr/lib/libCoreEntitlements.dylib
0x00000001a4966000 	/System/Library/PrivateFrameworks/AppleFSCompression.framework/Versions/A/AppleFSCompression
0x00000001a432a000 	/usr/lib/libcoretls.dylib
0x00000001a5539000 	/usr/lib/libcoretls_cfhelpers.dylib
0x00000001a4f2e000 	/usr/lib/libpam.2.dylib
0x00000001a0628000 	/usr/lib/libsqlite3.dylib
0x00000001a55a2000 	/usr/lib/libxar.1.dylib
0x00000001a4977000 	/usr/lib/libbz2.1.0.dylib
0x00000001a4c9b000 	/usr/lib/libpcap.A.dylib
0x00000001a0a09000 	/usr/lib/libdns_services.dylib
0x00000001a4f01000 	/usr/lib/libapple_nghttp2.dylib
0x00000001a4cd8000 	/usr/lib/libiconv.2.dylib
0x00000001a4c26000 	/usr/lib/libcharset.1.dylib
0x00000001a1668000 	/System/Library/Frameworks/CoreServices.framework/Versions/A/Frameworks/FSEvents.framework/Versions/A/FSEvents
0x000000019c872000 	/System/Library/Frameworks/CoreServices.framework/Versions/A/Frameworks/CarbonCore.framework/Versions/A/CarbonCore
0x00000001a0c49000 	/System/Library/Frameworks/CoreServices.framework/Versions/A/Frameworks/Metadata.framework/Versions/A/Metadata
0x00000001a498a000 	/System/Library/Frameworks/CoreServices.framework/Versions/A/Frameworks/OSServices.framework/Versions/A/OSServices
0x00000001a4e62000 	/System/Library/Frameworks/CoreServices.framework/Versions/A/Frameworks/SearchKit.framework/Versions/A/SearchKit
0x00000001a0997000 	/System/Library/Frameworks/CoreServices.framework/Versions/A/Frameworks/AE.framework/Versions/A/AE
0x000000019a6bf000 	/System/Library/Frameworks/CoreServices.framework/Versions/A/Frameworks/LaunchServices.framework/Versions/A/LaunchServices
0x00000001a54c9000 	/System/Library/Frameworks/CoreServices.framework/Versions/A/Frameworks/DictionaryServices.framework/Versions/A/DictionaryServices
0x00000001a1675000 	/System/Library/Frameworks/CoreServices.framework/Versions/A/Frameworks/SharedFileList.framework/Versions/A/SharedFileList
0x00000001a431a000 	/usr/lib/libCheckFix.dylib
0x000000019f2c6000 	/System/Library/PrivateFrameworks/TCC.framework/Versions/A/TCC
0x00000001a37be000 	/System/Library/PrivateFrameworks/CoreNLP.framework/Versions/A/CoreNLP
0x00000001a0bf8000 	/System/Library/PrivateFrameworks/MetadataUtilities.framework/Versions/A/MetadataUtilities
0x000000019ae29000 	/usr/lib/libmecabra.dylib
0x00000001a4353000 	/usr/lib/libmecab.dylib
0x000000019adf5000 	/usr/lib/libCRFSuite.dylib
0x00000001a43b0000 	/usr/lib/libgermantok.dylib
0x00000001a4eda000 	/usr/lib/libThaiTokenizer.dylib
0x00000001a0cf1000 	/System/Library/Frameworks/Accelerate.framework/Versions/A/Frameworks/vImage.framework/Versions/A/vImage
0x00000001ab0e9000 	/System/Library/Frameworks/Accelerate.framework/Versions/A/Frameworks/vecLib.framework/Versions/A/vecLib
0x00000001a55e7000 	/System/Library/Frameworks/Accelerate.framework/Versions/A/Frameworks/vecLib.framework/Versions/A/libvMisc.dylib
0x00000001a3e63000 	/System/Library/Frameworks/Accelerate.framework/Versions/A/Frameworks/vecLib.framework/Versions/A/libvDSP.dylib
0x000000019aa4a000 	/System/Library/Frameworks/Accelerate.framework/Versions/A/Frameworks/vecLib.framework/Versions/A/libBLAS.dylib
0x00000001a5004000 	/System/Library/Frameworks/Accelerate.framework/Versions/A/Frameworks/vecLib.framework/Versions/A/libLAPACK.dylib
0x00000001a43b3000 	/System/Library/Frameworks/Accelerate.framework/Versions/A/Frameworks/vecLib.framework/Versions/A/libLinearAlgebra.dylib
0x00000001a4f19000 	/System/Library/Frameworks/Accelerate.framework/Versions/A/Frameworks/vecLib.framework/Versions/A/libSparseBLAS.dylib
0x00000001a4fff000 	/System/Library/Frameworks/Accelerate.framework/Versions/A/Frameworks/vecLib.framework/Versions/A/libQuadrature.dylib
0x00000001a38b7000 	/System/Library/Frameworks/Accelerate.framework/Versions/A/Frameworks/vecLib.framework/Versions/A/libBNNS.dylib
0x000000019ad08000 	/System/Library/Frameworks/Accelerate.framework/Versions/A/Frameworks/vecLib.framework/Versions/A/libSparse.dylib
0x00000001a38af000 	/System/Library/PrivateFrameworks/LinguisticData.framework/Versions/A/LinguisticData
0x000000019acc0000 	/System/Library/PrivateFrameworks/Lexicon.framework/Versions/A/Lexicon
0x00000001a55df000 	/usr/lib/libChineseTokenizer.dylib
0x000000019b46e000 	/System/Library/PrivateFrameworks/LanguageModeling.framework/Versions/A/LanguageModeling
0x00000001a4edc000 	/System/Library/PrivateFrameworks/AppleSauce.framework/Versions/A/AppleSauce
0x00000001a3f49000 	/System/Library/PrivateFrameworks/CoreEmoji.framework/Versions/A/CoreEmoji
0x00000001a4dca000 	/usr/lib/libcmph.dylib
0x00000001a1648000 	/System/Library/Frameworks/OpenDirectory.framework/Versions/A/Frameworks/CFOpenDirectory.framework/Versions/A/CFOpenDirectory
0x00000001a1638000 	/System/Library/Frameworks/OpenDirectory.framework/Versions/A/OpenDirectory
0x00000001a553b000 	/System/Library/PrivateFrameworks/APFS.framework/Versions/A/APFS
0x00000001a426a000 	/System/Library/Frameworks/SecurityFoundation.framework/Versions/A/SecurityFoundation
0x00000001a55b1000 	/usr/lib/libutil.dylib
0x000000019cbab000 	/System/Library/PrivateFrameworks/CoreServicesStore.framework/Versions/A/CoreServicesStore
0x00000001a55b5000 	/usr/lib/libxslt.1.dylib
0x00000001a42fe000 	/System/Library/PrivateFrameworks/BackgroundTaskManagement.framework/Versions/A/BackgroundTaskManagement
0x00000001a6851000 	/System/Library/Frameworks/ImageIO.framework/Versions/A/Resources/libRadiance.dylib
0x00000001a685a000 	/System/Library/Frameworks/ImageIO.framework/Versions/A/Resources/libJPEG.dylib
0x00000001a67ad000 	/System/Library/Frameworks/ImageIO.framework/Versions/A/Resources/libPng.dylib
0x00000001a67cf000 	/System/Library/Frameworks/ImageIO.framework/Versions/A/Resources/libTIFF.dylib
0x00000001a68b5000 	/System/Library/Frameworks/ImageIO.framework/Versions/A/Resources/libGIF.dylib
0x00000001a61e5000 	/System/Library/Frameworks/ImageIO.framework/Versions/A/Resources/libJP2.dylib
0x00000001a5907000 	/usr/lib/libexpat.1.dylib
0x00000001a61a0000 	/System/Library/PrivateFrameworks/AppleJPEG.framework/Versions/A/AppleJPEG
0x00000001a2cc4000 	/System/Library/PrivateFrameworks/FontServices.framework/libFontParser.dylib
0x00000001a093c000 	/System/Library/PrivateFrameworks/RunningBoardServices.framework/Versions/A/RunningBoardServices
0x00000001b11ee000 	/System/Library/PrivateFrameworks/IOSurfaceAccelerator.framework/Versions/A/IOSurfaceAccelerator
0x00000001a62d1000 	/System/Library/PrivateFrameworks/WatchdogClient.framework/Versions/A/WatchdogClient
0x000000019b56e000 	/System/Library/Frameworks/CoreDisplay.framework/Versions/A/CoreDisplay
0x00000001a2bae000 	/System/Library/Frameworks/CoreMedia.framework/Versions/A/CoreMedia
0x00000001a2a39000 	/System/Library/PrivateFrameworks/IOAccelerator.framework/Versions/A/IOAccelerator
0x00000001a17d8000 	/System/Library/Frameworks/CoreVideo.framework/Versions/A/CoreVideo
0x00000001a4f2c000 	/System/Library/Frameworks/MetalPerformanceShaders.framework/Versions/A/MetalPerformanceShaders
0x00000001a6310000 	/System/Library/Frameworks/VideoToolbox.framework/Versions/A/VideoToolbox
0x00000001a0880000 	/System/Library/PrivateFrameworks/BaseBoard.framework/Versions/A/BaseBoard
0x00000001a060e000 	/System/Library/PrivateFrameworks/ProtocolBuffer.framework/Versions/A/ProtocolBuffer
0x00000001a684c000 	/System/Library/PrivateFrameworks/GPUWrangler.framework/Versions/A/GPUWrangler
0x00000001a682c000 	/System/Library/PrivateFrameworks/IOPresentment.framework/Versions/A/IOPresentment
0x00000001a6854000 	/System/Library/PrivateFrameworks/DSExternalDisplay.framework/Versions/A/DSExternalDisplay
0x00000001fb89a000 	/System/Library/Frameworks/OpenGL.framework/Versions/A/Libraries/libCoreFSCache.dylib
0x0000000206764000 	/System/Library/PrivateFrameworks/GPUCompiler.framework/Versions/31001/Libraries/libGPUCompilerUtils.dylib
0x00000001a68ba000 	/System/Library/PrivateFrameworks/CMCaptureCore.framework/Versions/A/CMCaptureCore
0x00000001a5eb8000 	/System/Library/PrivateFrameworks/AppServerSupport.framework/Versions/A/AppServerSupport
0x00000001a8140000 	/System/Library/PrivateFrameworks/perfdata.framework/Versions/A/perfdata
0x000000019b68e000 	/System/Library/PrivateFrameworks/AudioToolboxCore.framework/Versions/A/AudioToolboxCore
0x00000001a2b87000 	/System/Library/PrivateFrameworks/caulk.framework/Versions/A/caulk
0x00000001a7a35000 	/usr/lib/libAudioStatistics.dylib
0x00000001b9a53000 	/System/Library/PrivateFrameworks/SystemPolicy.framework/Versions/A/SystemPolicy
0x00000001a7ca1000 	/usr/lib/libSMC.dylib
0x00000001b09f5000 	/System/Library/Frameworks/CoreMIDI.framework/Versions/A/CoreMIDI
0x00000001a677b000 	/usr/lib/libAudioToolboxUtility.dylib
0x00000001b5bb6000 	/System/Library/PrivateFrameworks/OSAServicesClient.framework/Versions/A/OSAServicesClient
0x00000001a814d000 	/usr/lib/libperfcheck.dylib
0x00000001ba572000 	/usr/lib/libmis.dylib
0x00000001fb8fc000 	/System/Library/Frameworks/OpenGL.framework/Versions/A/Libraries/libGLU.dylib
0x00000001fb8bb000 	/System/Library/Frameworks/OpenGL.framework/Versions/A/Libraries/libGFXShared.dylib
0x00000001fbaa8000 	/System/Library/Frameworks/OpenGL.framework/Versions/A/Libraries/libGL.dylib
0x00000001fb8c4000 	/System/Library/Frameworks/OpenGL.framework/Versions/A/Libraries/libGLImage.dylib
0x00000001fb8b8000 	/System/Library/Frameworks/OpenGL.framework/Versions/A/Libraries/libCVMSPluginSupport.dylib
0x00000001fb8a1000 	/System/Library/Frameworks/OpenGL.framework/Versions/A/Libraries/libCoreVMClient.dylib
0x00000001a3738000 	/System/Library/Frameworks/MetalPerformanceShaders.framework/Versions/A/Frameworks/MPSCore.framework/Versions/A/MPSCore
0x00000001a48d9000 	/System/Library/Frameworks/MetalPerformanceShaders.framework/Versions/A/Frameworks/MPSImage.framework/Versions/A/MPSImage
0x00000001a43c8000 	/System/Library/Frameworks/MetalPerformanceShaders.framework/Versions/A/Frameworks/MPSNeuralNetwork.framework/Versions/A/MPSNeuralNetwork
0x00000001a4801000 	/System/Library/Frameworks/MetalPerformanceShaders.framework/Versions/A/Frameworks/MPSMatrix.framework/Versions/A/MPSMatrix
0x00000001a45da000 	/System/Library/Frameworks/MetalPerformanceShaders.framework/Versions/A/Frameworks/MPSRayIntersector.framework/Versions/A/MPSRayIntersector
0x00000001a4832000 	/System/Library/Frameworks/MetalPerformanceShaders.framework/Versions/A/Frameworks/MPSNDArray.framework/Versions/A/MPSNDArray
0x00000001fe3a3000 	/System/Library/Frameworks/MetalPerformanceShaders.framework/Versions/A/Frameworks/MPSFunctions.framework/Versions/A/MPSFunctions
0x000000019a920000 	/System/Library/PrivateFrameworks/MetalTools.framework/Versions/A/MetalTools
0x00000001a37b6000 	/System/Library/PrivateFrameworks/AggregateDictionary.framework/Versions/A/AggregateDictionary
0x00000001a56ec000 	/usr/lib/libIOReport.dylib
0x00000001afa0e000 	/System/Library/PrivateFrameworks/ASEProcessing.framework/Versions/A/ASEProcessing
0x00000001a5a61000 	/System/Library/PrivateFrameworks/FaceCore.framework/Versions/A/FaceCore
0x00000001a5a53000 	/System/Library/PrivateFrameworks/GraphVisualizer.framework/Versions/A/GraphVisualizer
0x000000020667b000 	/System/Library/PrivateFrameworks/FontServices.framework/Versions/A/FontServices
0x00000001a5e74000 	/System/Library/PrivateFrameworks/OTSVG.framework/Versions/A/OTSVG
0x00000001a13a1000 	/System/Library/Frameworks/ApplicationServices.framework/Versions/A/Frameworks/ATS.framework/Versions/A/Resources/libFontRegistry.dylib
0x00000001a5ec1000 	/System/Library/PrivateFrameworks/FontServices.framework/libhvf.dylib
0x000000020667c000 	/System/Library/PrivateFrameworks/FontServices.framework/libXTFontStaticRegistryData.dylib
0x00000001fbc49000 	/System/Library/Frameworks/OpenCL.framework/Versions/A/OpenCL
0x00000001a58bb000 	/System/Library/PrivateFrameworks/AppleVA.framework/Versions/A/AppleVA
0x00000001a7a5d000 	/System/Library/Frameworks/ApplicationServices.framework/Versions/A/Frameworks/ATS.framework/Versions/A/ATS
0x000000019fdcb000 	/System/Library/Frameworks/ApplicationServices.framework/Versions/A/Frameworks/HIServices.framework/Versions/A/HIServices
0x00000001a68c4000 	/System/Library/Frameworks/ApplicationServices.framework/Versions/A/Frameworks/PrintCore.framework/Versions/A/PrintCore
0x00000001a7df4000 	/System/Library/Frameworks/ApplicationServices.framework/Versions/A/Frameworks/QD.framework/Versions/A/QD
0x00000001a7dec000 	/System/Library/Frameworks/ApplicationServices.framework/Versions/A/Frameworks/ColorSyncLegacy.framework/Versions/A/ColorSyncLegacy
0x00000001a7a49000 	/System/Library/Frameworks/ApplicationServices.framework/Versions/A/Frameworks/SpeechSynthesis.framework/Versions/A/SpeechSynthesis
0x00000001a6885000 	/System/Library/Frameworks/ApplicationServices.framework/Versions/A/Frameworks/ATSUI.framework/Versions/A/ATSUI
0x00000001a7d81000 	/usr/lib/libcups.2.dylib
0x00000001a815b000 	/System/Library/Frameworks/Kerberos.framework/Versions/A/Kerberos
0x00000001a816c000 	/System/Library/Frameworks/GSS.framework/Versions/A/GSS
0x00000001a7acd000 	/usr/lib/libresolv.9.dylib
0x00000001a5ed0000 	/System/Library/PrivateFrameworks/Heimdal.framework/Versions/A/Heimdal
0x00000001aec44000 	/System/Library/Frameworks/Kerberos.framework/Versions/A/Libraries/libHeimdalProxy.dylib
0x00000001a0a1b000 	/System/Library/Frameworks/Network.framework/Versions/A/Network
0x00000001a5922000 	/usr/lib/libheimdal-asn1.dylib
0x00000001a81bc000 	/System/Library/PrivateFrameworks/CommonAuth.framework/Versions/A/CommonAuth
0x00000001a79c3000 	/System/Library/PrivateFrameworks/AudioSession.framework/Versions/A/AudioSession
0x00000001a59b4000 	/System/Library/PrivateFrameworks/MediaExperience.framework/Versions/A/MediaExperience
0x00000001a7848000 	/System/Library/PrivateFrameworks/AudioSession.framework/libSessionUtility.dylib
0x00000001a7e00000 	/System/Library/PrivateFrameworks/AudioResourceArbitration.framework/Versions/A/AudioResourceArbitration
0x00000001abfc6000 	/System/Library/PrivateFrameworks/PowerLog.framework/Versions/A/PowerLog
0x00000001a592c000 	/System/Library/PrivateFrameworks/IconFoundation.framework/Versions/A/IconFoundation
0x00000001aad0f000 	/System/Library/PrivateFrameworks/SpeechRecognitionCore.framework/Versions/A/SpeechRecognitionCore
0x00000001051d4000 	/Library/Java/JavaVirtualMachines/jdk-18.jdk/Contents/Home/lib/server/libjvm.dylib
0x0000000104298000 	/Library/Java/JavaVirtualMachines/jdk-18.jdk/Contents/Home/lib/libjimage.dylib
0x00000001042c4000 	/Library/Java/JavaVirtualMachines/jdk-18.jdk/Contents/Home/lib/libinstrument.dylib
0x0000000104310000 	/Library/Java/JavaVirtualMachines/jdk-18.jdk/Contents/Home/lib/libjava.dylib
0x0000000104f00000 	/Library/Java/JavaVirtualMachines/jdk-18.jdk/Contents/Home/lib/libnio.dylib
0x0000000104f20000 	/Library/Java/JavaVirtualMachines/jdk-18.jdk/Contents/Home/lib/libnet.dylib
0x00000001042f8000 	/Library/Java/JavaVirtualMachines/jdk-18.jdk/Contents/Home/lib/libzip.dylib
0x0000000104de4000 	/Users/rugazza/.openjfx/cache/18-ea/libprism_es2.dylib
0x000000019cb6e000 	/System/Library/PrivateFrameworks/CoreServicesInternal.framework/Versions/A/CoreServicesInternal
0x00000001fbab2000 	/System/Library/Frameworks/OpenGL.framework/Versions/A/Resources/GLEngine.bundle/GLEngine
0x00000001fb93a000 	/System/Library/Frameworks/OpenGL.framework/Versions/A/Libraries/libGLProgrammability.dylib
0x0000000105100000 	/System/Library/Extensions/AppleMetalOpenGLRenderer.bundle/Contents/MacOS/AppleMetalOpenGLRenderer
0x00000001fbc21000 	/System/Library/Frameworks/OpenGL.framework/Versions/A/Resources/GLRendererFloat.bundle/GLRendererFloat
0x00000001e0b4e000 	/System/Library/Extensions/AGXMetalG13X.bundle/Contents/MacOS/AGXMetalG13X
0x00000001ba58e000 	/System/Library/PrivateFrameworks/GPURawCounter.framework/Versions/A/GPURawCounter
0x00000001b4d1f000 	/System/Library/PrivateFrameworks/IOGPU.framework/Versions/A/IOGPU
0x000000011dd64000 	/Users/rugazza/.openjfx/cache/18-ea/libglass.dylib
0x00000001ac21e000 	/System/Library/Frameworks/FileProvider.framework/Versions/A/FileProvider
0x00000001a07e8000 	/System/Library/Frameworks/Accounts.framework/Versions/A/Accounts
0x00000001ac3a2000 	/System/Library/PrivateFrameworks/GenerationalStorage.framework/Versions/A/GenerationalStorage
0x00000001acf65000 	/System/Library/PrivateFrameworks/CoreSymbolication.framework/Versions/A/CoreSymbolication
0x00000001abfba000 	/System/Library/PrivateFrameworks/SymptomDiagnosticReporter.framework/Versions/A/SymptomDiagnosticReporter
0x000000019de5f000 	/System/Library/PrivateFrameworks/DesktopServicesPriv.framework/Versions/A/DesktopServicesPriv
0x000000019ccd0000 	/usr/lib/libsandbox.1.dylib
0x00000001a1866000 	/System/Library/PrivateFrameworks/UserManagement.framework/Versions/A/UserManagement
0x00000001acf22000 	/System/Library/PrivateFrameworks/DebugSymbols.framework/Versions/A/DebugSymbols
0x00000001a7ddf000 	/System/Library/PrivateFrameworks/NetAuth.framework/Versions/A/NetAuth
0x00000001a8d00000 	/System/Library/PrivateFrameworks/Sharing.framework/Versions/A/Sharing
0x00000001a1836000 	/System/Library/PrivateFrameworks/login.framework/Versions/A/Frameworks/loginsupport.framework/Versions/A/loginsupport
0x00000001ae159000 	/System/Library/PrivateFrameworks/Apple80211.framework/Versions/A/Apple80211
0x00000001a49bd000 	/System/Library/PrivateFrameworks/AuthKit.framework/Versions/A/AuthKit
0x00000001a4045000 	/System/Library/PrivateFrameworks/CoreUtils.framework/Versions/A/CoreUtils
0x00000001a3f68000 	/System/Library/Frameworks/CoreWLAN.framework/Versions/A/CoreWLAN
0x00000001a8e70000 	/System/Library/Frameworks/IOBluetooth.framework/Versions/A/IOBluetooth
0x00000001ae1b9000 	/System/Library/PrivateFrameworks/CoreWiFi.framework/Versions/A/CoreWiFi
0x00000001acb02000 	/System/Library/PrivateFrameworks/FrontBoardServices.framework/Versions/A/FrontBoardServices
0x00000001acb9a000 	/System/Library/PrivateFrameworks/BoardServices.framework/Versions/A/BoardServices
0x00000001a4258000 	/System/Library/PrivateFrameworks/AssertionServices.framework/Versions/A/AssertionServices
0x00000001ae336000 	/System/Library/PrivateFrameworks/BackBoardServices.framework/Versions/A/BackBoardServices
0x00000001a8253000 	/System/Library/PrivateFrameworks/CorePhoneNumbers.framework/Versions/A/CorePhoneNumbers
0x00000001a7afa000 	/System/Library/PrivateFrameworks/MultiverseSupport.framework/Versions/A/MultiverseSupport
0x00000001ae5b7000 	/System/Library/PrivateFrameworks/RemoteServiceDiscovery.framework/Versions/A/RemoteServiceDiscovery
0x00000001ac0ea000 	/System/Library/PrivateFrameworks/DiskManagement.framework/Versions/A/DiskManagement
0x00000001abfed000 	/System/Library/PrivateFrameworks/AppleIDAuthSupport.framework/Versions/A/AppleIDAuthSupport
0x0000000200be0000 	/System/Library/PrivateFrameworks/AAAFoundation.framework/Versions/A/AAAFoundation
0x00000001a8232000 	/System/Library/PrivateFrameworks/KeychainCircle.framework/Versions/A/KeychainCircle
0x00000001ae5c7000 	/System/Library/PrivateFrameworks/RemoteXPC.framework/Versions/A/RemoteXPC
0x00000001ac0b6000 	/System/Library/PrivateFrameworks/MediaKit.framework/Versions/A/MediaKit
0x00000001abffa000 	/System/Library/Frameworks/DiscRecording.framework/Versions/A/DiscRecording
0x00000001a5837000 	/usr/lib/libCoreStorage.dylib
0x00000001ae633000 	/usr/lib/libcsfde.dylib
0x00000001a8f45000 	/System/Library/PrivateFrameworks/ProtectedCloudStorage.framework/Versions/A/ProtectedCloudStorage
0x00000001ae62b000 	/System/Library/PrivateFrameworks/EFILogin.framework/Versions/A/EFILogin
0x00000001ac3c9000 	/System/Library/PrivateFrameworks/OctagonTrust.framework/Versions/A/OctagonTrust
0x0000000205802000 	/System/Library/PrivateFrameworks/CoreUtilsExtras.framework/Versions/A/CoreUtilsExtras
0x00000001abf1f000 	/System/Library/Frameworks/CoreBluetooth.framework/Versions/A/CoreBluetooth
0x00000001aecc9000 	/System/Library/Frameworks/AudioUnit.framework/Versions/A/AudioUnit
0x00000001a582f000 	/usr/lib/libMatch.1.dylib
0x00000001bea76000 	/System/Library/Frameworks/Accelerate.framework/Versions/A/Frameworks/vImage.framework/Versions/A/Libraries/libCGInterfaces.dylib
0x000000011eddc000 	/usr/lib/libobjc-trampolines.dylib
0x00000001a1530000 	/System/Library/PrivateFrameworks/ViewBridge.framework/Versions/A/ViewBridge
0x00000001a56f5000 	/System/Library/PrivateFrameworks/CrashReporterSupport.framework/Versions/A/CrashReporterSupport
0x00000001c652d000 	/System/Library/PrivateFrameworks/OSAnalytics.framework/Versions/A/OSAnalytics
0x00000001d189a000 	/System/Library/PrivateFrameworks/Symbolication.framework/Versions/A/Symbolication
0x00000001ba54f000 	/System/Library/PrivateFrameworks/MallocStackLogging.framework/Versions/A/MallocStackLogging
0x000000013f700000 	/Users/rugazza/.openjfx/cache/18-ea/libjavafx_font.dylib
0x00000001a5f93000 	/System/Library/PrivateFrameworks/login.framework/Versions/A/login
0x0000000219dee000 	/usr/lib/libRosetta.dylib
0x0000000201294000 	/System/Library/PrivateFrameworks/AccessibilityBundles.framework/Versions/A/AccessibilityBundles


VM Arguments:
jvm_args: -javaagent:/Applications/IntelliJ IDEA.app/Contents/lib/idea_rt.jar=65447:/Applications/IntelliJ IDEA.app/Contents/bin -Dfile.encoding=UTF-8 --module-path=/Users/rugazza/.m2/repository/org/openjfx/javafx-fxml/18-ea+2/javafx-fxml-18-ea+2-mac-aarch64.jar:/Users/rugazza/IdeaProjects/ITC313_JavaFX/target/classes:/Users/rugazza/.m2/repository/org/openjfx/javafx-graphics/18-ea+2/javafx-graphics-18-ea+2-mac-aarch64.jar:/Users/rugazza/.m2/repository/org/openjfx/javafx-base/18-ea+2/javafx-base-18-ea+2-mac-aarch64.jar:/Users/rugazza/.m2/repository/org/openjfx/javafx-controls/18-ea+2/javafx-controls-18-ea+2-mac-aarch64.jar -Djdk.module.main=com.example.itc313_javafx 
java_command: com.example.itc313_javafx/chapter14.MultipleStageDemo
java_class_path (initial): /Users/rugazza/.m2/repository/org/openjfx/javafx-controls/18-ea+2/javafx-controls-18-ea+2.jar:/Users/rugazza/.m2/repository/org/openjfx/javafx-graphics/18-ea+2/javafx-graphics-18-ea+2.jar:/Users/rugazza/.m2/repository/org/openjfx/javafx-base/18-ea+2/javafx-base-18-ea+2.jar:/Users/rugazza/.m2/repository/org/openjfx/javafx-fxml/18-ea+2/javafx-fxml-18-ea+2.jar
Launcher Type: SUN_STANDARD

[Global flags]
     intx CICompilerCount                          = 4                                         {product} {ergonomic}
     uint ConcGCThreads                            = 2                                         {product} {ergonomic}
     uint G1ConcRefinementThreads                  = 9                                         {product} {ergonomic}
   size_t G1HeapRegionSize                         = 2097152                                   {product} {ergonomic}
    uintx GCDrainStackTargetSize                   = 64                                        {product} {ergonomic}
   size_t InitialHeapSize                          = 268435456                                 {product} {ergonomic}
   size_t MarkStackSize                            = 4194304                                   {product} {ergonomic}
   size_t MaxHeapSize                              = 4294967296                                {product} {ergonomic}
   size_t MaxNewSize                               = 2575302656                                {product} {ergonomic}
   size_t MinHeapDeltaBytes                        = 2097152                                   {product} {ergonomic}
   size_t MinHeapSize                              = 8388608                                   {product} {ergonomic}
    uintx NonNMethodCodeHeapSize                   = 5839564                                {pd product} {ergonomic}
    uintx NonProfiledCodeHeapSize                  = 122909338                              {pd product} {ergonomic}
    uintx ProfiledCodeHeapSize                     = 122909338                              {pd product} {ergonomic}
    uintx ReservedCodeCacheSize                    = 251658240                              {pd product} {ergonomic}
     bool SegmentedCodeCache                       = true                                      {product} {ergonomic}
   size_t SoftMaxHeapSize                          = 4294967296                             {manageable} {ergonomic}
     bool UseCompressedClassPointers               = true                           {product lp64_product} {ergonomic}
     bool UseCompressedOops                        = true                           {product lp64_product} {ergonomic}
     bool UseG1GC                                  = true                                      {product} {ergonomic}
     bool UseNUMA                                  = false                                     {product} {ergonomic}
     bool UseNUMAInterleaving                      = false                                     {product} {ergonomic}

Logging:
Log output configuration:
 #0: stdout all=warning uptime,level,tags foldmultilines=false
 #1: stderr all=off uptime,level,tags foldmultilines=false

Environment Variables:
PATH=/Users/rugazza/.nvm/versions/node/v18.8.0/bin:/Users/rugazza/google-cloud-sdk/bin:/Users/rugazza/opt/anaconda3/bin:/Users/rugazza/opt/anaconda3/condabin:/opt/homebrew/bin:/opt/homebrew/sbin:/usr/local/bin:/usr/bin:/bin:/usr/sbin:/sbin:/Library/Apple/usr/bin
SHELL=/bin/zsh
LC_CTYPE=en_AU.UTF-8

Signal Handlers:
   SIGSEGV: crash_handler in libjvm.dylib, mask=11100110000111110111111111111111, flags=SA_RESTART|SA_SIGINFO
    SIGBUS: crash_handler in libjvm.dylib, mask=11100110000111110111111111111111, flags=SA_RESTART|SA_SIGINFO
    SIGFPE: crash_handler in libjvm.dylib, mask=11100110000111110111111111111111, flags=SA_RESTART|SA_SIGINFO
   SIGPIPE: javaSignalHandler in libjvm.dylib, mask=11100110000111110111111111111111, flags=SA_RESTART|SA_SIGINFO
   SIGXFSZ: javaSignalHandler in libjvm.dylib, mask=11100110000111110111111111111111, flags=SA_RESTART|SA_SIGINFO
    SIGILL: crash_handler in libjvm.dylib, mask=11100110000111110111111111111111, flags=SA_RESTART|SA_SIGINFO
   SIGUSR2: SR_handler in libjvm.dylib, mask=00100000000000000000000000000000, flags=SA_RESTART|SA_SIGINFO
    SIGHUP: UserHandler in libjvm.dylib, mask=11100110000111110111111111111111, flags=SA_RESTART|SA_SIGINFO
    SIGINT: UserHandler in libjvm.dylib, mask=11100110000111110111111111111111, flags=SA_RESTART|SA_SIGINFO
   SIGTERM: UserHandler in libjvm.dylib, mask=11100110000111110111111111111111, flags=SA_RESTART|SA_SIGINFO
   SIGQUIT: UserHandler in libjvm.dylib, mask=11100110000111110111111111111111, flags=SA_RESTART|SA_SIGINFO
   SIGTRAP: crash_handler in libjvm.dylib, mask=11100110000111110111111111111111, flags=SA_RESTART|SA_SIGINFO


---------------  S Y S T E M  ---------------

OS:
uname: Darwin 21.6.0 Darwin Kernel Version 21.6.0: Sat Jun 18 17:07:22 PDT 2022; root:xnu-8020.140.41~1/RELEASE_ARM64_T6000 arm64
OS uptime: 28 days 14:52 hours
rlimit (soft/hard): STACK 8176k/65520k , CORE 0k/infinity , NPROC 2666/4000 , NOFILE 10240/infinity , AS infinity/infinity , CPU infinity/infinity , DATA infinity/infinity , FSIZE infinity/infinity , MEMLOCK infinity/infinity , RSS infinity/infinity
load average: 3.81 3.55 4.48

CPU: total 10 (initial active 10) 0x61:0x0:0x1b588bb3:0, fp, simd, aes, pmull, crc, lse

Memory: 16k page, physical 16777216k(70208k free), swap 4194304k(1424960k free)

vm_info: Java HotSpot(TM) 64-Bit Server VM (18+36-2087) for bsd-aarch64 JRE (18+36-2087), built on Feb 15 2022 09:39:20 by "mach5one" with clang Apple LLVM 12.0.0 (clang-1200.0.32.29)

END.
